nsamples=1000, beta=0.50, nx=32, ny=32
<metropolis_sampling_metadata
equilibration_steps=10240000
nsamples=1000
metropolis_sampling_metadata>
<metropolis_sampling
1 -0.504 0.045 116 116
2 -0.493 0.047 119 119
3 -0.520 0.022 116 116
4 -0.524 0.019 111 111
5 -0.539 0.027 105 105
6 -0.538 0.037 106 106
7 -0.488 0.024 114 114
8 -0.504 0.044 115 115
9 -0.524 0.014 108 108
10 -0.522 0.012 117 117
11 -0.518 0.019 114 114
12 -0.464 0.039 109 109
13 -0.491 0.029 107 107
14 -0.523 0.038 114 114
15 -0.510 0.051 106 106
16 -0.541 0.065 111 111
17 -0.522 0.039 109 109
18 -0.513 0.026 107 107
19 -0.521 0.010 106 106
20 -0.522 0.011 112 112
21 -0.491 0.026 107 107
22 -0.494 0.031 108 108
23 -0.483 0.009 119 119
24 -0.478 0.033 122 122
25 -0.485 0.024 124 124
26 -0.467 0.035 125 125
27 -0.484 0.022 109 109
28 -0.455 0.027 107 107
29 -0.471 0.023 118 118
30 -0.490 0.023 111 111
31 -0.511 0.013 108 108
32 -0.511 0.018 110 110
33 -0.479 0.028 105 105
34 -0.449 0.023 108 108
35 -0.461 0.027 116 116
36 -0.471 0.021 96 96
37 -0.478 0.033 105 105
38 -0.462 0.044 118 118
39 -0.488 0.030 111 111
40 -0.535 0.037 109 109
41 -0.553 0.057 114 114
42 -0.554 0.043 104 104
43 -0.540 0.038 94 94
44 -0.540 0.020 89 89
45 -0.544 0.030 99 99
46 -0.540 0.029 97 97
47 -0.556 0.023 98 98
48 -0.537 0.033 98 98
49 -0.538 0.023 111 111
50 -0.519 0.019 118 118
51 -0.504 0.024 99 99
52 -0.483 0.050 109 109
53 -0.477 0.069 116 116
54 -0.499 0.076 104 104
55 -0.499 0.077 113 113
56 -0.490 0.079 120 120
57 -0.545 0.056 106 106
58 -0.527 0.050 106 106
59 -0.530 0.067 99 99
60 -0.539 0.072 101 101
61 -0.573 0.076 97 97
62 -0.547 0.090 103 103
63 -0.561 0.084 109 109
64 -0.586 0.070 109 109
65 -0.530 0.053 105 105
66 -0.492 0.035 102 102
67 -0.521 0.041 111 111
68 -0.491 0.061 113 113
69 -0.532 0.066 115 115
70 -0.533 0.071 101 101
71 -0.513 0.076 106 106
72 -0.532 0.068 107 107
73 -0.489 0.064 108 108
74 -0.516 0.056 104 104
75 -0.540 0.067 102 102
76 -0.510 0.059 102 102
77 -0.540 0.059 104 104
78 -0.517 0.053 107 107
79 -0.525 0.056 102 102
80 -0.508 0.074 102 102
81 -0.559 0.095 97 97
82 -0.543 0.117 100 100
83 -0.535 0.121 106 106
84 -0.553 0.127 90 90
85 -0.552 0.132 99 99
86 -0.560 0.120 101 101
87 -0.571 0.107 90 90
88 -0.626 0.125 86 86
89 -0.631 0.112 86 86
90 -0.592 0.103 88 88
91 -0.592 0.100 97 97
92 -0.619 0.121 88 88
93 -0.600 0.112 95 95
94 -0.592 0.100 95 95
95 -0.584 0.102 98 98
96 -0.592 0.094 97 97
97 -0.573 0.080 94 94
98 -0.583 0.085 90 90
99 -0.575 0.076 93 93
100 -0.574 0.090 97 97
101 -0.576 0.085 92 92
102 -0.576 0.087 101 101
103 -0.611 0.095 98 98
104 -0.609 0.069 94 94
105 -0.612 0.082 94 94
106 -0.614 0.090 101 101
107 -0.622 0.069 92 92
108 -0.621 0.054 98 98
109 -0.625 0.061 97 97
110 -0.618 0.079 90 90
111 -0.610 0.092 83 83
112 -0.602 0.087 97 97
113 -0.601 0.090 98 98
114 -0.581 0.087 93 93
115 -0.615 0.091 96 96
116 -0.592 0.086 82 82
117 -0.603 0.099 99 99
118 -0.619 0.105 91 91
119 -0.629 0.090 102 102
120 -0.604 0.062 99 99
121 -0.607 0.055 93 93
122 -0.580 0.053 100 100
123 -0.582 0.069 107 107
124 -0.579 0.050 103 103
125 -0.587 0.036 96 96
126 -0.601 0.036 95 95
127 -0.562 0.028 103 103
128 -0.591 0.022 94 94
129 -0.580 0.035 94 94
130 -0.539 0.053 112 112
131 -0.560 0.038 104 104
132 -0.526 0.043 101 101
133 -0.524 0.021 105 105
134 -0.543 0.038 99 99
135 -0.558 0.035 101 101
136 -0.554 0.030 96 96
137 -0.572 0.028 97 97
138 -0.577 0.051 97 97
139 -0.571 0.065 98 98
140 -0.572 0.068 112 112
141 -0.532 0.076 103 103
142 -0.550 0.076 98 98
143 -0.521 0.080 103 103
144 -0.515 0.083 104 104
145 -0.505 0.064 99 99
146 -0.506 0.048 106 106
147 -0.505 0.047 106 106
148 -0.521 0.050 110 110
149 -0.540 0.059 107 107
150 -0.570 0.058 102 102
151 -0.565 0.065 104 104
152 -0.572 0.080 94 94
153 -0.579 0.071 92 92
154 -0.564 0.059 101 101
155 -0.559 0.050 91 91
156 -0.554 0.045 107 107
157 -0.564 0.045 94 94
158 -0.568 0.068 100 100
159 -0.583 0.063 102 102
160 -0.560 0.064 100 100
161 -0.563 0.052 90 90
162 -0.555 0.041 95 95
163 -0.579 0.051 95 95
164 -0.553 0.051 97 97
165 -0.536 0.043 97 97
166 -0.556 0.054 95 95
167 -0.554 0.065 93 93
168 -0.614 0.073 88 88
169 -0.551 0.069 101 101
170 -0.537 0.057 95 95
171 -0.532 0.061 110 110
172 -0.527 0.062 98 98
173 -0.543 0.055 105 105
174 -0.563 0.038 97 97
175 -0.591 0.043 101 101
176 -0.590 0.055 101 101
177 -0.578 0.052 98 98
178 -0.578 0.048 98 98
179 -0.574 0.054 97 97
180 -0.584 0.085 95 95
181 -0.578 0.082 85 85
182 -0.575 0.074 85 85
183 -0.602 0.064 89 89
184 -0.634 0.062 90 90
185 -0.601 0.062 90 90
186 -0.596 0.072 92 92
187 -0.572 0.074 92 92
188 -0.577 0.061 93 93
189 -0.602 0.071 92 92
190 -0.594 0.074 87 87
191 -0.616 0.076 90 90
192 -0.573 0.093 90 90
193 -0.579 0.098 107 107
194 -0.564 0.116 94 94
195 -0.526 0.104 101 101
196 -0.508 0.092 101 101
197 -0.523 0.092 101 101
198 -0.541 0.094 102 102
199 -0.539 0.070 100 100
200 -0.545 0.068 103 103
201 -0.549 0.097 102 102
202 -0.555 0.072 94 94
203 -0.576 0.072 93 93
204 -0.570 0.063 92 92
205 -0.566 0.071 96 96
206 -0.574 0.095 90 90
207 -0.559 0.090 97 97
208 -0.553 0.083 97 97
209 -0.546 0.076 95 95
210 -0.546 0.090 97 97
211 -0.545 0.090 102 102
212 -0.512 0.084 105 105
213 -0.480 0.081 106 106
214 -0.471 0.083 119 119
215 -0.495 0.076 111 111
216 -0.513 0.099 101 101
217 -0.519 0.081 101 101
218 -0.521 0.092 106 106
219 -0.506 0.118 104 104
220 -0.524 0.099 100 100
221 -0.548 0.081 94 94
222 -0.532 0.066 114 114
223 -0.503 0.057 106 106
224 -0.500 0.072 104 104
225 -0.522 0.092 116 116
226 -0.558 0.089 99 99
227 -0.553 0.088 103 103
228 -0.551 0.090 96 96
229 -0.569 0.068 93 93
230 -0.576 0.066 105 105
231 -0.585 0.061 99 99
232 -0.543 0.074 103 103
233 -0.596 0.091 95 95
234 -0.530 0.076 106 106
235 -0.552 0.060 96 96
236 -0.542 0.076 109 109
237 -0.574 0.058 97 97
238 -0.541 0.070 97 97
239 -0.556 0.096 95 95
240 -0.554 0.101 108 108
241 -0.540 0.102 105 105
242 -0.537 0.105 103 103
243 -0.540 0.105 95 95
244 -0.508 0.102 97 97
245 -0.518 0.089 116 116
246 -0.512 0.088 113 113
247 -0.495 0.089 110 110
248 -0.495 0.103 110 110
249 -0.468 0.109 112 112
250 -0.468 0.083 115 115
251 -0.482 0.074 113 113
252 -0.463 0.066 111 111
253 -0.496 0.060 109 109
254 -0.493 0.065 108 108
255 -0.523 0.068 106 106
256 -0.530 0.073 100 100
257 -0.547 0.070 101 101
258 -0.528 0.078 106 106
259 -0.509 0.071 114 114
260 -0.549 0.083 99 99
261 -0.540 0.080 104 104
262 -0.553 0.045 100 100
263 -0.537 0.051 109 109
264 -0.532 0.068 110 110
265 -0.499 0.049 113 113
266 -0.553 0.043 102 102
267 -0.545 0.065 105 105
268 -0.518 0.065 104 104
269 -0.535 0.079 105 105
270 -0.541 0.078 107 107
271 -0.528 0.090 104 104
272 -0.531 0.062 102 102
273 -0.551 0.053 99 99
274 -0.542 0.039 108 108
275 -0.544 0.048 111 111
276 -0.555 0.083 100 100
277 -0.559 0.064 98 98
278 -0.571 0.064 96 96
279 -0.593 0.043 92 92
280 -0.607 0.042 103 103
281 -0.590 0.031 90 90
282 -0.588 0.035 88 88
283 -0.587 0.054 95 95
284 -0.595 0.046 88 88
285 -0.620 0.048 95 95
286 -0.633 0.051 84 84
287 -0.636 0.053 82 82
288 -0.658 0.035 87 87
289 -0.630 0.040 98 98
290 -0.615 0.045 91 91
291 -0.585 0.047 97 97
292 -0.545 0.060 98 98
293 -0.578 0.067 91 91
294 -0.586 0.065 86 86
295 -0.595 0.068 90 90
296 -0.561 0.047 97 97
297 -0.556 0.056 100 100
298 -0.556 0.077 104 104
299 -0.547 0.077 97 97
300 -0.513 0.063 106 106
301 -0.472 0.058 107 107
302 -0.506 0.060 104 104
303 -0.499 0.050 111 111
304 -0.506 0.031 97 97
305 -0.526 0.018 101 101
306 -0.511 0.005 104 104
307 -0.527 0.011 109 109
308 -0.534 0.017 114 114
309 -0.515 0.027 119 119
310 -0.496 0.036 114 114
311 -0.528 0.035 96 96
312 -0.543 0.046 97 97
313 -0.519 0.051 105 105
314 -0.495 0.033 106 106
315 -0.483 0.049 118 118
316 -0.487 0.038 112 112
317 -0.524 0.048 102 102
318 -0.498 0.054 102 102
319 -0.531 0.054 94 94
320 -0.552 0.048 96 96
321 -0.567 0.043 88 88
322 -0.561 0.042 101 101
323 -0.552 0.042 105 105
324 -0.548 0.045 104 104
325 -0.534 0.059 106 106
326 -0.588 0.062 93 93
327 -0.553 0.066 94 94
328 -0.551 0.066 98 98
329 -0.552 0.053 97 97
330 -0.550 0.025 93 93
331 -0.553 0.042 95 95
332 -0.524 0.027 102 102
333 -0.562 0.027 106 106
334 -0.541 0.046 100 100
335 -0.517 0.057 101 101
336 -0.495 0.052 102 102
337 -0.490 0.043 101 101
338 -0.486 0.046 106 106
339 -0.512 0.040 104 104
340 -0.527 0.019 113 113
341 -0.507 0.020 112 112
342 -0.484 0.037 116 116
343 -0.508 0.027 105 105
344 -0.472 0.019 107 107
345 -0.524 0.033 95 95
346 -0.529 0.015 107 107
347 -0.530 0.006 101 101
348 -0.563 0.020 100 100
349 -0.565 0.022 104 104
350 -0.569 0.014 98 98
351 -0.553 0.023 99 99
352 -0.550 0.026 102 102
353 -0.553 0.031 95 95
354 -0.577 0.037 90 90
355 -0.580 0.036 104 104
356 -0.577 0.044 103 103
357 -0.600 0.056 98 98
358 -0.598 0.056 93 93
359 -0.566 0.065 90 90
360 -0.573 0.040 94 94
361 -0.587 0.024 94 94
362 -0.564 0.042 97 97
363 -0.555 0.061 103 103
364 -0.561 0.067 112 112
365 -0.571 0.074 113 113
366 -0.578 0.073 103 103
367 -0.576 0.098 101 101
368 -0.578 0.084 100 100
369 -0.550 0.055 98 98
370 -0.592 0.069 107 107
371 -0.615 0.080 101 101
372 -0.614 0.067 99 99
373 -0.604 0.059 96 96
374 -0.574 0.073 99 99
375 -0.562 0.075 85 85
376 -0.575 0.066 90 90
377 -0.580 0.082 104 104
378 -0.564 0.106 90 90
379 -0.551 0.111 110 110
380 -0.555 0.101 101 101
381 -0.553 0.108 101 101
382 -0.577 0.125 88 88
383 -0.613 0.128 83 83
384 -0.595 0.134 92 92
385 -0.583 0.119 90 90
386 -0.603 0.126 87 87
387 -0.575 0.121 99 99
388 -0.610 0.104 86 86
389 -0.634 0.101 88 88
390 -0.619 0.098 92 92
391 -0.603 0.090 104 104
392 -0.584 0.103 100 100
393 -0.578 0.091 100 100
394 -0.586 0.101 93 93
395 -0.567 0.108 100 100
396 -0.534 0.104 92 92
397 -0.517 0.094 103 103
398 -0.541 0.081 109 109
399 -0.524 0.094 102 102
400 -0.546 0.100 95 95
401 -0.584 0.079 100 100
402 -0.572 0.076 91 91
403 -0.575 0.066 103 103
404 -0.571 0.064 105 105
405 -0.562 0.055 106 106
406 -0.574 0.065 105 105
407 -0.558 0.070 103 103
408 -0.576 0.078 92 92
409 -0.548 0.064 101 101
410 -0.519 0.070 99 99
411 -0.495 0.068 109 109
412 -0.469 0.050 113 113
413 -0.472 0.047 120 120
414 -0.489 0.044 112 112
415 -0.530 0.029 104 104
416 -0.518 0.014 111 111
417 -0.514 0.023 109 109
418 -0.514 0.018 111 111
419 -0.515 0.004 111 111
420 -0.533 0.011 101 101
421 -0.528 0.015 98 98
422 -0.532 0.027 103 103
423 -0.526 0.033 103 103
424 -0.485 0.054 112 112
425 -0.468 0.055 116 116
426 -0.519 0.060 105 105
427 -0.537 0.052 100 100
428 -0.532 0.044 105 105
429 -0.553 0.054 105 105
430 -0.528 0.033 102 102
431 -0.518 0.015 109 109
432 -0.535 0.018 101 101
433 -0.563 0.035 106 106
434 -0.551 0.038 99 99
435 -0.540 0.045 101 101
436 -0.546 0.028 98 98
437 -0.554 0.042 98 98
438 -0.549 0.034 89 89
439 -0.545 0.059 95 95
440 -0.554 0.056 97 97
441 -0.532 0.052 104 104
442 -0.538 0.076 99 99
443 -0.537 0.073 103 103
444 -0.541 0.062 101 101
445 -0.561 0.063 96 96
446 -0.552 0.066 104 104
447 -0.530 0.064 99 99
448 -0.571 0.073 96 96
449 -0.560 0.073 102 102
450 -0.608 0.077 91 91
451 -0.617 0.044 91 91
452 -0.619 0.049 90 90
453 -0.617 0.055 87 87
454 -0.595 0.040 89 89
455 -0.599 0.040 97 97
456 -0.614 0.058 90 90
457 -0.641 0.080 91 91
458 -0.629 0.073 92 92
459 -0.619 0.071 96 96
460 -0.646 0.074 87 87
461 -0.619 0.066 91 91
462 -0.588 0.057 94 94
463 -0.610 0.060 109 109
464 -0.587 0.060 92 92
465 -0.573 0.068 94 94
466 -0.571 0.064 99 99
467 -0.566 0.087 89 89
468 -0.591 0.076 94 94
469 -0.600 0.091 95 95
470 -0.571 0.085 101 101
471 -0.572 0.096 93 93
472 -0.581 0.117 92 92
473 -0.588 0.102 99 99
474 -0.563 0.096 97 97
475 -0.605 0.091 95 95
476 -0.593 0.099 90 90
477 -0.562 0.080 103 103
478 -0.535 0.085 106 106
479 -0.530 0.088 108 108
480 -0.513 0.079 114 114
481 -0.518 0.087 112 112
482 -0.531 0.094 111 111
483 -0.532 0.077 112 112
484 -0.515 0.090 107 107
485 -0.523 0.104 101 101
486 -0.551 0.090 97 97
487 -0.547 0.076 102 102
488 -0.540 0.088 104 104
489 -0.543 0.072 103 103
490 -0.531 0.088 108 108
491 -0.558 0.096 102 102
492 -0.534 0.094 111 111
493 -0.570 0.082 107 107
494 -0.591 0.090 95 95
495 -0.558 0.068 103 103
496 -0.541 0.051 101 101
497 -0.536 0.055 111 111
498 -0.555 0.066 108 108
499 -0.545 0.070 101 101
500 -0.528 0.082 110 110
501 -0.554 0.075 104 104
502 -0.590 0.071 98 98
503 -0.601 0.060 95 95
504 -0.565 0.055 97 97
505 -0.573 0.052 110 110
506 -0.544 0.041 106 106
507 -0.543 0.037 107 107
508 -0.516 0.027 104 104
509 -0.564 0.021 97 97
510 -0.546 0.024 96 96
511 -0.553 0.006 108 108
512 -0.555 0.015 109 109
513 -0.568 0.019 104 104
514 -0.554 0.026 112 112
515 -0.564 0.029 102 102
516 -0.539 0.018 105 105
517 -0.522 0.037 114 114
518 -0.552 0.043 106 106
519 -0.536 0.052 103 103
520 -0.533 0.071 105 105
521 -0.523 0.061 105 105
522 -0.498 0.048 107 107
523 -0.487 0.051 109 109
524 -0.537 0.074 100 100
525 -0.520 0.061 100 100
526 -0.541 0.082 104 104
527 -0.545 0.094 103 103
528 -0.534 0.110 117 117
529 -0.538 0.102 110 110
530 -0.570 0.107 106 106
531 -0.561 0.091 96 96
532 -0.537 0.107 97 97
533 -0.548 0.135 100 100
534 -0.544 0.115 101 101
535 -0.533 0.116 94 94
536 -0.583 0.109 94 94
537 -0.561 0.094 94 94
538 -0.554 0.073 91 91
539 -0.502 0.083 102 102
540 -0.531 0.094 106 106
541 -0.544 0.085 107 107
542 -0.550 0.099 103 103
543 -0.535 0.089 99 99
544 -0.527 0.100 102 102
545 -0.496 0.078 105 105
546 -0.528 0.071 107 107
547 -0.563 0.043 102 102
548 -0.573 0.049 87 87
549 -0.574 0.048 89 89
550 -0.546 0.029 98 98
551 -0.572 0.023 103 103
552 -0.566 0.031 97 97
553 -0.599 0.036 97 97
554 -0.593 0.025 97 97
555 -0.595 0.009 96 96
556 -0.583 0.022 98 98
557 -0.603 0.010 103 103
558 -0.579 0.003 107 107
559 -0.557 0.018 98 98
560 -0.546 0.014 111 111
561 -0.545 0.015 103 103
562 -0.544 0.008 107 107
563 -0.572 0.016 98 98
564 -0.523 0.016 101 101
565 -0.543 0.033 101 101
566 -0.522 0.028 109 109
567 -0.498 0.020 99 99
568 -0.516 0.033 102 102
569 -0.575 0.048 95 95
570 -0.589 0.069 92 92
571 -0.591 0.057 108 108
572 -0.595 0.036 98 98
573 -0.576 0.032 89 89
574 -0.580 0.033 98 98
575 -0.595 0.030 90 90
576 -0.609 0.015 90 90
577 -0.612 0.022 91 91
578 -0.619 0.021 90 90
579 -0.583 0.036 94 94
580 -0.570 0.019 104 104
581 -0.563 0.019 104 104
582 -0.586 0.001 95 95
583 -0.598 0.009 98 98
584 -0.572 0.023 100 100
585 -0.581 0.040 102 102
586 -0.590 0.040 101 101
587 -0.593 0.035 94 94
588 -0.578 0.047 98 98
589 -0.536 0.044 95 95
590 -0.559 0.050 96 96
591 -0.559 0.053 95 95
592 -0.536 0.048 103 103
593 -0.532 0.055 98 98
594 -0.541 0.046 97 97
595 -0.557 0.046 100 100
596 -0.525 0.055 106 106
597 -0.522 0.050 100 100
598 -0.570 0.053 98 98
599 -0.553 0.054 105 105
600 -0.556 0.054 98 98
601 -0.559 0.054 94 94
602 -0.572 0.057 88 88
603 -0.592 0.044 87 87
604 -0.569 0.053 101 101
605 -0.559 0.055 106 106
606 -0.575 0.023 102 102
607 -0.581 0.032 103 103
608 -0.587 0.038 100 100
609 -0.590 0.039 99 99
610 -0.554 0.030 103 103
611 -0.547 0.033 94 94
612 -0.547 0.044 108 108
613 -0.575 0.043 100 100
614 -0.567 0.050 94 94
615 -0.568 0.044 101 101
616 -0.565 0.063 100 100
617 -0.589 0.071 90 90
618 -0.585 0.077 96 96
619 -0.605 0.077 99 99
620 -0.611 0.075 97 97
621 -0.618 0.081 95 95
622 -0.587 0.062 95 95
623 -0.564 0.056 91 91
624 -0.587 0.061 86 86
625 -0.607 0.051 83 83
626 -0.636 0.046 88 88
627 -0.626 0.041 90 90
628 -0.591 0.040 86 86
629 -0.561 0.049 92 92
630 -0.559 0.048 89 89
631 -0.552 0.050 95 95
632 -0.567 0.051 93 93
633 -0.532 0.038 101 101
634 -0.547 0.039 99 99
635 -0.570 0.055 95 95
636 -0.591 0.050 97 97
637 -0.564 0.034 100 100
638 -0.572 0.039 103 103
639 -0.555 0.042 108 108
640 -0.571 0.039 97 97
641 -0.586 0.050 101 101
642 -0.554 0.052 96 96
643 -0.545 0.052 101 101
644 -0.548 0.058 105 105
645 -0.545 0.062 99 99
646 -0.566 0.057 103 103
647 -0.603 0.059 98 98
648 -0.596 0.045 87 87
649 -0.553 0.038 93 93
650 -0.553 0.045 91 91
651 -0.575 0.036 100 100
652 -0.566 0.027 101 101
653 -0.578 0.018 95 95
654 -0.586 0.013 103 103
655 -0.581 0.022 91 91
656 -0.536 0.013 94 94
657 -0.535 0.009 100 100
658 -0.564 0.013 99 99
659 -0.524 0.029 104 104
660 -0.564 0.034 98 98
661 -0.579 0.037 102 102
662 -0.532 0.042 108 108
663 -0.523 0.053 101 101
664 -0.558 0.055 93 93
665 -0.560 0.067 91 91
666 -0.600 0.059 94 94
667 -0.523 0.057 97 97
668 -0.543 0.070 95 95
669 -0.546 0.065 104 104
670 -0.565 0.049 93 93
671 -0.567 0.067 97 97
672 -0.556 0.081 86 86
673 -0.554 0.063 90 90
674 -0.554 0.063 94 94
675 -0.554 0.077 98 98
676 -0.572 0.073 94 94
677 -0.541 0.080 99 99
678 -0.563 0.079 93 93
679 -0.584 0.090 93 93
680 -0.590 0.088 91 91
681 -0.567 0.088 98 98
682 -0.560 0.086 100 100
683 -0.539 0.075 106 106
684 -0.574 0.076 99 99
685 -0.563 0.088 103 103
686 -0.543 0.099 98 98
687 -0.537 0.069 113 113
688 -0.538 0.066 106 106
689 -0.576 0.087 107 107
690 -0.542 0.078 108 108
691 -0.486 0.078 110 110
692 -0.512 0.089 117 117
693 -0.529 0.100 109 109
694 -0.508 0.078 112 112
695 -0.536 0.073 109 109
696 -0.539 0.063 102 102
697 -0.564 0.047 110 110
698 -0.578 0.055 100 100
699 -0.572 0.053 103 103
700 -0.520 0.036 102 102
701 -0.491 0.043 109 109
702 -0.487 0.037 108 108
703 -0.498 0.021 113 113
704 -0.461 0.018 114 114
705 -0.491 0.030 105 105
706 -0.488 0.032 105 105
707 -0.509 0.043 107 107
708 -0.536 0.067 95 95
709 -0.581 0.076 87 87
710 -0.582 0.072 88 88
711 -0.577 0.072 92 92
712 -0.544 0.067 91 91
713 -0.519 0.071 97 97
714 -0.560 0.084 90 90
715 -0.573 0.072 91 91
716 -0.572 0.049 94 94
717 -0.535 0.066 96 96
718 -0.564 0.084 100 100
719 -0.537 0.081 100 100
720 -0.558 0.081 99 99
721 -0.533 0.074 101 101
722 -0.576 0.071 98 98
723 -0.552 0.072 92 92
724 -0.575 0.067 96 96
725 -0.567 0.068 93 93
726 -0.525 0.068 105 105
727 -0.532 0.063 106 106
728 -0.538 0.058 110 110
729 -0.525 0.065 106 106
730 -0.542 0.049 107 107
731 -0.529 0.060 115 115
732 -0.527 0.058 107 107
733 -0.516 0.049 121 121
734 -0.505 0.039 117 117
735 -0.484 0.030 115 115
736 -0.523 0.039 107 107
737 -0.531 0.042 99 99
738 -0.554 0.033 104 104
739 -0.540 0.046 104 104
740 -0.532 0.057 101 101
741 -0.548 0.083 103 103
742 -0.565 0.088 89 89
743 -0.589 0.092 94 94
744 -0.572 0.079 94 94
745 -0.554 0.076 102 102
746 -0.545 0.076 89 89
747 -0.576 0.074 96 96
748 -0.601 0.084 86 86
749 -0.586 0.105 93 93
750 -0.585 0.112 95 95
751 -0.556 0.087 90 90
752 -0.577 0.100 90 90
753 -0.561 0.096 99 99
754 -0.544 0.087 98 98
755 -0.555 0.090 98 98
756 -0.535 0.080 95 95
757 -0.512 0.064 110 110
758 -0.562 0.057 109 109
759 -0.546 0.065 95 95
760 -0.550 0.073 96 96
761 -0.549 0.051 100 100
762 -0.549 0.044 110 110
763 -0.521 0.036 103 103
764 -0.513 0.046 107 107
765 -0.542 0.058 94 94
766 -0.544 0.079 110 110
767 -0.574 0.086 108 108
768 -0.508 0.079 108 108
769 -0.530 0.074 114 114
770 -0.543 0.071 118 118
771 -0.588 0.082 97 97
772 -0.591 0.085 96 96
773 -0.615 0.092 101 101
774 -0.586 0.110 104 104
775 -0.567 0.094 96 96
776 -0.547 0.081 102 102
777 -0.547 0.082 94 94
778 -0.537 0.071 97 97
779 -0.583 0.048 100 100
780 -0.593 0.049 98 98
781 -0.602 0.051 92 92
782 -0.580 0.048 92 92
783 -0.606 0.071 97 97
784 -0.588 0.074 90 90
785 -0.562 0.076 90 90
786 -0.586 0.082 100 100
787 -0.597 0.092 87 87
788 -0.607 0.098 82 82
789 -0.590 0.086 93 93
790 -0.581 0.088 94 94
791 -0.610 0.082 95 95
792 -0.564 0.096 100 100
793 -0.574 0.113 96 96
794 -0.564 0.100 100 100
795 -0.532 0.093 104 104
796 -0.538 0.101 106 106
797 -0.526 0.115 101 101
798 -0.579 0.121 97 97
799 -0.576 0.127 94 94
800 -0.571 0.104 94 94
801 -0.574 0.111 96 96
802 -0.596 0.100 96 96
803 -0.556 0.075 101 101
804 -0.571 0.071 102 102
805 -0.588 0.056 106 106
806 -0.595 0.064 100 100
807 -0.600 0.103 93 93
808 -0.587 0.095 87 87
809 -0.561 0.099 94 94
810 -0.568 0.095 101 101
811 -0.583 0.089 90 90
812 -0.611 0.089 89 89
813 -0.626 0.081 87 87
814 -0.588 0.081 91 91
815 -0.595 0.089 90 90
816 -0.585 0.082 92 92
817 -0.543 0.058 94 94
818 -0.577 0.031 94 94
819 -0.534 0.031 104 104
820 -0.502 0.045 111 111
821 -0.551 0.035 100 100
822 -0.512 0.035 107 107
823 -0.529 0.052 108 108
824 -0.515 0.038 113 113
825 -0.523 0.032 99 99
826 -0.514 0.039 100 100
827 -0.523 0.033 106 106
828 -0.546 0.035 93 93
829 -0.504 0.027 98 98
830 -0.506 0.024 119 119
831 -0.542 0.044 105 105
832 -0.529 0.031 107 107
833 -0.514 0.046 109 109
834 -0.497 0.041 113 113
835 -0.482 0.029 117 117
836 -0.468 0.038 118 118
837 -0.488 0.040 110 110
838 -0.515 0.022 106 106
839 -0.523 0.015 102 102
840 -0.555 0.018 115 115
841 -0.570 0.029 96 96
842 -0.553 0.041 98 98
843 -0.530 0.056 110 110
844 -0.520 0.064 104 104
845 -0.521 0.072 105 105
846 -0.559 0.077 102 102
847 -0.573 0.067 101 101
848 -0.572 0.092 99 99
849 -0.587 0.088 99 99
850 -0.588 0.098 98 98
851 -0.599 0.100 98 98
852 -0.548 0.110 105 105
853 -0.519 0.111 99 99
854 -0.538 0.107 99 99
855 -0.542 0.107 109 109
856 -0.569 0.135 93 93
857 -0.581 0.126 91 91
858 -0.549 0.136 93 93
859 -0.507 0.119 104 104
860 -0.522 0.097 99 99
861 -0.533 0.091 105 105
862 -0.566 0.123 95 95
863 -0.563 0.136 101 101
864 -0.560 0.127 98 98
865 -0.563 0.114 96 96
866 -0.550 0.106 97 97
867 -0.540 0.106 95 95
868 -0.559 0.110 87 87
869 -0.599 0.111 91 91
870 -0.584 0.123 104 104
871 -0.613 0.110 95 95
872 -0.605 0.112 96 96
873 -0.608 0.104 95 95
874 -0.590 0.087 95 95
875 -0.585 0.057 95 95
876 -0.596 0.050 93 93
877 -0.563 0.028 90 90
878 -0.569 0.018 98 98
879 -0.588 0.014 88 88
880 -0.584 0.033 94 94
881 -0.562 0.032 102 102
882 -0.552 0.032 103 103
883 -0.557 0.024 99 99
884 -0.557 0.033 92 92
885 -0.556 0.040 101 101
886 -0.564 0.037 106 106
887 -0.576 0.040 100 100
888 -0.571 0.062 89 89
889 -0.596 0.055 87 87
890 -0.595 0.040 91 91
891 -0.588 0.052 90 90
892 -0.580 0.044 101 101
893 -0.591 0.060 98 98
894 -0.568 0.065 100 100
895 -0.521 0.049 98 98
896 -0.534 0.034 110 110
897 -0.539 0.039 104 104
898 -0.542 0.045 105 105
899 -0.485 0.053 97 97
900 -0.495 0.054 102 102
901 -0.475 0.047 103 103
902 -0.468 0.048 112 112
903 -0.487 0.057 105 105
904 -0.473 0.041 106 106
905 -0.485 0.051 110 110
906 -0.501 0.055 106 106
907 -0.505 0.039 108 108
908 -0.510 0.032 102 102
909 -0.551 0.044 97 97
910 -0.534 0.072 88 88
911 -0.557 0.101 99 99
912 -0.567 0.105 96 96
913 -0.549 0.095 99 99
914 -0.597 0.112 94 94
915 -0.629 0.097 98 98
916 -0.602 0.074 93 93
917 -0.581 0.058 108 108
918 -0.573 0.047 107 107
919 -0.558 0.067 104 104
920 -0.545 0.066 108 108
921 -0.512 0.066 110 110
922 -0.528 0.096 103 103
923 -0.516 0.095 109 109
924 -0.552 0.095 104 104
925 -0.600 0.097 91 91
926 -0.581 0.075 94 94
927 -0.583 0.065 92 92
928 -0.598 0.063 89 89
929 -0.572 0.053 94 94
930 -0.583 0.058 99 99
931 -0.520 0.057 104 104
932 -0.520 0.066 102 102
933 -0.537 0.067 109 109
934 -0.524 0.064 106 106
935 -0.522 0.078 103 103
936 -0.541 0.094 104 104
937 -0.562 0.071 105 105
938 -0.561 0.065 110 110
939 -0.550 0.082 103 103
940 -0.551 0.074 110 110
941 -0.550 0.060 109 109
942 -0.529 0.063 105 105
943 -0.523 0.059 113 113
944 -0.556 0.062 110 110
945 -0.507 0.062 107 107
946 -0.492 0.058 105 105
947 -0.500 0.062 104 104
948 -0.496 0.071 99 99
949 -0.532 0.059 109 109
950 -0.544 0.048 108 108
951 -0.533 0.056 107 107
952 -0.555 0.047 102 102
953 -0.576 0.057 106 106
954 -0.558 0.049 99 99
955 -0.551 0.045 99 99
956 -0.541 0.028 109 109
957 -0.546 0.043 105 105
958 -0.592 0.058 101 101
959 -0.596 0.072 90 90
960 -0.607 0.073 97 97
961 -0.624 0.068 95 95
962 -0.614 0.083 87 87
963 -0.601 0.077 81 81
964 -0.585 0.076 93 93
965 -0.569 0.063 102 102
966 -0.588 0.054 103 103
967 -0.576 0.064 104 104
968 -0.557 0.051 104 104
969 -0.542 0.072 96 96
970 -0.546 0.081 99 99
971 -0.511 0.070 105 105
972 -0.538 0.077 106 106
973 -0.528 0.054 102 102
974 -0.552 0.054 103 103
975 -0.587 0.055 101 101
976 -0.583 0.057 105 105
977 -0.529 0.064 108 108
978 -0.552 0.058 95 95
979 -0.600 0.054 97 97
980 -0.611 0.048 88 88
981 -0.567 0.040 99 99
982 -0.564 0.045 100 100
983 -0.571 0.055 92 92
984 -0.561 0.058 97 97
985 -0.577 0.077 95 95
986 -0.569 0.090 103 103
987 -0.574 0.077 103 103
988 -0.564 0.080 107 107
989 -0.537 0.076 108 108
990 -0.565 0.108 97 97
991 -0.527 0.099 109 109
992 -0.536 0.079 101 101
993 -0.551 0.071 99 99
994 -0.553 0.068 106 106
995 -0.536 0.069 108 108
996 -0.531 0.087 103 103
997 -0.509 0.082 112 112
998 -0.492 0.078 112 112
999 -0.501 0.073 100 100
1000 -0.484 0.073 96 96
metropolis_sampling>

<final_statistics_metadata
energy=-0.552498
magnetization=0.062296
vortex_positive=100.578
vortex_negative=100.578
final_statistics_metadata>

<final_field_values
0.597 0.477 0.802 0.759 0.594 0.332 0.150 0.244 0.129 0.861 0.702 0.638 0.524 0.548 0.530 0.931 0.812 0.018 0.887 0.010 0.856 0.406 0.495 0.634 0.936 0.432 0.433 0.279 0.423 0.535 0.372 0.642 
0.560 0.871 0.552 0.491 0.442 0.366 0.490 0.214 0.780 0.763 0.035 0.718 0.024 0.192 0.722 0.995 0.998 0.092 0.742 0.678 0.173 0.244 0.724 0.656 0.790 0.649 0.546 0.525 0.603 0.560 0.593 0.609 
0.503 0.435 0.901 0.810 0.107 0.217 0.976 0.207 0.634 0.325 0.164 0.211 0.123 0.137 0.050 0.048 0.815 0.032 0.094 0.043 0.340 0.306 0.747 0.168 0.637 0.950 0.817 0.831 0.958 0.749 0.595 0.708 
0.677 0.423 0.458 0.508 0.731 0.485 0.556 0.162 0.068 0.494 0.560 0.594 0.092 0.905 0.874 0.594 0.685 0.070 0.435 0.779 0.134 0.073 0.750 0.308 0.081 0.452 0.669 0.800 0.648 0.515 0.719 0.246 
0.852 0.444 0.484 0.475 0.393 0.373 0.798 0.949 0.145 0.818 0.010 0.911 0.287 0.201 0.891 0.654 0.584 0.894 0.061 0.956 0.130 0.996 0.009 0.757 0.618 0.965 0.903 0.926 0.778 0.721 0.586 0.576 
0.595 0.776 0.810 0.905 0.852 0.725 0.779 0.045 0.992 0.925 0.131 0.275 0.205 0.680 0.563 0.418 0.470 0.038 0.974 0.009 0.968 0.290 0.380 0.123 0.425 0.042 0.973 0.076 0.788 0.767 0.863 0.576 
0.404 0.797 0.817 0.949 0.893 0.786 0.844 0.762 0.885 0.910 0.361 0.257 0.596 0.596 0.724 0.371 0.339 0.802 0.836 0.019 0.907 0.315 0.873 0.199 0.361 0.488 0.459 0.700 0.926 0.900 0.449 0.396 
0.564 0.778 0.809 0.724 0.821 0.629 0.728 0.854 0.948 0.819 0.951 0.009 0.089 0.221 0.606 0.247 0.992 0.981 0.936 0.056 0.795 0.319 0.579 0.163 0.032 0.278 0.614 0.871 0.158 0.271 0.423 0.341 
0.631 0.516 0.590 0.772 0.692 0.149 0.545 0.787 0.575 0.813 0.557 0.752 0.249 0.341 0.098 0.181 0.218 0.044 0.475 0.187 0.557 0.721 0.695 0.855 0.784 0.132 0.351 0.706 0.808 0.293 0.113 0.766 
0.674 0.047 0.551 0.439 0.267 0.117 0.503 0.037 0.814 0.056 0.541 0.920 0.258 0.275 0.940 0.699 0.609 0.890 0.113 0.449 0.843 0.823 0.769 0.606 0.357 0.567 0.403 0.926 0.861 0.744 0.846 0.579 
0.474 0.867 0.624 0.996 0.804 0.921 0.541 0.479 0.791 0.925 0.572 0.954 0.295 0.370 0.515 0.920 0.826 0.917 0.188 0.331 0.571 0.608 0.129 0.977 0.774 0.873 0.988 0.809 0.718 0.807 0.014 0.586 
0.654 0.329 0.759 0.093 0.723 0.551 0.561 0.655 0.438 0.881 0.197 0.991 0.493 0.785 0.710 0.761 0.773 0.137 0.419 0.780 0.477 0.693 0.272 0.935 0.743 0.793 0.401 0.845 0.637 0.876 1.000 0.816 
0.756 0.905 0.849 0.827 0.851 0.474 0.360 0.689 0.314 0.414 0.264 0.405 0.384 0.202 0.621 0.584 0.421 0.364 0.463 0.660 0.402 0.446 0.002 0.289 0.119 0.910 0.451 0.474 0.546 0.991 0.925 0.606 
0.740 0.919 0.644 0.626 0.837 0.876 0.455 0.312 0.155 0.278 0.501 0.666 0.533 0.683 0.705 0.486 0.342 0.293 0.554 0.184 0.901 0.861 0.719 0.774 0.072 0.873 0.430 0.520 0.542 0.521 0.295 0.548 
0.489 0.618 0.673 0.748 0.906 0.503 0.686 0.459 0.057 0.240 0.376 0.520 0.766 0.911 0.443 0.629 0.459 0.197 0.125 0.973 0.882 0.874 0.667 0.954 0.336 0.009 0.154 0.804 0.939 0.714 0.440 0.408 
0.466 0.664 0.800 0.930 0.586 0.503 0.995 0.618 0.643 0.749 0.510 0.310 0.462 0.167 0.228 0.922 0.233 0.319 0.272 0.109 0.612 0.386 0.511 0.349 0.398 0.048 0.187 0.743 0.820 0.643 0.722 0.746 
0.670 0.563 0.712 0.828 0.339 0.647 0.621 0.503 0.271 0.702 0.486 0.263 0.706 0.326 0.324 0.054 0.197 0.261 0.164 0.294 0.408 0.059 0.599 0.784 0.053 0.011 0.510 0.605 0.631 0.536 0.503 0.772 
0.593 0.915 0.952 0.844 0.029 0.750 0.716 0.753 0.006 0.033 0.092 0.199 0.910 0.376 0.373 0.208 0.904 0.484 0.173 0.145 0.616 0.341 0.685 0.646 0.039 0.568 0.405 0.501 0.654 0.424 0.442 0.428 
0.042 0.960 0.985 0.839 0.859 0.912 0.785 0.783 0.994 0.012 0.036 0.709 0.097 0.512 0.577 0.785 0.325 0.445 0.412 0.489 0.860 0.854 0.574 0.955 0.055 0.880 0.170 0.485 0.078 0.242 0.351 0.323 
0.185 0.328 0.966 0.758 0.635 0.218 0.182 0.080 0.236 0.119 0.830 0.413 0.302 0.700 0.456 0.394 0.547 0.374 0.584 0.591 0.663 0.702 0.194 0.120 0.838 0.246 0.517 0.621 0.344 0.201 0.364 0.063 
0.526 0.547 0.270 0.657 0.409 0.394 0.167 0.183 0.314 0.038 0.062 0.216 0.441 0.523 0.429 0.363 0.729 0.792 0.539 0.316 0.542 0.834 0.228 0.022 0.703 0.696 0.592 0.608 0.639 0.315 0.415 0.479 
0.099 0.414 0.562 0.557 0.460 0.893 0.630 0.271 0.506 0.116 0.094 0.119 0.272 0.465 0.302 0.812 0.915 0.865 0.459 0.433 0.951 0.166 0.166 0.606 0.860 0.925 0.791 0.680 0.624 0.656 0.146 0.527 
0.257 0.183 0.447 0.837 0.608 0.891 0.264 0.222 0.523 0.278 0.500 0.250 0.450 0.680 0.634 0.764 0.986 0.700 0.648 0.459 0.293 0.878 0.932 0.101 0.060 0.724 0.927 0.620 0.695 0.701 0.798 0.581 
0.297 0.227 0.422 0.634 0.886 0.935 0.171 0.004 0.513 0.372 0.552 0.240 0.479 0.559 0.064 0.654 0.574 0.292 0.951 0.713 0.029 0.616 0.974 0.945 0.884 0.613 0.943 0.697 0.513 0.138 0.413 0.517 
0.658 0.252 0.319 0.567 0.623 0.540 0.202 0.136 0.558 0.442 0.238 0.355 0.513 0.614 0.309 0.935 0.237 0.462 0.029 0.085 0.950 0.417 0.574 0.968 0.600 0.579 0.454 0.243 0.246 0.145 0.116 0.785 
0.255 0.038 0.398 0.715 0.871 0.396 0.059 0.332 0.402 0.639 0.374 0.527 0.801 0.251 0.111 0.345 0.364 0.400 0.092 1.000 0.768 0.627 0.566 0.553 0.988 0.483 0.692 0.568 0.490 0.259 0.742 0.663 
0.901 0.044 0.793 0.825 0.580 0.507 0.109 0.066 0.412 0.097 0.155 0.743 0.572 0.794 0.888 0.728 0.783 0.201 0.964 0.022 0.572 0.271 0.527 0.950 0.990 0.054 0.780 0.510 0.274 0.156 0.012 0.976 
0.416 0.491 0.776 0.789 0.561 0.686 0.032 0.105 0.290 0.168 0.798 0.542 0.253 0.216 0.903 0.597 0.720 0.283 0.833 0.066 0.718 0.235 0.785 0.611 0.635 0.853 0.996 0.068 0.894 0.160 0.886 0.678 
0.283 0.277 0.956 0.446 0.833 0.547 0.901 0.968 0.258 0.790 0.882 0.542 0.391 0.416 0.048 0.413 0.307 0.289 0.888 0.956 0.375 0.505 0.371 0.513 0.246 0.584 0.936 0.889 0.645 0.001 0.028 0.574 
0.582 0.675 0.962 0.947 0.879 0.199 0.272 0.751 0.177 0.614 0.585 0.099 0.220 0.711 0.987 0.500 0.279 0.136 0.912 0.979 0.997 0.001 0.292 0.316 0.221 0.514 0.891 0.309 0.827 0.410 0.517 0.588 
0.393 0.601 0.944 0.866 0.088 0.161 0.147 0.118 0.150 0.365 0.981 0.516 0.013 0.042 0.624 0.486 0.972 0.249 0.307 0.893 0.476 0.911 0.596 0.549 0.995 0.289 0.351 0.265 0.312 0.184 0.400 0.640 
0.035 0.831 0.085 0.658 0.323 0.251 0.749 0.025 0.332 0.141 0.756 0.672 0.048 0.996 0.635 0.322 0.116 0.978 0.241 0.330 0.090 0.659 0.346 0.543 0.432 0.384 0.521 0.468 0.037 0.451 0.564 0.707 
final_field_values>
