nsamples=1000, beta=1.00, nx=32, ny=32
<metropolis_sampling_metadata
equilibration_steps=10240000
nsamples=1000
metropolis_sampling_metadata>
<metropolis_sampling
1 -1.325 0.451 16 16
2 -1.330 0.455 14 14
3 -1.329 0.452 13 13
4 -1.329 0.456 13 13
5 -1.326 0.446 14 14
6 -1.325 0.445 12 12
7 -1.315 0.446 12 12
8 -1.316 0.447 11 11
9 -1.312 0.448 13 13
10 -1.316 0.448 12 12
11 -1.316 0.445 13 13
12 -1.320 0.449 14 14
13 -1.314 0.446 15 15
14 -1.313 0.447 16 16
15 -1.303 0.443 16 16
16 -1.305 0.446 13 13
17 -1.304 0.453 12 12
18 -1.298 0.451 10 10
19 -1.299 0.449 10 10
20 -1.304 0.452 10 10
21 -1.311 0.458 11 11
22 -1.309 0.461 10 10
23 -1.311 0.463 12 12
24 -1.322 0.466 13 13
25 -1.321 0.460 13 13
26 -1.305 0.462 11 11
27 -1.298 0.464 9 9
28 -1.306 0.464 9 9
29 -1.299 0.460 9 9
30 -1.302 0.455 12 12
31 -1.307 0.456 12 12
32 -1.310 0.461 10 10
33 -1.302 0.461 8 8
34 -1.312 0.457 11 11
35 -1.316 0.457 9 9
36 -1.297 0.456 10 10
37 -1.289 0.452 14 14
38 -1.296 0.449 14 14
39 -1.283 0.449 15 15
40 -1.283 0.453 16 16
41 -1.274 0.452 18 18
42 -1.264 0.446 15 15
43 -1.261 0.451 16 16
44 -1.253 0.446 13 13
45 -1.254 0.440 15 15
46 -1.256 0.442 13 13
47 -1.261 0.442 13 13
48 -1.247 0.440 12 12
49 -1.262 0.439 14 14
50 -1.253 0.438 17 17
51 -1.251 0.435 17 17
52 -1.245 0.439 16 16
53 -1.248 0.443 15 15
54 -1.241 0.440 15 15
55 -1.247 0.445 16 16
56 -1.245 0.441 14 14
57 -1.237 0.438 15 15
58 -1.239 0.441 15 15
59 -1.236 0.445 14 14
60 -1.230 0.447 17 17
61 -1.228 0.448 15 15
62 -1.232 0.451 15 15
63 -1.239 0.455 13 13
64 -1.243 0.455 13 13
65 -1.233 0.451 12 12
66 -1.248 0.453 14 14
67 -1.248 0.454 11 11
68 -1.232 0.449 13 13
69 -1.234 0.452 12 12
70 -1.243 0.452 16 16
71 -1.243 0.456 15 15
72 -1.239 0.451 16 16
73 -1.242 0.455 14 14
74 -1.249 0.463 14 14
75 -1.249 0.464 12 12
76 -1.263 0.468 10 10
77 -1.260 0.470 10 10
78 -1.261 0.467 13 13
79 -1.266 0.469 14 14
80 -1.261 0.465 11 11
81 -1.269 0.465 12 12
82 -1.268 0.464 10 10
83 -1.256 0.466 12 12
84 -1.276 0.475 12 12
85 -1.288 0.479 12 12
86 -1.280 0.478 12 12
87 -1.264 0.471 14 14
88 -1.266 0.477 14 14
89 -1.269 0.480 17 17
90 -1.282 0.480 19 19
91 -1.270 0.476 14 14
92 -1.275 0.480 14 14
93 -1.272 0.485 14 14
94 -1.275 0.488 14 14
95 -1.271 0.489 15 15
96 -1.264 0.485 16 16
97 -1.259 0.486 15 15
98 -1.251 0.481 15 15
99 -1.247 0.484 14 14
100 -1.238 0.479 14 14
101 -1.256 0.488 15 15
102 -1.250 0.491 14 14
103 -1.260 0.493 14 14
104 -1.268 0.495 14 14
105 -1.269 0.497 15 15
106 -1.273 0.496 16 16
107 -1.286 0.504 17 17
108 -1.283 0.504 18 18
109 -1.283 0.503 19 19
110 -1.290 0.499 18 18
111 -1.290 0.503 18 18
112 -1.296 0.503 20 20
113 -1.295 0.505 20 20
114 -1.292 0.510 21 21
115 -1.291 0.512 20 20
116 -1.302 0.517 17 17
117 -1.294 0.513 18 18
118 -1.306 0.513 14 14
119 -1.308 0.509 15 15
120 -1.299 0.510 14 14
121 -1.290 0.507 15 15
122 -1.286 0.505 15 15
123 -1.283 0.504 17 17
124 -1.273 0.501 18 18
125 -1.271 0.508 18 18
126 -1.269 0.504 18 18
127 -1.255 0.507 21 21
128 -1.254 0.505 22 22
129 -1.269 0.514 23 23
130 -1.280 0.513 19 19
131 -1.285 0.520 19 19
132 -1.284 0.520 20 20
133 -1.283 0.521 19 19
134 -1.289 0.523 18 18
135 -1.278 0.524 19 19
136 -1.278 0.525 20 20
137 -1.285 0.534 19 19
138 -1.285 0.536 18 18
139 -1.295 0.540 17 17
140 -1.307 0.537 16 16
141 -1.303 0.532 18 18
142 -1.298 0.529 17 17
143 -1.285 0.525 16 16
144 -1.288 0.530 17 17
145 -1.289 0.526 18 18
146 -1.297 0.526 19 19
147 -1.300 0.524 18 18
148 -1.288 0.526 17 17
149 -1.294 0.528 16 16
150 -1.294 0.531 18 18
151 -1.288 0.528 17 17
152 -1.287 0.530 18 18
153 -1.302 0.533 16 16
154 -1.299 0.536 13 13
155 -1.304 0.536 14 14
156 -1.311 0.540 15 15
157 -1.308 0.535 15 15
158 -1.319 0.538 15 15
159 -1.319 0.539 12 12
160 -1.316 0.538 15 15
161 -1.315 0.537 14 14
162 -1.313 0.535 14 14
163 -1.318 0.535 14 14
164 -1.322 0.535 12 12
165 -1.324 0.536 13 13
166 -1.319 0.537 13 13
167 -1.302 0.536 13 13
168 -1.326 0.543 13 13
169 -1.319 0.537 11 11
170 -1.316 0.538 13 13
171 -1.337 0.543 12 12
172 -1.338 0.542 11 11
173 -1.324 0.537 12 12
174 -1.317 0.531 12 12
175 -1.327 0.526 11 11
176 -1.323 0.528 13 13
177 -1.323 0.528 13 13
178 -1.321 0.530 14 14
179 -1.320 0.526 14 14
180 -1.317 0.533 14 14
181 -1.315 0.537 12 12
182 -1.315 0.541 12 12
183 -1.311 0.537 12 12
184 -1.315 0.539 16 16
185 -1.305 0.539 16 16
186 -1.301 0.539 17 17
187 -1.290 0.531 16 16
188 -1.284 0.527 15 15
189 -1.285 0.528 14 14
190 -1.275 0.527 15 15
191 -1.265 0.523 18 18
192 -1.281 0.528 15 15
193 -1.278 0.520 16 16
194 -1.270 0.513 16 16
195 -1.294 0.520 18 18
196 -1.304 0.519 20 20
197 -1.300 0.520 18 18
198 -1.295 0.519 16 16
199 -1.287 0.515 14 14
200 -1.299 0.522 15 15
201 -1.307 0.518 14 14
202 -1.297 0.515 14 14
203 -1.295 0.514 14 14
204 -1.306 0.517 15 15
205 -1.314 0.523 16 16
206 -1.302 0.521 17 17
207 -1.305 0.517 12 12
208 -1.307 0.517 12 12
209 -1.311 0.518 11 11
210 -1.317 0.515 14 14
211 -1.316 0.513 15 15
212 -1.311 0.515 13 13
213 -1.302 0.511 13 13
214 -1.307 0.517 12 12
215 -1.321 0.520 13 13
216 -1.321 0.523 12 12
217 -1.337 0.524 13 13
218 -1.335 0.520 12 12
219 -1.319 0.513 12 12
220 -1.314 0.514 14 14
221 -1.306 0.516 13 13
222 -1.306 0.516 14 14
223 -1.315 0.517 12 12
224 -1.309 0.515 9 9
225 -1.290 0.513 10 10
226 -1.292 0.512 10 10
227 -1.293 0.517 10 10
228 -1.302 0.518 10 10
229 -1.309 0.515 10 10
230 -1.314 0.514 8 8
231 -1.321 0.513 11 11
232 -1.313 0.511 11 11
233 -1.322 0.511 9 9
234 -1.321 0.514 9 9
235 -1.329 0.516 11 11
236 -1.317 0.514 11 11
237 -1.323 0.515 13 13
238 -1.327 0.515 11 11
239 -1.332 0.519 12 12
240 -1.348 0.521 11 11
241 -1.350 0.525 11 11
242 -1.352 0.525 10 10
243 -1.348 0.527 11 11
244 -1.343 0.525 12 12
245 -1.344 0.525 11 11
246 -1.345 0.526 8 8
247 -1.332 0.522 9 9
248 -1.318 0.521 11 11
249 -1.324 0.516 9 9
250 -1.336 0.515 11 11
251 -1.340 0.518 7 7
252 -1.325 0.510 10 10
253 -1.317 0.517 10 10
254 -1.310 0.508 12 12
255 -1.308 0.508 13 13
256 -1.311 0.505 12 12
257 -1.320 0.506 11 11
258 -1.314 0.504 12 12
259 -1.319 0.511 12 12
260 -1.313 0.510 13 13
261 -1.322 0.516 12 12
262 -1.323 0.517 9 9
263 -1.329 0.515 11 11
264 -1.326 0.513 12 12
265 -1.336 0.511 12 12
266 -1.335 0.510 13 13
267 -1.336 0.510 11 11
268 -1.329 0.507 10 10
269 -1.325 0.505 12 12
270 -1.315 0.499 10 10
271 -1.319 0.503 12 12
272 -1.309 0.502 11 11
273 -1.321 0.503 9 9
274 -1.313 0.501 10 10
275 -1.320 0.499 9 9
276 -1.326 0.505 10 10
277 -1.310 0.500 10 10
278 -1.294 0.497 11 11
279 -1.290 0.495 11 11
280 -1.286 0.491 10 10
281 -1.314 0.498 12 12
282 -1.303 0.497 13 13
283 -1.304 0.491 12 12
284 -1.305 0.499 12 12
285 -1.293 0.495 11 11
286 -1.302 0.500 9 9
287 -1.307 0.502 11 11
288 -1.302 0.500 11 11
289 -1.300 0.496 9 9
290 -1.288 0.491 10 10
291 -1.290 0.494 10 10
292 -1.289 0.493 12 12
293 -1.295 0.494 14 14
294 -1.294 0.496 14 14
295 -1.294 0.496 11 11
296 -1.290 0.498 12 12
297 -1.295 0.500 11 11
298 -1.290 0.501 11 11
299 -1.291 0.504 12 12
300 -1.277 0.500 13 13
301 -1.276 0.499 14 14
302 -1.269 0.494 13 13
303 -1.278 0.491 15 15
304 -1.290 0.490 12 12
305 -1.283 0.489 13 13
306 -1.295 0.489 10 10
307 -1.300 0.489 9 9
308 -1.306 0.489 10 10
309 -1.320 0.495 10 10
310 -1.322 0.498 11 11
311 -1.314 0.498 10 10
312 -1.326 0.506 9 9
313 -1.332 0.511 10 10
314 -1.341 0.510 12 12
315 -1.332 0.506 11 11
316 -1.333 0.511 12 12
317 -1.322 0.508 10 10
318 -1.320 0.505 10 10
319 -1.311 0.503 11 11
320 -1.311 0.501 10 10
321 -1.316 0.504 10 10
322 -1.320 0.508 10 10
323 -1.322 0.505 9 9
324 -1.315 0.510 11 11
325 -1.324 0.511 11 11
326 -1.316 0.510 11 11
327 -1.312 0.515 11 11
328 -1.314 0.515 12 12
329 -1.315 0.513 13 13
330 -1.311 0.513 13 13
331 -1.302 0.513 14 14
332 -1.307 0.516 12 12
333 -1.308 0.517 14 14
334 -1.304 0.512 15 15
335 -1.296 0.503 14 14
336 -1.279 0.501 14 14
337 -1.283 0.504 15 15
338 -1.283 0.500 14 14
339 -1.282 0.506 14 14
340 -1.291 0.505 15 15
341 -1.303 0.507 15 15
342 -1.303 0.505 16 16
343 -1.301 0.507 13 13
344 -1.296 0.504 14 14
345 -1.306 0.509 12 12
346 -1.321 0.515 12 12
347 -1.312 0.514 13 13
348 -1.307 0.515 15 15
349 -1.301 0.511 16 16
350 -1.295 0.513 16 16
351 -1.290 0.513 16 16
352 -1.284 0.507 16 16
353 -1.308 0.510 15 15
354 -1.317 0.516 14 14
355 -1.321 0.521 12 12
356 -1.328 0.522 13 13
357 -1.340 0.525 13 13
358 -1.343 0.522 14 14
359 -1.346 0.519 13 13
360 -1.335 0.517 10 10
361 -1.334 0.517 13 13
362 -1.331 0.515 12 12
363 -1.342 0.515 9 9
364 -1.340 0.520 9 9
365 -1.332 0.521 11 11
366 -1.332 0.524 11 11
367 -1.326 0.526 11 11
368 -1.313 0.524 9 9
369 -1.308 0.521 10 10
370 -1.306 0.528 9 9
371 -1.300 0.525 11 11
372 -1.311 0.525 10 10
373 -1.314 0.525 10 10
374 -1.303 0.518 13 13
375 -1.286 0.516 13 13
376 -1.287 0.518 12 12
377 -1.295 0.519 14 14
378 -1.294 0.516 12 12
379 -1.287 0.508 16 16
380 -1.271 0.502 14 14
381 -1.274 0.500 15 15
382 -1.274 0.498 13 13
383 -1.278 0.501 12 12
384 -1.276 0.501 14 14
385 -1.271 0.500 14 14
386 -1.272 0.500 12 12
387 -1.263 0.501 12 12
388 -1.270 0.500 11 11
389 -1.269 0.497 10 10
390 -1.287 0.503 12 12
391 -1.295 0.498 13 13
392 -1.291 0.499 13 13
393 -1.293 0.503 15 15
394 -1.288 0.501 13 13
395 -1.287 0.500 13 13
396 -1.294 0.497 15 15
397 -1.289 0.493 14 14
398 -1.281 0.498 16 16
399 -1.272 0.494 15 15
400 -1.269 0.490 16 16
401 -1.279 0.499 19 19
402 -1.279 0.499 19 19
403 -1.268 0.496 20 20
404 -1.269 0.498 19 19
405 -1.267 0.497 19 19
406 -1.277 0.499 19 19
407 -1.281 0.502 18 18
408 -1.289 0.508 19 19
409 -1.282 0.505 18 18
410 -1.284 0.503 17 17
411 -1.287 0.506 15 15
412 -1.289 0.507 15 15
413 -1.292 0.506 16 16
414 -1.292 0.505 16 16
415 -1.298 0.503 16 16
416 -1.299 0.498 16 16
417 -1.288 0.494 17 17
418 -1.290 0.496 16 16
419 -1.284 0.497 15 15
420 -1.285 0.495 18 18
421 -1.284 0.492 17 17
422 -1.281 0.489 17 17
423 -1.284 0.490 15 15
424 -1.283 0.496 16 16
425 -1.289 0.499 12 12
426 -1.284 0.500 14 14
427 -1.269 0.502 13 13
428 -1.270 0.497 18 18
429 -1.270 0.499 18 18
430 -1.261 0.500 17 17
431 -1.270 0.502 16 16
432 -1.266 0.503 16 16
433 -1.272 0.504 15 15
434 -1.270 0.508 15 15
435 -1.265 0.512 17 17
436 -1.260 0.509 19 19
437 -1.251 0.509 19 19
438 -1.253 0.515 19 19
439 -1.250 0.513 20 20
440 -1.246 0.512 19 19
441 -1.232 0.515 18 18
442 -1.234 0.520 18 18
443 -1.242 0.525 16 16
444 -1.236 0.521 19 19
445 -1.243 0.525 20 20
446 -1.240 0.522 18 18
447 -1.242 0.526 17 17
448 -1.242 0.528 17 17
449 -1.235 0.528 17 17
450 -1.234 0.531 16 16
451 -1.236 0.532 18 18
452 -1.243 0.534 17 17
453 -1.253 0.539 19 19
454 -1.252 0.536 18 18
455 -1.258 0.536 19 19
456 -1.255 0.529 18 18
457 -1.254 0.530 16 16
458 -1.249 0.529 17 17
459 -1.250 0.530 14 14
460 -1.249 0.525 16 16
461 -1.250 0.532 15 15
462 -1.260 0.532 16 16
463 -1.269 0.532 17 17
464 -1.262 0.530 17 17
465 -1.264 0.530 17 17
466 -1.263 0.535 16 16
467 -1.256 0.535 17 17
468 -1.260 0.532 19 19
469 -1.264 0.533 17 17
470 -1.262 0.533 20 20
471 -1.260 0.529 18 18
472 -1.260 0.536 18 18
473 -1.268 0.542 19 19
474 -1.267 0.542 18 18
475 -1.273 0.544 18 18
476 -1.285 0.549 19 19
477 -1.277 0.547 16 16
478 -1.289 0.553 17 17
479 -1.291 0.555 15 15
480 -1.300 0.555 13 13
481 -1.304 0.561 12 12
482 -1.302 0.560 14 14
483 -1.302 0.560 17 17
484 -1.293 0.553 16 16
485 -1.284 0.548 16 16
486 -1.273 0.549 18 18
487 -1.271 0.548 17 17
488 -1.278 0.552 17 17
489 -1.278 0.552 15 15
490 -1.279 0.550 14 14
491 -1.287 0.549 15 15
492 -1.275 0.544 13 13
493 -1.274 0.547 14 14
494 -1.279 0.549 15 15
495 -1.288 0.554 14 14
496 -1.289 0.554 16 16
497 -1.295 0.555 16 16
498 -1.296 0.556 15 15
499 -1.304 0.554 16 16
500 -1.319 0.556 16 16
501 -1.314 0.554 16 16
502 -1.309 0.557 13 13
503 -1.303 0.554 13 13
504 -1.294 0.554 15 15
505 -1.299 0.555 14 14
506 -1.293 0.551 14 14
507 -1.295 0.553 14 14
508 -1.298 0.554 17 17
509 -1.299 0.552 17 17
510 -1.299 0.549 19 19
511 -1.300 0.547 15 15
512 -1.286 0.546 16 16
513 -1.284 0.548 17 17
514 -1.283 0.553 14 14
515 -1.280 0.555 14 14
516 -1.281 0.554 14 14
517 -1.292 0.552 14 14
518 -1.301 0.556 14 14
519 -1.291 0.553 16 16
520 -1.281 0.552 15 15
521 -1.291 0.558 18 18
522 -1.284 0.553 19 19
523 -1.302 0.562 14 14
524 -1.307 0.561 13 13
525 -1.307 0.564 13 13
526 -1.313 0.558 13 13
527 -1.319 0.560 15 15
528 -1.315 0.563 14 14
529 -1.319 0.561 14 14
530 -1.313 0.562 14 14
531 -1.312 0.563 13 13
532 -1.309 0.559 13 13
533 -1.300 0.555 13 13
534 -1.288 0.558 11 11
535 -1.284 0.555 12 12
536 -1.304 0.561 13 13
537 -1.298 0.561 15 15
538 -1.303 0.560 17 17
539 -1.285 0.554 16 16
540 -1.287 0.548 18 18
541 -1.287 0.544 17 17
542 -1.289 0.549 17 17
543 -1.289 0.548 14 14
544 -1.282 0.544 16 16
545 -1.297 0.550 16 16
546 -1.292 0.545 17 17
547 -1.297 0.549 17 17
548 -1.312 0.549 21 21
549 -1.298 0.549 23 23
550 -1.305 0.551 26 26
551 -1.297 0.553 25 25
552 -1.298 0.547 23 23
553 -1.294 0.553 23 23
554 -1.290 0.553 22 22
555 -1.296 0.557 22 22
556 -1.287 0.553 20 20
557 -1.275 0.549 23 23
558 -1.291 0.548 23 23
559 -1.294 0.547 22 22
560 -1.297 0.544 24 24
561 -1.289 0.541 22 22
562 -1.283 0.541 23 23
563 -1.281 0.533 23 23
564 -1.278 0.534 23 23
565 -1.279 0.535 20 20
566 -1.277 0.537 18 18
567 -1.267 0.535 19 19
568 -1.259 0.536 16 16
569 -1.262 0.538 18 18
570 -1.267 0.544 19 19
571 -1.276 0.544 15 15
572 -1.269 0.539 18 18
573 -1.268 0.541 18 18
574 -1.261 0.539 21 21
575 -1.275 0.543 19 19
576 -1.281 0.543 17 17
577 -1.297 0.546 17 17
578 -1.301 0.548 16 16
579 -1.295 0.548 16 16
580 -1.306 0.548 17 17
581 -1.307 0.544 17 17
582 -1.320 0.551 16 16
583 -1.313 0.551 14 14
584 -1.310 0.546 17 17
585 -1.316 0.549 16 16
586 -1.308 0.550 17 17
587 -1.290 0.545 16 16
588 -1.288 0.542 19 19
589 -1.286 0.541 13 13
590 -1.295 0.544 13 13
591 -1.295 0.540 13 13
592 -1.293 0.541 12 12
593 -1.293 0.542 13 13
594 -1.297 0.544 15 15
595 -1.294 0.539 12 12
596 -1.297 0.536 14 14
597 -1.299 0.538 15 15
598 -1.300 0.535 16 16
599 -1.317 0.539 17 17
600 -1.330 0.538 13 13
601 -1.324 0.537 16 16
602 -1.322 0.541 13 13
603 -1.319 0.539 13 13
604 -1.312 0.539 15 15
605 -1.303 0.536 17 17
606 -1.303 0.534 20 20
607 -1.291 0.528 18 18
608 -1.294 0.525 19 19
609 -1.290 0.517 18 18
610 -1.286 0.519 17 17
611 -1.279 0.517 17 17
612 -1.282 0.509 18 18
613 -1.290 0.512 19 19
614 -1.297 0.512 16 16
615 -1.301 0.518 17 17
616 -1.303 0.518 20 20
617 -1.297 0.513 21 21
618 -1.295 0.514 20 20
619 -1.295 0.518 18 18
620 -1.297 0.518 18 18
621 -1.311 0.520 18 18
622 -1.299 0.512 18 18
623 -1.287 0.508 17 17
624 -1.296 0.513 18 18
625 -1.299 0.518 17 17
626 -1.298 0.519 17 17
627 -1.288 0.521 19 19
628 -1.295 0.524 17 17
629 -1.287 0.525 19 19
630 -1.288 0.521 18 18
631 -1.283 0.522 18 18
632 -1.277 0.517 18 18
633 -1.277 0.519 18 18
634 -1.280 0.521 19 19
635 -1.272 0.521 18 18
636 -1.278 0.520 18 18
637 -1.267 0.520 17 17
638 -1.266 0.523 16 16
639 -1.273 0.527 15 15
640 -1.277 0.532 16 16
641 -1.298 0.537 16 16
642 -1.300 0.539 16 16
643 -1.293 0.536 17 17
644 -1.291 0.533 18 18
645 -1.294 0.531 19 19
646 -1.306 0.536 18 18
647 -1.310 0.541 19 19
648 -1.305 0.546 20 20
649 -1.298 0.541 18 18
650 -1.309 0.547 17 17
651 -1.319 0.550 19 19
652 -1.314 0.546 18 18
653 -1.328 0.546 20 20
654 -1.327 0.541 19 19
655 -1.328 0.540 18 18
656 -1.323 0.539 16 16
657 -1.299 0.536 14 14
658 -1.291 0.530 15 15
659 -1.285 0.530 14 14
660 -1.283 0.532 17 17
661 -1.277 0.527 15 15
662 -1.281 0.529 16 16
663 -1.287 0.531 15 15
664 -1.285 0.533 15 15
665 -1.282 0.528 14 14
666 -1.292 0.529 13 13
667 -1.296 0.534 13 13
668 -1.295 0.528 15 15
669 -1.318 0.533 15 15
670 -1.333 0.533 15 15
671 -1.317 0.526 13 13
672 -1.312 0.529 16 16
673 -1.306 0.529 15 15
674 -1.309 0.533 16 16
675 -1.314 0.531 15 15
676 -1.309 0.527 14 14
677 -1.312 0.529 14 14
678 -1.322 0.533 15 15
679 -1.327 0.538 15 15
680 -1.326 0.540 16 16
681 -1.326 0.538 15 15
682 -1.325 0.536 14 14
683 -1.313 0.530 15 15
684 -1.309 0.527 15 15
685 -1.306 0.525 16 16
686 -1.306 0.525 15 15
687 -1.306 0.526 15 15
688 -1.296 0.523 16 16
689 -1.292 0.528 13 13
690 -1.301 0.526 14 14
691 -1.302 0.528 14 14
692 -1.310 0.530 16 16
693 -1.309 0.536 14 14
694 -1.308 0.536 12 12
695 -1.303 0.534 11 11
696 -1.284 0.528 14 14
697 -1.297 0.532 16 16
698 -1.295 0.534 16 16
699 -1.290 0.533 14 14
700 -1.290 0.531 13 13
701 -1.291 0.530 15 15
702 -1.295 0.532 13 13
703 -1.287 0.529 11 11
704 -1.276 0.529 11 11
705 -1.279 0.528 11 11
706 -1.267 0.527 12 12
707 -1.269 0.526 10 10
708 -1.273 0.522 11 11
709 -1.260 0.521 11 11
710 -1.263 0.523 11 11
711 -1.267 0.518 13 13
712 -1.266 0.517 13 13
713 -1.268 0.518 13 13
714 -1.274 0.520 11 11
715 -1.280 0.525 12 12
716 -1.264 0.523 13 13
717 -1.266 0.527 12 12
718 -1.261 0.523 14 14
719 -1.262 0.526 14 14
720 -1.252 0.526 16 16
721 -1.266 0.527 18 18
722 -1.270 0.531 17 17
723 -1.274 0.532 18 18
724 -1.278 0.533 14 14
725 -1.288 0.536 13 13
726 -1.295 0.538 16 16
727 -1.297 0.537 14 14
728 -1.289 0.539 12 12
729 -1.284 0.539 15 15
730 -1.283 0.540 16 16
731 -1.281 0.539 14 14
732 -1.269 0.533 17 17
733 -1.282 0.538 18 18
734 -1.284 0.539 16 16
735 -1.290 0.539 14 14
736 -1.284 0.536 15 15
737 -1.284 0.536 14 14
738 -1.287 0.537 15 15
739 -1.280 0.537 16 16
740 -1.277 0.533 15 15
741 -1.272 0.530 17 17
742 -1.271 0.533 18 18
743 -1.273 0.535 16 16
744 -1.261 0.531 15 15
745 -1.261 0.528 15 15
746 -1.265 0.531 13 13
747 -1.263 0.527 16 16
748 -1.264 0.528 16 16
749 -1.264 0.528 16 16
750 -1.263 0.529 16 16
751 -1.282 0.536 14 14
752 -1.280 0.540 18 18
753 -1.291 0.548 14 14
754 -1.289 0.550 13 13
755 -1.299 0.548 14 14
756 -1.298 0.547 13 13
757 -1.288 0.542 13 13
758 -1.298 0.542 13 13
759 -1.309 0.544 15 15
760 -1.307 0.544 15 15
761 -1.301 0.547 11 11
762 -1.298 0.548 12 12
763 -1.302 0.551 12 12
764 -1.295 0.546 12 12
765 -1.304 0.551 11 11
766 -1.304 0.550 11 11
767 -1.313 0.551 15 15
768 -1.315 0.550 13 13
769 -1.319 0.551 13 13
770 -1.319 0.549 14 14
771 -1.328 0.548 13 13
772 -1.323 0.549 12 12
773 -1.306 0.542 14 14
774 -1.310 0.547 10 10
775 -1.319 0.551 10 10
776 -1.319 0.550 8 8
777 -1.313 0.549 10 10
778 -1.317 0.551 11 11
779 -1.326 0.550 12 12
780 -1.322 0.554 13 13
781 -1.320 0.554 10 10
782 -1.331 0.553 10 10
783 -1.330 0.549 13 13
784 -1.335 0.546 13 13
785 -1.334 0.549 13 13
786 -1.330 0.550 14 14
787 -1.326 0.547 14 14
788 -1.320 0.545 15 15
789 -1.319 0.538 15 15
790 -1.320 0.529 14 14
791 -1.317 0.531 16 16
792 -1.314 0.530 16 16
793 -1.316 0.531 15 15
794 -1.307 0.529 16 16
795 -1.331 0.537 15 15
796 -1.327 0.535 15 15
797 -1.332 0.535 14 14
798 -1.339 0.538 14 14
799 -1.341 0.538 14 14
800 -1.333 0.539 13 13
801 -1.317 0.533 12 12
802 -1.326 0.534 13 13
803 -1.336 0.533 13 13
804 -1.338 0.534 14 14
805 -1.338 0.538 9 9
806 -1.331 0.536 11 11
807 -1.327 0.532 10 10
808 -1.324 0.530 11 11
809 -1.310 0.528 9 9
810 -1.320 0.532 10 10
811 -1.323 0.535 11 11
812 -1.331 0.537 11 11
813 -1.321 0.535 9 9
814 -1.338 0.545 11 11
815 -1.341 0.545 9 9
816 -1.338 0.548 8 8
817 -1.348 0.549 10 10
818 -1.351 0.550 12 12
819 -1.350 0.550 10 10
820 -1.354 0.550 10 10
821 -1.359 0.551 13 13
822 -1.345 0.550 16 16
823 -1.350 0.550 15 15
824 -1.337 0.550 13 13
825 -1.336 0.547 13 13
826 -1.328 0.549 15 15
827 -1.328 0.552 14 14
828 -1.323 0.554 14 14
829 -1.326 0.557 13 13
830 -1.334 0.555 12 12
831 -1.342 0.553 11 11
832 -1.354 0.557 10 10
833 -1.355 0.556 9 9
834 -1.361 0.557 11 11
835 -1.371 0.558 13 13
836 -1.372 0.559 13 13
837 -1.363 0.557 14 14
838 -1.361 0.553 15 15
839 -1.359 0.552 13 13
840 -1.346 0.551 12 12
841 -1.346 0.547 15 15
842 -1.337 0.543 14 14
843 -1.334 0.543 14 14
844 -1.328 0.539 14 14
845 -1.335 0.543 14 14
846 -1.338 0.545 11 11
847 -1.329 0.546 11 11
848 -1.338 0.549 12 12
849 -1.343 0.556 9 9
850 -1.337 0.558 9 9
851 -1.327 0.555 8 8
852 -1.332 0.558 8 8
853 -1.340 0.560 7 7
854 -1.341 0.559 6 6
855 -1.343 0.567 5 5
856 -1.352 0.570 6 6
857 -1.337 0.567 9 9
858 -1.336 0.569 10 10
859 -1.334 0.566 10 10
860 -1.329 0.563 9 9
861 -1.347 0.569 10 10
862 -1.350 0.567 8 8
863 -1.340 0.564 7 7
864 -1.344 0.563 8 8
865 -1.327 0.562 8 8
866 -1.322 0.560 7 7
867 -1.328 0.556 7 7
868 -1.331 0.556 7 7
869 -1.329 0.555 7 7
870 -1.324 0.556 11 11
871 -1.319 0.554 11 11
872 -1.316 0.555 11 11
873 -1.318 0.558 11 11
874 -1.327 0.559 11 11
875 -1.322 0.560 10 10
876 -1.318 0.557 10 10
877 -1.320 0.559 8 8
878 -1.329 0.560 7 7
879 -1.323 0.558 10 10
880 -1.319 0.551 12 12
881 -1.323 0.558 9 9
882 -1.326 0.557 9 9
883 -1.318 0.556 10 10
884 -1.318 0.558 9 9
885 -1.325 0.560 10 10
886 -1.313 0.557 10 10
887 -1.306 0.563 10 10
888 -1.302 0.567 11 11
889 -1.300 0.570 10 10
890 -1.297 0.568 10 10
891 -1.302 0.574 9 9
892 -1.312 0.578 10 10
893 -1.319 0.583 10 10
894 -1.315 0.583 12 12
895 -1.324 0.588 9 9
896 -1.327 0.583 12 12
897 -1.331 0.589 11 11
898 -1.338 0.589 9 9
899 -1.337 0.584 10 10
900 -1.341 0.582 8 8
901 -1.333 0.581 10 10
902 -1.342 0.582 11 11
903 -1.344 0.588 10 10
904 -1.339 0.591 10 10
905 -1.332 0.593 10 10
906 -1.326 0.590 9 9
907 -1.335 0.590 9 9
908 -1.324 0.592 10 10
909 -1.323 0.589 9 9
910 -1.306 0.582 10 10
911 -1.299 0.581 12 12
912 -1.314 0.585 11 11
913 -1.316 0.585 10 10
914 -1.313 0.591 13 13
915 -1.317 0.592 7 7
916 -1.320 0.597 7 7
917 -1.320 0.591 10 10
918 -1.328 0.592 10 10
919 -1.320 0.592 7 7
920 -1.314 0.587 10 10
921 -1.314 0.582 10 10
922 -1.322 0.586 10 10
923 -1.324 0.587 12 12
924 -1.324 0.588 13 13
925 -1.329 0.588 10 10
926 -1.328 0.587 11 11
927 -1.331 0.584 11 11
928 -1.324 0.584 12 12
929 -1.339 0.583 15 15
930 -1.335 0.580 14 14
931 -1.338 0.583 15 15
932 -1.336 0.578 15 15
933 -1.342 0.579 14 14
934 -1.345 0.582 15 15
935 -1.341 0.584 15 15
936 -1.343 0.586 15 15
937 -1.328 0.585 14 14
938 -1.319 0.579 15 15
939 -1.308 0.579 15 15
940 -1.307 0.582 15 15
941 -1.303 0.583 15 15
942 -1.311 0.589 13 13
943 -1.315 0.585 12 12
944 -1.318 0.584 12 12
945 -1.330 0.588 12 12
946 -1.330 0.586 11 11
947 -1.326 0.587 11 11
948 -1.325 0.582 12 12
949 -1.325 0.588 14 14
950 -1.323 0.587 14 14
951 -1.321 0.588 15 15
952 -1.318 0.585 14 14
953 -1.329 0.584 13 13
954 -1.335 0.587 13 13
955 -1.331 0.585 13 13
956 -1.336 0.589 11 11
957 -1.333 0.587 10 10
958 -1.339 0.586 12 12
959 -1.349 0.591 13 13
960 -1.351 0.586 13 13
961 -1.354 0.586 12 12
962 -1.335 0.583 13 13
963 -1.345 0.587 13 13
964 -1.349 0.588 14 14
965 -1.350 0.586 14 14
966 -1.358 0.590 14 14
967 -1.369 0.593 13 13
968 -1.352 0.587 13 13
969 -1.342 0.587 13 13
970 -1.336 0.584 15 15
971 -1.333 0.583 15 15
972 -1.337 0.581 15 15
973 -1.339 0.582 15 15
974 -1.330 0.582 17 17
975 -1.319 0.579 18 18
976 -1.327 0.581 15 15
977 -1.323 0.578 14 14
978 -1.315 0.574 14 14
979 -1.321 0.580 15 15
980 -1.329 0.581 17 17
981 -1.313 0.573 15 15
982 -1.304 0.570 16 16
983 -1.298 0.568 16 16
984 -1.304 0.565 14 14
985 -1.306 0.566 13 13
986 -1.311 0.567 14 14
987 -1.308 0.569 12 12
988 -1.312 0.569 13 13
989 -1.309 0.571 13 13
990 -1.305 0.567 14 14
991 -1.315 0.569 13 13
992 -1.326 0.567 13 13
993 -1.325 0.565 12 12
994 -1.330 0.565 13 13
995 -1.331 0.568 13 13
996 -1.336 0.572 12 12
997 -1.345 0.570 11 11
998 -1.335 0.564 12 12
999 -1.325 0.558 12 12
1000 -1.326 0.557 11 11
metropolis_sampling>
Collected 1000 samples

<final_statistics_metadata
energy=-1.300794
magnetization=0.527474
vortex_positive=13.987
vortex_negative=13.987
final_statistics_metadata>

<final_field_values
0.384 0.213 0.030 0.311 0.332 0.420 0.279 0.221 0.324 0.357 0.316 0.176 0.215 0.194 0.224 0.141 0.256 0.328 0.377 0.482 0.452 0.500 0.465 0.412 0.394 0.278 0.468 0.491 0.081 0.176 0.112 0.462 
0.108 0.128 0.192 0.249 0.267 0.220 0.271 0.293 0.347 0.342 0.507 0.600 0.079 0.300 0.074 0.037 0.226 0.333 0.227 0.297 0.354 0.508 0.638 0.585 0.364 0.284 0.325 0.427 0.548 0.113 0.158 0.103 
0.141 0.078 0.090 0.257 0.089 0.113 0.263 0.279 0.303 0.440 0.527 0.521 0.340 0.135 0.017 0.145 0.096 0.025 0.300 0.386 0.366 0.341 0.250 0.367 0.278 0.138 0.074 0.051 0.308 0.313 0.270 0.198 
0.313 0.205 0.721 0.724 0.932 0.188 0.280 0.537 0.671 0.455 0.475 0.349 0.306 0.324 0.022 0.187 0.156 0.215 0.310 0.203 0.220 0.183 0.447 0.348 0.357 0.147 0.989 0.132 0.340 0.240 0.382 0.316 
0.218 0.295 0.376 0.823 0.972 0.454 0.498 0.525 0.500 0.361 0.434 0.330 0.413 0.205 0.098 0.355 0.222 0.320 0.206 0.288 0.221 0.123 0.398 0.387 0.348 0.032 0.982 0.238 0.395 0.288 0.466 0.239 
0.220 0.309 0.221 0.117 0.315 0.461 0.525 0.831 0.789 0.484 0.266 0.130 0.159 0.229 0.035 0.683 0.333 0.287 0.167 0.199 0.340 0.217 0.414 0.336 0.437 0.107 0.001 0.049 0.450 0.515 0.598 0.211 
0.197 0.171 0.283 0.150 0.293 0.622 0.791 0.685 0.768 0.436 0.308 0.233 0.403 0.298 0.479 0.485 0.303 0.362 0.251 0.345 0.354 0.269 0.459 0.413 0.470 0.405 0.754 0.932 0.607 0.559 0.325 0.307 
0.343 0.095 0.336 0.159 0.136 0.388 0.436 0.449 0.583 0.416 0.363 0.328 0.473 0.255 0.266 0.195 0.156 0.278 0.236 0.212 0.249 0.377 0.378 0.379 0.463 0.432 0.694 0.589 0.364 0.412 0.227 0.252 
0.305 0.327 0.299 0.464 0.446 0.446 0.551 0.452 0.437 0.365 0.508 0.551 0.459 0.299 0.265 0.240 0.324 0.325 0.432 0.212 0.306 0.373 0.515 0.602 0.569 0.576 0.736 0.396 0.530 0.421 0.251 0.534 
0.384 0.409 0.192 0.561 0.382 0.315 0.339 0.317 0.523 0.301 0.205 0.342 0.394 0.362 0.324 0.168 0.186 0.328 0.425 0.490 0.455 0.416 0.433 0.369 0.311 0.515 0.731 0.550 0.555 0.351 0.427 0.507 
0.367 0.367 0.327 0.240 0.369 0.438 0.506 0.290 0.403 0.368 0.266 0.284 0.413 0.283 0.239 0.248 0.095 0.245 0.436 0.311 0.646 0.483 0.389 0.292 0.167 0.400 0.626 0.520 0.457 0.361 0.460 0.389 
0.491 0.400 0.423 0.672 0.646 0.469 0.384 0.339 0.270 0.301 0.222 0.303 0.230 0.199 0.111 0.307 0.124 0.207 0.305 0.318 0.464 0.326 0.315 0.333 0.446 0.528 0.582 0.487 0.411 0.376 0.297 0.215 
0.244 0.442 0.564 0.503 0.449 0.471 0.468 0.424 0.352 0.184 0.380 0.443 0.329 0.199 0.184 0.447 0.250 0.997 0.412 0.330 0.448 0.371 0.353 0.276 0.252 0.441 0.660 0.443 0.500 0.401 0.316 0.208 
0.359 0.574 0.729 0.561 0.545 0.419 0.396 0.358 0.375 0.221 0.423 0.534 0.341 0.265 0.160 0.269 0.477 0.681 0.625 0.474 0.462 0.417 0.397 0.391 0.317 0.316 0.441 0.403 0.579 0.578 0.392 0.310 
0.277 0.448 0.443 0.555 0.387 0.535 0.578 0.197 0.419 0.382 0.454 0.195 0.246 0.082 0.317 0.363 0.475 0.276 0.649 0.532 0.571 0.378 0.361 0.396 0.502 0.594 0.523 0.602 0.677 0.506 0.408 0.366 
0.544 0.264 0.376 0.373 0.423 0.536 0.552 0.315 0.376 0.569 0.245 0.983 0.058 0.196 0.247 0.398 0.449 0.168 0.449 0.465 0.289 0.349 0.543 0.608 0.579 0.461 0.353 0.727 0.643 0.550 0.575 0.445 
0.214 0.384 0.418 0.498 0.288 0.225 0.353 0.162 0.393 0.471 0.275 0.138 0.253 0.177 0.355 0.338 0.352 0.248 0.384 0.337 0.255 0.619 0.696 0.554 0.321 0.412 0.588 0.738 0.600 0.408 0.693 0.479 
0.293 0.231 0.462 0.371 0.444 0.205 0.406 0.197 0.168 0.388 0.375 0.253 0.283 0.308 0.374 0.553 0.481 0.506 0.380 0.275 0.344 0.371 0.536 0.556 0.532 0.612 0.301 0.308 0.499 0.302 0.289 0.361 
0.327 0.177 0.207 0.244 0.581 0.734 0.523 0.227 0.125 0.243 0.288 0.286 0.294 0.432 0.342 0.440 0.497 0.540 0.507 0.571 0.476 0.626 0.518 0.413 0.467 0.565 0.411 0.306 0.187 0.296 0.226 0.390 
0.287 0.438 0.315 0.410 0.519 0.479 0.387 0.284 0.079 0.131 0.216 0.332 0.445 0.299 0.423 0.373 0.345 0.540 0.520 0.589 0.340 0.247 0.526 0.653 0.611 0.626 0.404 0.264 0.287 0.311 0.207 0.341 
0.390 0.442 0.433 0.251 0.484 0.539 0.316 0.104 0.205 0.279 0.272 0.411 0.571 0.585 0.494 0.308 0.530 0.572 0.502 0.365 0.352 0.618 0.526 0.672 0.767 0.789 0.472 0.269 0.411 0.335 0.267 0.466 
0.453 0.450 0.409 0.342 0.310 0.464 0.242 0.857 0.119 0.302 0.293 0.291 0.466 0.636 0.508 0.569 0.527 0.456 0.415 0.466 0.553 0.586 0.361 0.622 0.086 0.265 0.358 0.282 0.413 0.261 0.344 0.595 
0.476 0.497 0.454 0.225 0.333 0.258 0.082 0.199 0.226 0.266 0.211 0.339 0.440 0.554 0.501 0.559 0.587 0.599 0.560 0.463 0.518 0.305 0.318 0.450 0.362 0.086 0.153 0.216 0.519 0.322 0.431 0.402 
0.395 0.282 0.316 0.530 0.317 0.172 0.022 0.385 0.093 0.300 0.362 0.300 0.325 0.477 0.351 0.488 0.637 0.637 0.606 0.270 0.444 0.248 0.349 0.385 0.303 0.349 0.303 0.431 0.719 0.646 0.784 0.888 
0.494 0.337 0.332 0.294 0.438 0.415 0.419 0.229 0.246 0.147 0.214 0.179 0.366 0.400 0.347 0.396 0.602 0.661 0.704 0.622 0.613 0.435 0.425 0.327 0.186 0.349 0.549 0.387 0.671 0.644 0.584 0.530 
0.526 0.426 0.280 0.381 0.266 0.592 0.369 0.408 0.220 0.096 0.104 0.243 0.494 0.362 0.507 0.711 0.764 0.653 0.560 0.714 0.589 0.403 0.468 0.396 0.700 0.642 0.469 0.422 0.822 0.609 0.737 0.710 
0.469 0.325 0.230 0.301 0.121 0.459 0.361 0.318 0.447 0.180 0.191 0.017 0.174 0.388 0.470 0.739 0.729 0.691 0.764 0.441 0.521 0.618 0.540 0.671 0.725 0.673 0.575 0.723 0.924 0.829 0.847 0.670 
0.596 0.686 0.031 0.135 0.102 0.020 0.230 0.268 0.266 0.216 0.157 0.254 0.304 0.363 0.574 0.668 0.715 0.581 0.818 0.771 0.715 0.643 0.584 0.612 0.675 0.664 0.676 0.600 0.885 0.725 0.916 0.711 
0.928 0.294 0.191 0.194 0.270 0.259 0.334 0.211 0.331 0.306 0.273 0.294 0.302 0.473 0.385 0.354 0.356 0.224 0.433 0.416 0.564 0.504 0.502 0.536 0.641 0.718 0.699 0.638 0.560 0.799 0.969 0.934 
0.220 0.145 0.121 0.040 0.197 0.293 0.524 0.418 0.391 0.349 0.365 0.312 0.187 0.214 0.366 0.294 0.332 0.191 0.295 0.371 0.557 0.333 0.278 0.197 0.420 0.315 0.459 0.899 0.164 0.837 0.046 0.090 
0.195 0.291 0.297 0.209 0.211 0.338 0.423 0.369 0.363 0.325 0.216 0.334 0.393 0.180 0.290 0.188 0.332 0.359 0.519 0.569 0.629 0.434 0.365 0.319 0.291 0.445 0.317 0.236 0.242 0.027 0.006 0.969 
0.265 0.334 0.204 0.142 0.280 0.379 0.296 0.336 0.294 0.420 0.148 0.302 0.280 0.368 0.280 0.232 0.234 0.225 0.269 0.564 0.585 0.557 0.390 0.403 0.301 0.163 0.394 0.420 0.422 0.133 0.016 0.086 
final_field_values>
