nsamples=1000, beta=1.10, nx=32, ny=32
<metropolis_sampling_metadata
equilibration_steps=10240000
nsamples=1000
metropolis_sampling_metadata>
<metropolis_sampling
1 -1.414 0.580 8 8
2 -1.375 0.587 6 6
3 -1.413 0.602 8 8
4 -1.410 0.609 8 8
5 -1.389 0.599 10 10
6 -1.394 0.609 8 8
7 -1.415 0.606 8 8
8 -1.411 0.610 8 8
9 -1.414 0.592 5 5
10 -1.423 0.590 5 5
11 -1.446 0.595 5 5
12 -1.443 0.611 5 5
13 -1.442 0.625 4 4
14 -1.416 0.615 3 3
15 -1.450 0.601 4 4
16 -1.420 0.591 5 5
17 -1.434 0.606 3 3
18 -1.405 0.602 4 4
19 -1.450 0.607 4 4
20 -1.452 0.614 5 5
21 -1.443 0.603 7 7
22 -1.449 0.614 7 7
23 -1.445 0.605 5 5
24 -1.456 0.624 5 5
25 -1.430 0.616 7 7
26 -1.421 0.610 3 3
27 -1.445 0.617 4 4
28 -1.434 0.615 3 3
29 -1.392 0.596 3 3
30 -1.422 0.611 3 3
31 -1.424 0.620 4 4
32 -1.429 0.621 4 4
33 -1.412 0.626 5 5
34 -1.445 0.632 3 3
35 -1.474 0.646 5 5
36 -1.471 0.646 4 4
37 -1.432 0.631 2 2
38 -1.421 0.622 1 1
39 -1.444 0.627 4 4
40 -1.452 0.630 6 6
41 -1.460 0.629 7 7
42 -1.475 0.644 7 7
43 -1.420 0.630 10 10
44 -1.405 0.622 9 9
45 -1.433 0.624 7 7
46 -1.445 0.620 5 5
47 -1.467 0.638 4 4
48 -1.463 0.636 4 4
49 -1.457 0.637 4 4
50 -1.454 0.625 5 5
51 -1.453 0.636 8 8
52 -1.420 0.628 4 4
53 -1.399 0.606 5 5
54 -1.409 0.612 6 6
55 -1.432 0.618 5 5
56 -1.411 0.610 6 6
57 -1.420 0.608 5 5
58 -1.370 0.600 6 6
59 -1.384 0.595 12 12
60 -1.383 0.593 8 8
61 -1.389 0.591 9 9
62 -1.399 0.609 9 9
63 -1.410 0.610 7 7
64 -1.424 0.613 3 3
65 -1.413 0.617 5 5
66 -1.407 0.623 5 5
67 -1.422 0.641 5 5
68 -1.397 0.636 5 5
69 -1.432 0.648 6 6
70 -1.429 0.653 5 5
71 -1.434 0.659 6 6
72 -1.450 0.662 3 3
73 -1.434 0.660 4 4
74 -1.428 0.658 3 3
75 -1.408 0.655 1 1
76 -1.457 0.673 4 4
77 -1.464 0.688 1 1
78 -1.461 0.688 2 2
79 -1.449 0.682 5 5
80 -1.446 0.681 4 4
81 -1.447 0.680 4 4
82 -1.427 0.675 4 4
83 -1.414 0.677 5 5
84 -1.452 0.680 7 7
85 -1.476 0.699 5 5
86 -1.457 0.703 2 2
87 -1.455 0.703 3 3
88 -1.459 0.703 4 4
89 -1.500 0.714 3 3
90 -1.494 0.715 4 4
91 -1.462 0.703 4 4
92 -1.460 0.697 5 5
93 -1.429 0.693 5 5
94 -1.455 0.689 5 5
95 -1.485 0.694 5 5
96 -1.471 0.684 2 2
97 -1.468 0.683 3 3
98 -1.449 0.677 3 3
99 -1.464 0.686 1 1
100 -1.450 0.691 3 3
101 -1.469 0.700 4 4
102 -1.474 0.690 3 3
103 -1.468 0.693 5 5
104 -1.492 0.703 2 2
105 -1.469 0.692 4 4
106 -1.467 0.681 4 4
107 -1.460 0.674 4 4
108 -1.452 0.685 2 2
109 -1.452 0.679 1 1
110 -1.466 0.667 1 1
111 -1.447 0.657 2 2
112 -1.445 0.665 3 3
113 -1.423 0.651 3 3
114 -1.431 0.664 2 2
115 -1.438 0.659 2 2
116 -1.432 0.648 2 2
117 -1.438 0.651 4 4
118 -1.453 0.646 3 3
119 -1.443 0.646 0 0
120 -1.411 0.642 3 3
121 -1.447 0.667 2 2
122 -1.459 0.675 2 2
123 -1.481 0.691 1 1
124 -1.450 0.677 2 2
125 -1.454 0.680 2 2
126 -1.485 0.697 2 2
127 -1.464 0.691 1 1
128 -1.450 0.679 2 2
129 -1.450 0.682 3 3
130 -1.460 0.685 5 5
131 -1.467 0.694 5 5
132 -1.438 0.688 3 3
133 -1.462 0.690 3 3
134 -1.469 0.702 5 5
135 -1.442 0.700 4 4
136 -1.426 0.688 4 4
137 -1.402 0.684 6 6
138 -1.451 0.699 5 5
139 -1.445 0.701 4 4
140 -1.450 0.694 2 2
141 -1.448 0.694 4 4
142 -1.444 0.703 2 2
143 -1.395 0.694 4 4
144 -1.428 0.692 7 7
145 -1.395 0.686 8 8
146 -1.405 0.672 9 9
147 -1.390 0.669 9 9
148 -1.393 0.678 7 7
149 -1.422 0.680 5 5
150 -1.450 0.683 6 6
151 -1.413 0.685 2 2
152 -1.437 0.677 4 4
153 -1.413 0.667 6 6
154 -1.402 0.654 10 10
155 -1.362 0.636 8 8
156 -1.399 0.637 10 10
157 -1.414 0.637 7 7
158 -1.395 0.635 7 7
159 -1.385 0.629 7 7
160 -1.341 0.622 10 10
161 -1.376 0.629 8 8
162 -1.357 0.629 9 9
163 -1.384 0.644 5 5
164 -1.400 0.653 9 9
165 -1.393 0.637 6 6
166 -1.379 0.654 5 5
167 -1.425 0.665 4 4
168 -1.420 0.678 5 5
169 -1.413 0.669 4 4
170 -1.417 0.664 7 7
171 -1.406 0.661 4 4
172 -1.460 0.683 3 3
173 -1.475 0.685 1 1
174 -1.449 0.683 5 5
175 -1.456 0.680 5 5
176 -1.468 0.679 2 2
177 -1.439 0.675 4 4
178 -1.416 0.662 5 5
179 -1.464 0.676 4 4
180 -1.467 0.662 6 6
181 -1.427 0.651 7 7
182 -1.451 0.658 8 8
183 -1.418 0.645 7 7
184 -1.442 0.665 6 6
185 -1.465 0.675 2 2
186 -1.478 0.661 4 4
187 -1.470 0.658 4 4
188 -1.484 0.645 4 4
189 -1.481 0.642 4 4
190 -1.468 0.639 2 2
191 -1.454 0.647 3 3
192 -1.443 0.634 2 2
193 -1.422 0.617 3 3
194 -1.420 0.606 3 3
195 -1.421 0.610 4 4
196 -1.424 0.607 3 3
197 -1.413 0.580 4 4
198 -1.441 0.584 5 5
199 -1.443 0.580 5 5
200 -1.441 0.584 7 7
201 -1.436 0.591 8 8
202 -1.442 0.594 7 7
203 -1.414 0.598 9 9
204 -1.421 0.582 6 6
205 -1.406 0.573 8 8
206 -1.365 0.569 7 7
207 -1.378 0.549 6 6
208 -1.383 0.529 6 6
209 -1.417 0.556 2 2
210 -1.426 0.551 2 2
211 -1.446 0.543 3 3
212 -1.419 0.547 4 4
213 -1.422 0.547 6 6
214 -1.428 0.544 6 6
215 -1.418 0.550 8 8
216 -1.402 0.550 8 8
217 -1.374 0.551 8 8
218 -1.384 0.541 8 8
219 -1.387 0.538 9 9
220 -1.367 0.535 8 8
221 -1.382 0.538 9 9
222 -1.406 0.546 8 8
223 -1.390 0.545 11 11
224 -1.382 0.551 8 8
225 -1.388 0.557 11 11
226 -1.388 0.551 11 11
227 -1.415 0.555 8 8
228 -1.419 0.556 11 11
229 -1.421 0.567 8 8
230 -1.422 0.569 7 7
231 -1.413 0.557 7 7
232 -1.409 0.557 8 8
233 -1.420 0.572 5 5
234 -1.417 0.581 6 6
235 -1.446 0.590 6 6
236 -1.442 0.606 1 1
237 -1.420 0.599 5 5
238 -1.385 0.595 9 9
239 -1.415 0.599 6 6
240 -1.415 0.605 11 11
241 -1.419 0.595 11 11
242 -1.412 0.593 8 8
243 -1.355 0.588 8 8
244 -1.365 0.588 9 9
245 -1.358 0.587 8 8
246 -1.409 0.596 8 8
247 -1.387 0.567 8 8
248 -1.429 0.574 7 7
249 -1.421 0.559 10 10
250 -1.413 0.576 8 8
251 -1.426 0.581 6 6
252 -1.451 0.593 9 9
253 -1.442 0.587 7 7
254 -1.443 0.573 6 6
255 -1.444 0.566 6 6
256 -1.398 0.531 6 6
257 -1.401 0.530 8 8
258 -1.410 0.519 9 9
259 -1.393 0.511 10 10
260 -1.366 0.505 10 10
261 -1.416 0.525 10 10
262 -1.424 0.537 5 5
263 -1.423 0.536 6 6
264 -1.393 0.535 7 7
265 -1.408 0.538 4 4
266 -1.383 0.524 7 7
267 -1.389 0.510 5 5
268 -1.399 0.516 5 5
269 -1.422 0.510 6 6
270 -1.395 0.518 6 6
271 -1.380 0.517 10 10
272 -1.408 0.530 6 6
273 -1.386 0.535 6 6
274 -1.400 0.525 8 8
275 -1.406 0.519 7 7
276 -1.424 0.517 6 6
277 -1.421 0.504 3 3
278 -1.435 0.508 5 5
279 -1.422 0.510 5 5
280 -1.437 0.519 6 6
281 -1.454 0.521 6 6
282 -1.422 0.512 3 3
283 -1.394 0.508 4 4
284 -1.415 0.521 5 5
285 -1.412 0.514 8 8
286 -1.395 0.510 9 9
287 -1.363 0.516 7 7
288 -1.385 0.538 6 6
289 -1.365 0.527 8 8
290 -1.429 0.541 7 7
291 -1.423 0.526 7 7
292 -1.425 0.529 4 4
293 -1.414 0.522 3 3
294 -1.406 0.530 5 5
295 -1.404 0.534 6 6
296 -1.381 0.525 6 6
297 -1.414 0.528 7 7
298 -1.411 0.516 8 8
299 -1.405 0.509 7 7
300 -1.411 0.511 11 11
301 -1.406 0.507 5 5
302 -1.395 0.501 8 8
303 -1.408 0.503 5 5
304 -1.376 0.499 6 6
305 -1.390 0.481 6 6
306 -1.427 0.494 6 6
307 -1.427 0.501 6 6
308 -1.461 0.500 4 4
309 -1.421 0.485 6 6
310 -1.418 0.491 4 4
311 -1.413 0.512 7 7
312 -1.418 0.514 7 7
313 -1.428 0.504 6 6
314 -1.381 0.507 9 9
315 -1.366 0.497 9 9
316 -1.351 0.498 10 10
317 -1.407 0.512 5 5
318 -1.401 0.514 9 9
319 -1.417 0.513 9 9
320 -1.394 0.503 7 7
321 -1.389 0.490 8 8
322 -1.415 0.494 7 7
323 -1.391 0.503 8 8
324 -1.378 0.514 8 8
325 -1.402 0.513 9 9
326 -1.389 0.523 9 9
327 -1.390 0.544 9 9
328 -1.374 0.526 13 13
329 -1.374 0.506 8 8
330 -1.380 0.523 8 8
331 -1.418 0.541 6 6
332 -1.408 0.536 5 5
333 -1.430 0.535 7 7
334 -1.431 0.544 4 4
335 -1.460 0.532 6 6
336 -1.458 0.532 4 4
337 -1.443 0.529 7 7
338 -1.405 0.518 9 9
339 -1.403 0.502 10 10
340 -1.389 0.499 10 10
341 -1.392 0.507 9 9
342 -1.355 0.505 11 11
343 -1.401 0.505 12 12
344 -1.393 0.499 11 11
345 -1.384 0.504 14 14
346 -1.371 0.512 11 11
347 -1.391 0.517 10 10
348 -1.384 0.521 8 8
349 -1.426 0.540 8 8
350 -1.392 0.524 8 8
351 -1.416 0.529 6 6
352 -1.381 0.521 8 8
353 -1.341 0.501 9 9
354 -1.371 0.525 11 11
355 -1.366 0.540 10 10
356 -1.395 0.552 7 7
357 -1.425 0.560 8 8
358 -1.402 0.517 8 8
359 -1.428 0.523 8 8
360 -1.415 0.495 5 5
361 -1.434 0.490 5 5
362 -1.412 0.489 7 7
363 -1.404 0.485 4 4
364 -1.391 0.484 4 4
365 -1.425 0.484 4 4
366 -1.410 0.489 5 5
367 -1.407 0.480 6 6
368 -1.409 0.479 4 4
369 -1.403 0.473 4 4
370 -1.428 0.490 6 6
371 -1.402 0.495 7 7
372 -1.418 0.488 7 7
373 -1.426 0.475 8 8
374 -1.415 0.481 7 7
375 -1.420 0.466 5 5
376 -1.366 0.440 7 7
377 -1.403 0.447 11 11
378 -1.372 0.472 9 9
379 -1.379 0.447 9 9
380 -1.375 0.452 6 6
381 -1.361 0.442 7 7
382 -1.367 0.448 8 8
383 -1.370 0.452 8 8
384 -1.347 0.460 9 9
385 -1.372 0.457 8 8
386 -1.386 0.482 6 6
387 -1.340 0.486 9 9
388 -1.378 0.486 7 7
389 -1.403 0.503 7 7
390 -1.407 0.494 8 8
391 -1.368 0.491 13 13
392 -1.362 0.497 12 12
393 -1.353 0.507 9 9
394 -1.352 0.511 9 9
395 -1.371 0.518 8 8
396 -1.352 0.509 5 5
397 -1.375 0.519 7 7
398 -1.365 0.527 10 10
399 -1.393 0.526 5 5
400 -1.403 0.514 5 5
401 -1.388 0.510 7 7
402 -1.421 0.507 9 9
403 -1.431 0.511 9 9
404 -1.395 0.518 7 7
405 -1.389 0.515 7 7
406 -1.408 0.510 4 4
407 -1.401 0.511 7 7
408 -1.398 0.504 5 5
409 -1.413 0.514 4 4
410 -1.388 0.495 7 7
411 -1.404 0.492 7 7
412 -1.410 0.511 7 7
413 -1.396 0.496 8 8
414 -1.404 0.490 9 9
415 -1.426 0.475 7 7
416 -1.418 0.480 7 7
417 -1.398 0.484 7 7
418 -1.399 0.485 9 9
419 -1.407 0.472 10 10
420 -1.394 0.449 8 8
421 -1.374 0.447 8 8
422 -1.373 0.432 10 10
423 -1.392 0.433 7 7
424 -1.393 0.458 10 10
425 -1.400 0.466 10 10
426 -1.397 0.478 11 11
427 -1.407 0.482 10 10
428 -1.413 0.492 11 11
429 -1.442 0.519 7 7
430 -1.427 0.515 7 7
431 -1.426 0.508 9 9
432 -1.385 0.496 7 7
433 -1.369 0.480 7 7
434 -1.378 0.458 9 9
435 -1.372 0.465 12 12
436 -1.358 0.463 9 9
437 -1.368 0.462 10 10
438 -1.430 0.474 7 7
439 -1.433 0.468 8 8
440 -1.431 0.480 9 9
441 -1.433 0.481 5 5
442 -1.372 0.471 5 5
443 -1.411 0.496 4 4
444 -1.429 0.524 5 5
445 -1.446 0.509 5 5
446 -1.420 0.497 6 6
447 -1.427 0.510 6 6
448 -1.438 0.504 6 6
449 -1.432 0.504 4 4
450 -1.406 0.507 8 8
451 -1.382 0.507 10 10
452 -1.367 0.503 9 9
453 -1.392 0.503 11 11
454 -1.412 0.506 9 9
455 -1.431 0.486 7 7
456 -1.415 0.479 6 6
457 -1.405 0.491 6 6
458 -1.423 0.498 6 6
459 -1.420 0.496 11 11
460 -1.428 0.505 8 8
461 -1.420 0.496 9 9
462 -1.427 0.494 7 7
463 -1.437 0.494 5 5
464 -1.447 0.484 7 7
465 -1.440 0.489 6 6
466 -1.406 0.473 4 4
467 -1.380 0.472 4 4
468 -1.376 0.458 8 8
469 -1.375 0.476 14 14
470 -1.380 0.488 8 8
471 -1.380 0.468 8 8
472 -1.366 0.449 7 7
473 -1.378 0.458 6 6
474 -1.383 0.468 5 5
475 -1.380 0.469 5 5
476 -1.414 0.482 6 6
477 -1.400 0.483 7 7
478 -1.401 0.491 5 5
479 -1.414 0.506 6 6
480 -1.428 0.500 5 5
481 -1.408 0.506 5 5
482 -1.389 0.511 6 6
483 -1.423 0.496 7 7
484 -1.435 0.515 7 7
485 -1.409 0.505 8 8
486 -1.389 0.498 8 8
487 -1.402 0.513 12 12
488 -1.393 0.514 11 11
489 -1.422 0.513 7 7
490 -1.445 0.523 5 5
491 -1.442 0.552 5 5
492 -1.409 0.549 7 7
493 -1.409 0.565 11 11
494 -1.439 0.559 7 7
495 -1.430 0.560 6 6
496 -1.386 0.560 6 6
497 -1.381 0.544 10 10
498 -1.401 0.547 9 9
499 -1.382 0.545 9 9
500 -1.372 0.551 7 7
501 -1.412 0.555 6 6
502 -1.386 0.561 6 6
503 -1.389 0.565 11 11
504 -1.402 0.561 8 8
505 -1.375 0.550 9 9
506 -1.406 0.558 4 4
507 -1.444 0.563 4 4
508 -1.400 0.558 5 5
509 -1.379 0.546 6 6
510 -1.371 0.537 4 4
511 -1.389 0.547 7 7
512 -1.404 0.568 7 7
513 -1.397 0.569 6 6
514 -1.397 0.569 8 8
515 -1.363 0.556 10 10
516 -1.388 0.561 10 10
517 -1.404 0.556 9 9
518 -1.377 0.539 10 10
519 -1.390 0.536 8 8
520 -1.400 0.546 9 9
521 -1.398 0.549 8 8
522 -1.361 0.540 10 10
523 -1.351 0.558 12 12
524 -1.364 0.550 10 10
525 -1.373 0.561 12 12
526 -1.367 0.537 14 14
527 -1.353 0.541 11 11
528 -1.345 0.544 14 14
529 -1.328 0.549 13 13
530 -1.327 0.533 13 13
531 -1.334 0.512 11 11
532 -1.311 0.510 12 12
533 -1.380 0.527 10 10
534 -1.374 0.520 6 6
535 -1.345 0.522 10 10
536 -1.352 0.550 11 11
537 -1.347 0.546 10 10
538 -1.354 0.563 11 11
539 -1.365 0.553 7 7
540 -1.390 0.562 8 8
541 -1.392 0.569 6 6
542 -1.427 0.574 6 6
543 -1.408 0.562 6 6
544 -1.386 0.563 5 5
545 -1.379 0.565 6 6
546 -1.378 0.569 6 6
547 -1.359 0.558 5 5
548 -1.354 0.570 9 9
549 -1.377 0.579 8 8
550 -1.402 0.559 6 6
551 -1.400 0.553 6 6
552 -1.372 0.555 4 4
553 -1.406 0.564 8 8
554 -1.412 0.558 8 8
555 -1.448 0.574 7 7
556 -1.431 0.575 7 7
557 -1.426 0.580 5 5
558 -1.408 0.581 6 6
559 -1.423 0.586 7 7
560 -1.441 0.594 5 5
561 -1.422 0.600 7 7
562 -1.409 0.607 7 7
563 -1.436 0.604 6 6
564 -1.425 0.601 6 6
565 -1.442 0.609 5 5
566 -1.430 0.590 6 6
567 -1.375 0.597 7 7
568 -1.389 0.606 8 8
569 -1.393 0.605 7 7
570 -1.419 0.617 8 8
571 -1.393 0.630 8 8
572 -1.408 0.640 6 6
573 -1.424 0.638 7 7
574 -1.431 0.648 5 5
575 -1.440 0.652 4 4
576 -1.419 0.637 8 8
577 -1.393 0.631 7 7
578 -1.387 0.625 7 7
579 -1.381 0.625 10 10
580 -1.381 0.632 10 10
581 -1.358 0.628 12 12
582 -1.370 0.629 10 10
583 -1.407 0.642 6 6
584 -1.387 0.649 8 8
585 -1.411 0.655 7 7
586 -1.410 0.659 7 7
587 -1.387 0.648 9 9
588 -1.390 0.632 6 6
589 -1.402 0.634 4 4
590 -1.431 0.657 4 4
591 -1.419 0.657 3 3
592 -1.415 0.654 8 8
593 -1.419 0.641 5 5
594 -1.423 0.642 4 4
595 -1.431 0.641 5 5
596 -1.413 0.635 4 4
597 -1.388 0.632 4 4
598 -1.427 0.636 4 4
599 -1.418 0.637 6 6
600 -1.408 0.633 6 6
601 -1.433 0.640 9 9
602 -1.403 0.639 7 7
603 -1.382 0.640 6 6
604 -1.403 0.652 7 7
605 -1.392 0.654 7 7
606 -1.388 0.658 7 7
607 -1.417 0.651 7 7
608 -1.412 0.642 5 5
609 -1.428 0.643 4 4
610 -1.430 0.643 7 7
611 -1.427 0.649 4 4
612 -1.437 0.660 4 4
613 -1.423 0.636 4 4
614 -1.418 0.638 3 3
615 -1.416 0.628 2 2
616 -1.468 0.642 1 1
617 -1.475 0.643 3 3
618 -1.474 0.648 4 4
619 -1.470 0.642 4 4
620 -1.447 0.630 3 3
621 -1.465 0.644 4 4
622 -1.464 0.654 6 6
623 -1.416 0.643 5 5
624 -1.379 0.638 5 5
625 -1.429 0.656 6 6
626 -1.435 0.652 4 4
627 -1.430 0.656 7 7
628 -1.450 0.672 7 7
629 -1.433 0.665 4 4
630 -1.430 0.664 5 5
631 -1.436 0.660 2 2
632 -1.434 0.654 1 1
633 -1.424 0.659 1 1
634 -1.433 0.670 2 2
635 -1.447 0.679 2 2
636 -1.473 0.686 3 3
637 -1.468 0.687 3 3
638 -1.473 0.687 4 4
639 -1.443 0.672 3 3
640 -1.444 0.678 2 2
641 -1.441 0.666 4 4
642 -1.451 0.676 3 3
643 -1.417 0.672 8 8
644 -1.400 0.667 6 6
645 -1.398 0.658 5 5
646 -1.359 0.657 8 8
647 -1.403 0.659 9 9
648 -1.414 0.650 5 5
649 -1.403 0.650 7 7
650 -1.393 0.640 7 7
651 -1.392 0.633 8 8
652 -1.397 0.649 7 7
653 -1.383 0.640 6 6
654 -1.395 0.632 4 4
655 -1.401 0.629 4 4
656 -1.378 0.624 2 2
657 -1.368 0.620 5 5
658 -1.432 0.635 6 6
659 -1.439 0.639 5 5
660 -1.438 0.645 5 5
661 -1.461 0.654 4 4
662 -1.441 0.647 5 5
663 -1.394 0.651 4 4
664 -1.407 0.644 4 4
665 -1.419 0.643 3 3
666 -1.418 0.658 5 5
667 -1.437 0.662 5 5
668 -1.425 0.659 6 6
669 -1.471 0.674 6 6
670 -1.436 0.673 4 4
671 -1.425 0.656 4 4
672 -1.442 0.670 2 2
673 -1.423 0.651 4 4
674 -1.432 0.644 6 6
675 -1.446 0.634 6 6
676 -1.464 0.645 7 7
677 -1.407 0.616 7 7
678 -1.402 0.619 9 9
679 -1.405 0.623 8 8
680 -1.417 0.630 6 6
681 -1.405 0.644 6 6
682 -1.443 0.659 6 6
683 -1.430 0.653 5 5
684 -1.451 0.651 7 7
685 -1.461 0.656 5 5
686 -1.435 0.643 5 5
687 -1.430 0.635 4 4
688 -1.431 0.634 4 4
689 -1.456 0.654 5 5
690 -1.437 0.663 6 6
691 -1.425 0.648 6 6
692 -1.427 0.646 6 6
693 -1.414 0.643 5 5
694 -1.434 0.639 3 3
695 -1.416 0.626 4 4
696 -1.401 0.619 5 5
697 -1.426 0.629 7 7
698 -1.423 0.625 7 7
699 -1.401 0.619 9 9
700 -1.416 0.624 5 5
701 -1.400 0.609 4 4
702 -1.405 0.624 6 6
703 -1.403 0.624 7 7
704 -1.413 0.633 7 7
705 -1.416 0.629 8 8
706 -1.399 0.634 5 5
707 -1.446 0.653 5 5
708 -1.451 0.661 4 4
709 -1.454 0.651 2 2
710 -1.437 0.651 4 4
711 -1.439 0.652 3 3
712 -1.434 0.655 5 5
713 -1.433 0.653 6 6
714 -1.434 0.646 5 5
715 -1.435 0.649 3 3
716 -1.428 0.649 2 2
717 -1.416 0.652 5 5
718 -1.432 0.653 3 3
719 -1.405 0.640 6 6
720 -1.407 0.633 7 7
721 -1.417 0.623 9 9
722 -1.412 0.627 2 2
723 -1.389 0.611 8 8
724 -1.399 0.610 7 7
725 -1.380 0.602 4 4
726 -1.392 0.587 3 3
727 -1.434 0.588 5 5
728 -1.419 0.595 6 6
729 -1.415 0.592 7 7
730 -1.425 0.592 5 5
731 -1.423 0.581 4 4
732 -1.424 0.585 5 5
733 -1.416 0.574 7 7
734 -1.429 0.582 5 5
735 -1.444 0.577 3 3
736 -1.438 0.579 6 6
737 -1.419 0.588 9 9
738 -1.413 0.598 9 9
739 -1.412 0.589 6 6
740 -1.420 0.593 8 8
741 -1.404 0.585 7 7
742 -1.370 0.566 7 7
743 -1.397 0.576 9 9
744 -1.365 0.552 7 7
745 -1.368 0.558 7 7
746 -1.389 0.566 6 6
747 -1.394 0.556 10 10
748 -1.387 0.568 7 7
749 -1.398 0.562 7 7
750 -1.396 0.572 6 6
751 -1.398 0.577 5 5
752 -1.413 0.579 8 8
753 -1.409 0.589 4 4
754 -1.430 0.591 4 4
755 -1.440 0.606 3 3
756 -1.434 0.605 6 6
757 -1.488 0.608 3 3
758 -1.452 0.618 2 2
759 -1.448 0.610 3 3
760 -1.447 0.602 2 2
761 -1.447 0.609 3 3
762 -1.464 0.622 4 4
763 -1.451 0.627 3 3
764 -1.436 0.619 4 4
765 -1.405 0.628 7 7
766 -1.419 0.651 6 6
767 -1.443 0.657 3 3
768 -1.474 0.665 4 4
769 -1.469 0.660 1 1
770 -1.461 0.664 1 1
771 -1.450 0.645 2 2
772 -1.425 0.653 2 2
773 -1.451 0.653 4 4
774 -1.428 0.646 4 4
775 -1.448 0.656 5 5
776 -1.436 0.656 6 6
777 -1.465 0.665 4 4
778 -1.447 0.651 4 4
779 -1.426 0.654 4 4
780 -1.462 0.676 3 3
781 -1.460 0.668 3 3
782 -1.470 0.665 4 4
783 -1.447 0.668 6 6
784 -1.475 0.660 4 4
785 -1.466 0.660 4 4
786 -1.424 0.641 5 5
787 -1.412 0.627 6 6
788 -1.389 0.628 7 7
789 -1.412 0.646 5 5
790 -1.410 0.654 5 5
791 -1.387 0.642 7 7
792 -1.345 0.631 7 7
793 -1.372 0.626 8 8
794 -1.386 0.636 8 8
795 -1.400 0.624 9 9
796 -1.420 0.638 8 8
797 -1.434 0.642 5 5
798 -1.440 0.638 4 4
799 -1.427 0.628 7 7
800 -1.409 0.619 4 4
801 -1.436 0.632 4 4
802 -1.438 0.629 3 3
803 -1.447 0.638 5 5
804 -1.449 0.647 4 4
805 -1.443 0.651 4 4
806 -1.426 0.659 4 4
807 -1.437 0.679 5 5
808 -1.458 0.678 4 4
809 -1.464 0.687 2 2
810 -1.459 0.677 5 5
811 -1.463 0.682 3 3
812 -1.475 0.704 3 3
813 -1.461 0.698 6 6
814 -1.468 0.701 1 1
815 -1.445 0.687 1 1
816 -1.395 0.674 3 3
817 -1.432 0.675 2 2
818 -1.476 0.687 2 2
819 -1.435 0.669 2 2
820 -1.444 0.675 1 1
821 -1.463 0.684 3 3
822 -1.403 0.672 5 5
823 -1.399 0.672 3 3
824 -1.410 0.672 3 3
825 -1.456 0.685 1 1
826 -1.457 0.698 2 2
827 -1.475 0.700 0 0
828 -1.473 0.695 0 0
829 -1.446 0.699 0 0
830 -1.476 0.697 1 1
831 -1.462 0.703 3 3
832 -1.474 0.701 3 3
833 -1.443 0.696 3 3
834 -1.445 0.697 4 4
835 -1.433 0.685 4 4
836 -1.418 0.679 7 7
837 -1.408 0.677 4 4
838 -1.430 0.671 4 4
839 -1.434 0.668 7 7
840 -1.438 0.681 5 5
841 -1.435 0.678 5 5
842 -1.434 0.676 5 5
843 -1.477 0.695 1 1
844 -1.443 0.675 5 5
845 -1.423 0.672 5 5
846 -1.442 0.677 5 5
847 -1.421 0.683 7 7
848 -1.419 0.685 6 6
849 -1.444 0.687 8 8
850 -1.430 0.680 6 6
851 -1.431 0.687 9 9
852 -1.432 0.688 8 8
853 -1.467 0.701 4 4
854 -1.483 0.706 4 4
855 -1.433 0.690 5 5
856 -1.432 0.688 4 4
857 -1.441 0.692 3 3
858 -1.435 0.697 3 3
859 -1.398 0.693 5 5
860 -1.401 0.693 5 5
861 -1.408 0.700 5 5
862 -1.464 0.713 6 6
863 -1.431 0.701 8 8
864 -1.428 0.703 8 8
865 -1.440 0.707 9 9
866 -1.452 0.711 7 7
867 -1.445 0.710 6 6
868 -1.391 0.692 7 7
869 -1.398 0.679 8 8
870 -1.446 0.693 6 6
871 -1.423 0.690 7 7
872 -1.439 0.693 6 6
873 -1.439 0.685 8 8
874 -1.400 0.678 8 8
875 -1.422 0.689 5 5
876 -1.393 0.670 8 8
877 -1.386 0.661 6 6
878 -1.379 0.651 8 8
879 -1.360 0.651 5 5
880 -1.365 0.647 8 8
881 -1.406 0.653 6 6
882 -1.391 0.647 7 7
883 -1.411 0.671 6 6
884 -1.434 0.685 7 7
885 -1.443 0.689 6 6
886 -1.445 0.692 6 6
887 -1.463 0.693 6 6
888 -1.454 0.699 2 2
889 -1.465 0.704 2 2
890 -1.484 0.711 2 2
891 -1.455 0.703 3 3
892 -1.443 0.703 4 4
893 -1.443 0.715 2 2
894 -1.463 0.711 3 3
895 -1.456 0.708 2 2
896 -1.434 0.705 4 4
897 -1.431 0.708 3 3
898 -1.460 0.710 2 2
899 -1.443 0.689 4 4
900 -1.444 0.686 1 1
901 -1.459 0.689 2 2
902 -1.467 0.695 2 2
903 -1.478 0.707 2 2
904 -1.463 0.685 2 2
905 -1.474 0.690 2 2
906 -1.416 0.661 3 3
907 -1.461 0.674 4 4
908 -1.460 0.671 4 4
909 -1.427 0.674 4 4
910 -1.443 0.675 3 3
911 -1.411 0.667 5 5
912 -1.419 0.664 6 6
913 -1.403 0.662 6 6
914 -1.419 0.655 8 8
915 -1.444 0.664 3 3
916 -1.421 0.663 6 6
917 -1.435 0.653 6 6
918 -1.419 0.641 6 6
919 -1.426 0.646 4 4
920 -1.400 0.644 4 4
921 -1.464 0.655 1 1
922 -1.470 0.674 1 1
923 -1.462 0.658 2 2
924 -1.449 0.665 2 2
925 -1.447 0.664 3 3
926 -1.436 0.656 4 4
927 -1.420 0.656 5 5
928 -1.393 0.646 7 7
929 -1.368 0.648 8 8
930 -1.402 0.664 4 4
931 -1.436 0.679 5 5
932 -1.428 0.667 6 6
933 -1.432 0.667 5 5
934 -1.447 0.672 7 7
935 -1.447 0.681 5 5
936 -1.465 0.683 3 3
937 -1.444 0.685 6 6
938 -1.444 0.684 7 7
939 -1.459 0.668 6 6
940 -1.462 0.658 3 3
941 -1.461 0.650 5 5
942 -1.478 0.656 4 4
943 -1.451 0.646 5 5
944 -1.428 0.631 3 3
945 -1.439 0.614 6 6
946 -1.419 0.604 8 8
947 -1.416 0.609 6 6
948 -1.399 0.611 5 5
949 -1.384 0.601 8 8
950 -1.343 0.590 12 12
951 -1.395 0.604 7 7
952 -1.392 0.617 5 5
953 -1.399 0.622 3 3
954 -1.394 0.609 8 8
955 -1.409 0.604 9 9
956 -1.418 0.609 9 9
957 -1.399 0.605 8 8
958 -1.388 0.597 10 10
959 -1.413 0.615 9 9
960 -1.389 0.623 7 7
961 -1.394 0.640 6 6
962 -1.383 0.636 5 5
963 -1.434 0.651 6 6
964 -1.421 0.647 3 3
965 -1.433 0.651 4 4
966 -1.439 0.654 4 4
967 -1.438 0.659 2 2
968 -1.452 0.654 3 3
969 -1.473 0.668 1 1
970 -1.473 0.678 2 2
971 -1.485 0.674 2 2
972 -1.476 0.678 1 1
973 -1.474 0.685 0 0
974 -1.516 0.692 0 0
975 -1.481 0.680 0 0
976 -1.479 0.674 3 3
977 -1.485 0.664 2 2
978 -1.473 0.664 2 2
979 -1.475 0.665 2 2
980 -1.477 0.666 1 1
981 -1.467 0.662 4 4
982 -1.426 0.645 4 4
983 -1.415 0.654 5 5
984 -1.435 0.663 4 4
985 -1.464 0.668 2 2
986 -1.461 0.677 2 2
987 -1.425 0.675 2 2
988 -1.471 0.685 4 4
989 -1.483 0.689 3 3
990 -1.497 0.701 2 2
991 -1.475 0.698 4 4
992 -1.457 0.688 3 3
993 -1.453 0.688 2 2
994 -1.480 0.699 3 3
995 -1.468 0.689 4 4
996 -1.470 0.690 3 3
997 -1.479 0.701 4 4
998 -1.493 0.705 2 2
999 -1.461 0.692 4 4
1000 -1.436 0.682 1 1
metropolis_sampling>

<final_statistics_metadata
energy=-1.419972
magnetization=0.604566
vortex_positive=5.766
vortex_negative=5.766
final_statistics_metadata>

<final_field_values
0.248 0.029 0.060 0.972 0.017 0.212 0.451 0.358 0.097 0.171 0.217 0.435 0.343 0.430 0.349 0.328 0.520 0.562 0.451 0.550 0.530 0.461 0.515 0.575 0.417 0.600 0.625 0.308 0.337 0.247 0.143 0.060 
0.177 0.001 0.910 0.227 0.333 0.234 0.509 0.484 0.332 0.213 0.176 0.425 0.316 0.345 0.322 0.589 0.481 0.436 0.524 0.471 0.565 0.433 0.506 0.488 0.308 0.563 0.668 0.659 0.321 0.258 0.256 0.147 
0.203 0.141 0.019 0.306 0.314 0.265 0.379 0.498 0.549 0.388 0.427 0.278 0.246 0.317 0.332 0.362 0.335 0.420 0.570 0.594 0.526 0.546 0.413 0.403 0.598 0.559 0.476 0.567 0.440 0.404 0.267 0.395 
0.319 0.226 0.085 0.261 0.167 0.348 0.341 0.337 0.298 0.426 0.098 0.166 0.361 0.292 0.535 0.232 0.236 0.373 0.453 0.593 0.465 0.503 0.357 0.517 0.489 0.361 0.382 0.458 0.345 0.312 0.426 0.254 
0.331 0.328 0.344 0.500 0.310 0.280 0.326 0.272 0.298 0.318 0.106 0.413 0.515 0.486 0.487 0.476 0.622 0.497 0.407 0.525 0.655 0.511 0.472 0.360 0.419 0.319 0.386 0.370 0.406 0.438 0.206 0.223 
0.382 0.112 0.198 0.336 0.305 0.368 0.295 0.324 0.456 0.459 0.393 0.214 0.338 0.358 0.303 0.370 0.453 0.427 0.491 0.516 0.303 0.452 0.452 0.390 0.413 0.321 0.388 0.493 0.385 0.443 0.098 0.336 
0.391 0.284 0.379 0.264 0.268 0.383 0.314 0.389 0.982 0.440 0.297 0.121 0.367 0.286 0.397 0.416 0.438 0.453 0.571 0.646 0.390 0.493 0.567 0.525 0.287 0.398 0.470 0.593 0.547 0.371 0.304 0.202 
0.347 0.583 0.533 0.337 0.342 0.441 0.360 0.207 0.437 0.338 0.444 0.473 0.442 0.315 0.330 0.298 0.377 0.455 0.658 0.631 0.566 0.572 0.380 0.465 0.550 0.335 0.429 0.471 0.543 0.412 0.484 0.407 
0.477 0.445 0.467 0.387 0.258 0.259 0.371 0.314 0.369 0.298 0.406 0.348 0.401 0.405 0.509 0.459 0.476 0.604 0.736 0.587 0.613 0.515 0.289 0.270 0.360 0.334 0.282 0.589 0.522 0.650 0.567 0.521 
0.466 0.399 0.544 0.355 0.483 0.382 0.460 0.511 0.338 0.164 0.386 0.164 0.395 0.308 0.362 0.603 0.537 0.608 0.536 0.483 0.483 0.631 0.371 0.388 0.251 0.283 0.294 0.562 0.525 0.590 0.405 0.489 
0.343 0.286 0.247 0.297 0.375 0.379 0.377 0.506 0.498 0.444 0.330 0.441 0.394 0.228 0.361 0.433 0.556 0.698 0.483 0.533 0.573 0.463 0.376 0.334 0.403 0.259 0.307 0.361 0.358 0.344 0.437 0.355 
0.365 0.067 0.459 0.290 0.287 0.169 0.382 0.433 0.605 0.543 0.315 0.202 0.312 0.524 0.482 0.485 0.390 0.569 0.551 0.568 0.486 0.450 0.470 0.521 0.368 0.095 0.321 0.500 0.481 0.458 0.510 0.326 
0.482 0.295 0.339 0.361 0.296 0.366 0.402 0.499 0.502 0.393 0.482 0.499 0.535 0.222 0.244 0.301 0.569 0.555 0.555 0.624 0.555 0.388 0.413 0.434 0.385 0.459 0.376 0.596 0.514 0.466 0.506 0.553 
0.561 0.459 0.470 0.425 0.496 0.418 0.495 0.486 0.440 0.464 0.485 0.657 0.555 0.437 0.425 0.543 0.544 0.581 0.633 0.517 0.462 0.406 0.382 0.397 0.425 0.391 0.079 0.392 0.596 0.529 0.458 0.533 
0.457 0.414 0.371 0.447 0.491 0.438 0.616 0.610 0.634 0.495 0.570 0.781 0.482 0.319 0.489 0.458 0.519 0.432 0.571 0.577 0.451 0.584 0.578 0.315 0.188 0.323 0.170 0.542 0.633 0.392 0.291 0.371 
0.510 0.340 0.327 0.328 0.454 0.513 0.503 0.424 0.421 0.435 0.473 0.475 0.427 0.607 0.456 0.491 0.681 0.558 0.571 0.509 0.386 0.592 0.551 0.340 0.306 0.394 0.349 0.535 0.441 0.360 0.379 0.302 
0.340 0.278 0.092 0.423 0.448 0.455 0.321 0.288 0.315 0.358 0.586 0.577 0.273 0.369 0.563 0.450 0.616 0.533 0.615 0.588 0.472 0.555 0.605 0.345 0.402 0.473 0.389 0.544 0.432 0.514 0.360 0.376 
0.342 0.319 0.214 0.251 0.416 0.279 0.267 0.289 0.414 0.360 0.337 0.426 0.340 0.403 0.440 0.450 0.657 0.654 0.591 0.635 0.602 0.567 0.852 0.613 0.496 0.469 0.512 0.515 0.546 0.605 0.570 0.531 
0.390 0.273 0.306 0.310 0.401 0.296 0.455 0.297 0.506 0.408 0.404 0.476 0.234 0.200 0.299 0.267 0.862 0.774 0.625 0.674 0.607 0.635 0.649 0.670 0.515 0.517 0.548 0.572 0.661 0.774 0.605 0.363 
0.471 0.525 0.401 0.582 0.495 0.434 0.398 0.336 0.332 0.260 0.236 0.169 0.278 0.362 0.074 0.160 0.103 0.175 0.455 0.365 0.441 0.617 0.486 0.502 0.612 0.263 0.679 0.548 0.600 0.554 0.636 0.550 
0.538 0.403 0.241 0.434 0.386 0.356 0.406 0.471 0.429 0.255 0.314 0.273 0.525 0.371 0.339 0.202 0.215 0.493 0.322 0.421 0.393 0.603 0.525 0.490 0.510 0.582 0.470 0.681 0.583 0.332 0.588 0.391 
0.372 0.322 0.264 0.271 0.252 0.454 0.463 0.375 0.354 0.268 0.460 0.402 0.709 0.463 0.393 0.249 0.245 0.570 0.382 0.334 0.425 0.459 0.503 0.329 0.467 0.448 0.551 0.565 0.598 0.388 0.460 0.461 
0.463 0.455 0.440 0.148 0.334 0.378 0.442 0.466 0.560 0.494 0.470 0.281 0.466 0.546 0.326 0.389 0.404 0.463 0.371 0.406 0.412 0.341 0.465 0.510 0.411 0.317 0.370 0.599 0.619 0.529 0.475 0.387 
0.412 0.223 0.522 0.324 0.225 0.405 0.585 0.405 0.515 0.489 0.332 0.431 0.378 0.482 0.592 0.348 0.386 0.441 0.504 0.464 0.481 0.399 0.431 0.273 0.468 0.285 0.375 0.489 0.484 0.460 0.453 0.389 
0.609 0.424 0.546 0.285 0.092 0.409 0.349 0.514 0.558 0.503 0.444 0.508 0.646 0.620 0.590 0.168 0.373 0.439 0.421 0.540 0.426 0.495 0.373 0.348 0.294 0.300 0.535 0.599 0.480 0.459 0.284 0.393 
0.541 0.446 0.410 0.292 0.188 0.393 0.455 0.394 0.561 0.525 0.548 0.430 0.440 0.487 0.389 0.316 0.251 0.280 0.316 0.396 0.352 0.338 0.398 0.503 0.473 0.466 0.513 0.523 0.482 0.385 0.147 0.376 
0.478 0.444 0.300 0.097 0.108 0.333 0.363 0.239 0.413 0.336 0.517 0.394 0.551 0.517 0.354 0.325 0.261 0.374 0.332 0.388 0.368 0.188 0.439 0.496 0.448 0.607 0.547 0.300 0.030 0.158 0.238 0.558 
0.471 0.453 0.210 0.132 0.222 0.361 0.326 0.394 0.477 0.491 0.433 0.375 0.417 0.310 0.256 0.132 0.209 0.293 0.344 0.233 0.265 0.371 0.442 0.315 0.363 0.245 0.406 0.342 0.473 0.270 0.359 0.460 
0.304 0.387 0.291 0.189 0.220 0.259 0.135 0.206 0.485 0.467 0.389 0.348 0.298 0.153 0.203 0.269 0.174 0.208 0.383 0.320 0.389 0.419 0.526 0.362 0.468 0.479 0.420 0.363 0.419 0.202 0.332 0.288 
0.341 0.378 0.341 0.242 0.195 0.187 0.178 0.201 0.219 0.327 0.223 0.314 0.282 0.208 0.047 0.164 0.250 0.256 0.261 0.345 0.384 0.403 0.429 0.630 0.660 0.665 0.428 0.400 0.317 0.443 0.447 0.325 
0.282 0.280 0.408 0.283 0.281 0.197 0.358 0.308 0.152 0.260 0.300 0.260 0.334 0.167 0.186 0.172 0.342 0.325 0.359 0.433 0.532 0.647 0.642 0.552 0.676 0.673 0.615 0.427 0.421 0.306 0.139 0.202 
0.275 0.327 0.269 0.181 0.353 0.320 0.193 0.162 0.340 0.431 0.315 0.588 0.396 0.241 0.985 0.076 0.042 0.321 0.435 0.437 0.572 0.491 0.507 0.438 0.617 0.735 0.516 0.364 0.312 0.195 0.266 0.201 
final_field_values>
