nsamples=1000, beta=1.20, nx=32, ny=32
<metropolis_sampling_metadata
equilibration_steps=10240000
nsamples=1000
metropolis_sampling_metadata>
<metropolis_sampling
1 -1.503 0.730 4 4
2 -1.545 0.740 2 2
3 -1.534 0.738 1 1
4 -1.516 0.742 3 3
5 -1.525 0.742 3 3
6 -1.503 0.740 4 4
7 -1.483 0.723 5 5
8 -1.485 0.707 6 6
9 -1.482 0.714 7 7
10 -1.475 0.716 7 7
11 -1.456 0.717 6 6
12 -1.483 0.725 6 6
13 -1.465 0.717 6 6
14 -1.467 0.720 3 3
15 -1.492 0.729 3 3
16 -1.465 0.718 4 4
17 -1.471 0.732 3 3
18 -1.503 0.735 2 2
19 -1.510 0.734 3 3
20 -1.514 0.728 4 4
21 -1.499 0.730 0 0
22 -1.473 0.715 1 1
23 -1.497 0.721 2 2
24 -1.483 0.721 4 4
25 -1.490 0.725 3 3
26 -1.496 0.728 6 6
27 -1.491 0.728 3 3
28 -1.472 0.727 3 3
29 -1.506 0.735 2 2
30 -1.496 0.735 3 3
31 -1.531 0.734 1 1
32 -1.541 0.749 1 1
33 -1.515 0.742 0 0
34 -1.549 0.749 1 1
35 -1.528 0.755 0 0
36 -1.509 0.746 1 1
37 -1.529 0.747 2 2
38 -1.512 0.735 1 1
39 -1.507 0.740 2 2
40 -1.494 0.736 2 2
41 -1.478 0.730 1 1
42 -1.487 0.715 1 1
43 -1.492 0.730 1 1
44 -1.503 0.738 1 1
45 -1.500 0.726 2 2
46 -1.508 0.723 4 4
47 -1.483 0.711 4 4
48 -1.485 0.692 2 2
49 -1.497 0.692 1 1
50 -1.530 0.705 2 2
51 -1.532 0.701 3 3
52 -1.507 0.697 3 3
53 -1.472 0.680 2 2
54 -1.452 0.672 3 3
55 -1.444 0.681 3 3
56 -1.474 0.683 2 2
57 -1.490 0.684 4 4
58 -1.486 0.673 3 3
59 -1.490 0.674 1 1
60 -1.476 0.689 1 1
61 -1.486 0.694 1 1
62 -1.503 0.701 3 3
63 -1.506 0.700 2 2
64 -1.522 0.705 4 4
65 -1.482 0.678 5 5
66 -1.501 0.680 4 4
67 -1.480 0.682 4 4
68 -1.479 0.683 4 4
69 -1.475 0.674 4 4
70 -1.474 0.659 5 5
71 -1.449 0.665 4 4
72 -1.459 0.670 5 5
73 -1.459 0.667 5 5
74 -1.458 0.668 5 5
75 -1.478 0.670 4 4
76 -1.472 0.685 7 7
77 -1.487 0.690 2 2
78 -1.477 0.684 4 4
79 -1.520 0.700 3 3
80 -1.534 0.706 2 2
81 -1.531 0.701 3 3
82 -1.508 0.696 1 1
83 -1.522 0.689 2 2
84 -1.534 0.690 1 1
85 -1.511 0.693 0 0
86 -1.505 0.699 0 0
87 -1.504 0.702 2 2
88 -1.531 0.715 1 1
89 -1.516 0.721 0 0
90 -1.513 0.730 0 0
91 -1.517 0.736 2 2
92 -1.502 0.732 5 5
93 -1.532 0.744 1 1
94 -1.530 0.753 0 0
95 -1.551 0.759 1 1
96 -1.546 0.745 1 1
97 -1.526 0.738 1 1
98 -1.539 0.745 0 0
99 -1.502 0.745 2 2
100 -1.521 0.745 3 3
101 -1.526 0.753 2 2
102 -1.479 0.734 4 4
103 -1.505 0.740 4 4
104 -1.532 0.758 1 1
105 -1.538 0.761 2 2
106 -1.528 0.760 2 2
107 -1.515 0.752 0 0
108 -1.534 0.754 0 0
109 -1.534 0.762 0 0
110 -1.511 0.756 0 0
111 -1.531 0.760 2 2
112 -1.492 0.750 2 2
113 -1.491 0.742 2 2
114 -1.505 0.750 2 2
115 -1.521 0.749 2 2
116 -1.538 0.755 1 1
117 -1.541 0.754 0 0
118 -1.538 0.754 1 1
119 -1.507 0.737 2 2
120 -1.500 0.742 2 2
121 -1.515 0.741 3 3
122 -1.538 0.751 1 1
123 -1.533 0.746 2 2
124 -1.510 0.747 3 3
125 -1.502 0.738 3 3
126 -1.521 0.737 2 2
127 -1.527 0.736 1 1
128 -1.504 0.727 0 0
129 -1.480 0.714 0 0
130 -1.498 0.722 0 0
131 -1.485 0.725 0 0
132 -1.493 0.719 1 1
133 -1.483 0.716 3 3
134 -1.486 0.721 1 1
135 -1.465 0.721 1 1
136 -1.473 0.718 2 2
137 -1.507 0.729 2 2
138 -1.510 0.736 2 2
139 -1.533 0.743 2 2
140 -1.528 0.741 2 2
141 -1.512 0.734 3 3
142 -1.498 0.722 2 2
143 -1.479 0.703 2 2
144 -1.495 0.722 2 2
145 -1.502 0.735 2 2
146 -1.539 0.743 3 3
147 -1.530 0.740 2 2
148 -1.519 0.736 2 2
149 -1.510 0.723 1 1
150 -1.516 0.734 1 1
151 -1.509 0.732 3 3
152 -1.547 0.740 2 2
153 -1.554 0.744 3 3
154 -1.506 0.733 4 4
155 -1.497 0.735 2 2
156 -1.492 0.731 2 2
157 -1.493 0.730 2 2
158 -1.479 0.726 4 4
159 -1.483 0.737 3 3
160 -1.490 0.737 2 2
161 -1.481 0.732 3 3
162 -1.500 0.745 1 1
163 -1.514 0.754 3 3
164 -1.543 0.756 2 2
165 -1.542 0.749 1 1
166 -1.508 0.739 0 0
167 -1.512 0.733 2 2
168 -1.493 0.724 2 2
169 -1.516 0.714 2 2
170 -1.515 0.704 3 3
171 -1.534 0.704 2 2
172 -1.518 0.697 5 5
173 -1.498 0.693 6 6
174 -1.489 0.686 4 4
175 -1.498 0.694 4 4
176 -1.512 0.692 3 3
177 -1.492 0.706 2 2
178 -1.494 0.715 2 2
179 -1.520 0.726 4 4
180 -1.502 0.729 3 3
181 -1.494 0.728 4 4
182 -1.511 0.731 2 2
183 -1.521 0.741 4 4
184 -1.525 0.746 1 1
185 -1.523 0.742 1 1
186 -1.520 0.739 2 2
187 -1.505 0.733 2 2
188 -1.521 0.753 4 4
189 -1.497 0.751 2 2
190 -1.478 0.729 2 2
191 -1.496 0.723 2 2
192 -1.523 0.723 2 2
193 -1.539 0.732 2 2
194 -1.529 0.733 2 2
195 -1.528 0.733 1 1
196 -1.521 0.720 0 0
197 -1.533 0.729 0 0
198 -1.521 0.732 1 1
199 -1.459 0.713 4 4
200 -1.505 0.731 3 3
201 -1.530 0.734 3 3
202 -1.512 0.745 3 3
203 -1.506 0.737 3 3
204 -1.530 0.752 2 2
205 -1.528 0.755 0 0
206 -1.516 0.755 2 2
207 -1.506 0.752 2 2
208 -1.517 0.744 1 1
209 -1.482 0.730 2 2
210 -1.512 0.726 2 2
211 -1.523 0.726 2 2
212 -1.483 0.701 0 0
213 -1.469 0.680 1 1
214 -1.518 0.685 1 1
215 -1.524 0.695 1 1
216 -1.506 0.697 2 2
217 -1.481 0.681 1 1
218 -1.467 0.679 3 3
219 -1.481 0.698 2 2
220 -1.495 0.705 1 1
221 -1.483 0.707 3 3
222 -1.491 0.710 4 4
223 -1.514 0.708 2 2
224 -1.493 0.696 2 2
225 -1.459 0.684 2 2
226 -1.496 0.707 3 3
227 -1.490 0.691 2 2
228 -1.504 0.700 2 2
229 -1.483 0.697 1 1
230 -1.496 0.694 2 2
231 -1.493 0.692 1 1
232 -1.488 0.702 1 1
233 -1.523 0.711 2 2
234 -1.484 0.710 3 3
235 -1.479 0.696 2 2
236 -1.539 0.714 1 1
237 -1.531 0.716 1 1
238 -1.506 0.704 2 2
239 -1.530 0.718 0 0
240 -1.510 0.714 0 0
241 -1.527 0.729 0 0
242 -1.517 0.734 0 0
243 -1.522 0.719 0 0
244 -1.502 0.719 0 0
245 -1.504 0.713 0 0
246 -1.521 0.700 0 0
247 -1.510 0.696 1 1
248 -1.505 0.696 2 2
249 -1.520 0.707 1 1
250 -1.480 0.694 1 1
251 -1.482 0.698 2 2
252 -1.504 0.710 0 0
253 -1.507 0.719 0 0
254 -1.528 0.725 0 0
255 -1.515 0.715 2 2
256 -1.525 0.722 1 1
257 -1.528 0.721 2 2
258 -1.528 0.718 1 1
259 -1.535 0.731 1 1
260 -1.545 0.736 4 4
261 -1.510 0.714 5 5
262 -1.498 0.712 4 4
263 -1.482 0.706 4 4
264 -1.490 0.699 2 2
265 -1.507 0.695 3 3
266 -1.504 0.706 3 3
267 -1.487 0.705 4 4
268 -1.516 0.702 3 3
269 -1.501 0.706 2 2
270 -1.530 0.710 3 3
271 -1.513 0.699 4 4
272 -1.494 0.693 3 3
273 -1.518 0.695 2 2
274 -1.484 0.673 3 3
275 -1.471 0.671 3 3
276 -1.495 0.679 1 1
277 -1.523 0.687 1 1
278 -1.501 0.683 1 1
279 -1.500 0.685 2 2
280 -1.500 0.688 3 3
281 -1.474 0.676 2 2
282 -1.480 0.671 2 2
283 -1.493 0.672 5 5
284 -1.518 0.689 3 3
285 -1.529 0.698 2 2
286 -1.504 0.698 2 2
287 -1.521 0.703 1 1
288 -1.487 0.694 2 2
289 -1.508 0.701 3 3
290 -1.517 0.695 4 4
291 -1.522 0.694 2 2
292 -1.537 0.708 2 2
293 -1.515 0.701 2 2
294 -1.500 0.692 0 0
295 -1.502 0.678 0 0
296 -1.489 0.666 2 2
297 -1.483 0.666 3 3
298 -1.494 0.668 1 1
299 -1.486 0.657 2 2
300 -1.484 0.643 5 5
301 -1.477 0.631 3 3
302 -1.475 0.632 3 3
303 -1.455 0.633 4 4
304 -1.469 0.638 3 3
305 -1.460 0.635 6 6
306 -1.473 0.644 2 2
307 -1.454 0.638 3 3
308 -1.479 0.642 4 4
309 -1.472 0.631 1 1
310 -1.486 0.637 3 3
311 -1.475 0.617 3 3
312 -1.480 0.617 5 5
313 -1.480 0.604 5 5
314 -1.457 0.597 5 5
315 -1.430 0.596 7 7
316 -1.441 0.595 7 7
317 -1.453 0.619 5 5
318 -1.453 0.621 5 5
319 -1.462 0.630 7 7
320 -1.454 0.609 6 6
321 -1.458 0.617 3 3
322 -1.418 0.612 4 4
323 -1.446 0.599 2 2
324 -1.459 0.591 3 3
325 -1.454 0.599 3 3
326 -1.439 0.586 3 3
327 -1.473 0.594 2 2
328 -1.443 0.587 5 5
329 -1.474 0.586 4 4
330 -1.476 0.595 2 2
331 -1.492 0.600 4 4
332 -1.481 0.609 1 1
333 -1.493 0.626 2 2
334 -1.487 0.610 2 2
335 -1.470 0.610 6 6
336 -1.493 0.621 6 6
337 -1.479 0.621 2 2
338 -1.470 0.618 4 4
339 -1.473 0.611 5 5
340 -1.479 0.613 4 4
341 -1.463 0.617 1 1
342 -1.463 0.609 1 1
343 -1.476 0.617 0 0
344 -1.470 0.628 0 0
345 -1.479 0.630 0 0
346 -1.521 0.649 1 1
347 -1.510 0.647 2 2
348 -1.513 0.649 0 0
349 -1.483 0.638 1 1
350 -1.497 0.651 1 1
351 -1.472 0.652 2 2
352 -1.493 0.658 0 0
353 -1.537 0.683 1 1
354 -1.529 0.677 3 3
355 -1.518 0.682 2 2
356 -1.491 0.673 3 3
357 -1.509 0.692 3 3
358 -1.476 0.684 3 3
359 -1.508 0.702 2 2
360 -1.531 0.702 1 1
361 -1.507 0.702 4 4
362 -1.503 0.706 4 4
363 -1.492 0.689 1 1
364 -1.511 0.685 1 1
365 -1.512 0.696 1 1
366 -1.516 0.693 3 3
367 -1.503 0.701 4 4
368 -1.511 0.696 5 5
369 -1.503 0.707 4 4
370 -1.496 0.702 5 5
371 -1.508 0.713 4 4
372 -1.494 0.695 2 2
373 -1.504 0.702 2 2
374 -1.496 0.685 3 3
375 -1.504 0.684 4 4
376 -1.486 0.664 9 9
377 -1.483 0.670 3 3
378 -1.474 0.669 3 3
379 -1.468 0.666 4 4
380 -1.512 0.688 3 3
381 -1.497 0.679 5 5
382 -1.489 0.675 5 5
383 -1.506 0.679 5 5
384 -1.506 0.698 5 5
385 -1.498 0.693 2 2
386 -1.470 0.691 4 4
387 -1.481 0.697 3 3
388 -1.497 0.708 4 4
389 -1.508 0.718 3 3
390 -1.534 0.723 3 3
391 -1.528 0.722 4 4
392 -1.525 0.725 1 1
393 -1.498 0.719 3 3
394 -1.485 0.717 1 1
395 -1.469 0.709 1 1
396 -1.501 0.722 1 1
397 -1.499 0.711 2 2
398 -1.502 0.711 1 1
399 -1.500 0.702 1 1
400 -1.515 0.703 3 3
401 -1.524 0.697 2 2
402 -1.507 0.695 2 2
403 -1.523 0.699 2 2
404 -1.506 0.705 2 2
405 -1.538 0.718 3 3
406 -1.550 0.720 3 3
407 -1.537 0.721 3 3
408 -1.518 0.718 3 3
409 -1.488 0.698 3 3
410 -1.514 0.699 2 2
411 -1.497 0.697 4 4
412 -1.488 0.691 2 2
413 -1.479 0.689 5 5
414 -1.484 0.702 4 4
415 -1.492 0.699 4 4
416 -1.500 0.691 5 5
417 -1.477 0.686 2 2
418 -1.479 0.680 4 4
419 -1.480 0.682 5 5
420 -1.475 0.689 5 5
421 -1.476 0.680 4 4
422 -1.506 0.681 4 4
423 -1.517 0.691 2 2
424 -1.490 0.665 2 2
425 -1.511 0.670 5 5
426 -1.511 0.663 4 4
427 -1.480 0.655 3 3
428 -1.494 0.671 4 4
429 -1.504 0.674 5 5
430 -1.483 0.669 4 4
431 -1.465 0.644 5 5
432 -1.468 0.653 6 6
433 -1.474 0.651 5 5
434 -1.455 0.646 5 5
435 -1.472 0.655 4 4
436 -1.491 0.670 4 4
437 -1.508 0.676 2 2
438 -1.508 0.669 4 4
439 -1.501 0.672 4 4
440 -1.498 0.680 4 4
441 -1.482 0.667 4 4
442 -1.494 0.665 3 3
443 -1.493 0.673 2 2
444 -1.489 0.680 3 3
445 -1.501 0.689 1 1
446 -1.491 0.690 3 3
447 -1.510 0.708 2 2
448 -1.534 0.721 1 1
449 -1.519 0.711 2 2
450 -1.510 0.696 3 3
451 -1.510 0.693 3 3
452 -1.501 0.696 2 2
453 -1.492 0.688 3 3
454 -1.485 0.685 3 3
455 -1.498 0.687 3 3
456 -1.500 0.692 1 1
457 -1.506 0.685 3 3
458 -1.514 0.707 4 4
459 -1.517 0.705 4 4
460 -1.520 0.703 5 5
461 -1.509 0.697 3 3
462 -1.502 0.687 2 2
463 -1.492 0.701 2 2
464 -1.483 0.701 3 3
465 -1.482 0.700 6 6
466 -1.475 0.699 4 4
467 -1.462 0.694 5 5
468 -1.478 0.698 5 5
469 -1.491 0.714 4 4
470 -1.481 0.702 4 4
471 -1.489 0.708 3 3
472 -1.488 0.700 4 4
473 -1.501 0.698 0 0
474 -1.495 0.694 1 1
475 -1.490 0.693 2 2
476 -1.477 0.674 3 3
477 -1.501 0.674 2 2
478 -1.487 0.670 4 4
479 -1.504 0.681 2 2
480 -1.470 0.667 3 3
481 -1.460 0.679 1 1
482 -1.457 0.681 2 2
483 -1.480 0.699 0 0
484 -1.518 0.697 0 0
485 -1.498 0.696 1 1
486 -1.520 0.690 0 0
487 -1.518 0.694 1 1
488 -1.507 0.706 0 0
489 -1.490 0.698 1 1
490 -1.496 0.697 4 4
491 -1.498 0.701 3 3
492 -1.497 0.700 2 2
493 -1.507 0.694 2 2
494 -1.483 0.688 4 4
495 -1.487 0.698 2 2
496 -1.501 0.692 4 4
497 -1.500 0.699 4 4
498 -1.490 0.714 4 4
499 -1.496 0.714 4 4
500 -1.496 0.714 3 3
501 -1.501 0.725 4 4
502 -1.490 0.721 4 4
503 -1.514 0.728 2 2
504 -1.491 0.725 2 2
505 -1.525 0.722 0 0
506 -1.551 0.731 0 0
507 -1.525 0.716 2 2
508 -1.503 0.699 1 1
509 -1.488 0.694 5 5
510 -1.478 0.704 3 3
511 -1.458 0.694 8 8
512 -1.483 0.717 4 4
513 -1.458 0.716 3 3
514 -1.487 0.726 2 2
515 -1.494 0.727 4 4
516 -1.482 0.720 3 3
517 -1.461 0.709 4 4
518 -1.502 0.731 1 1
519 -1.467 0.727 1 1
520 -1.483 0.725 2 2
521 -1.482 0.725 0 0
522 -1.477 0.722 2 2
523 -1.504 0.722 2 2
524 -1.507 0.712 1 1
525 -1.472 0.710 2 2
526 -1.502 0.722 2 2
527 -1.495 0.712 3 3
528 -1.490 0.720 3 3
529 -1.480 0.712 4 4
530 -1.505 0.720 2 2
531 -1.537 0.729 5 5
532 -1.542 0.732 1 1
533 -1.506 0.735 2 2
534 -1.505 0.731 2 2
535 -1.518 0.735 3 3
536 -1.515 0.733 3 3
537 -1.526 0.719 3 3
538 -1.504 0.714 3 3
539 -1.494 0.706 4 4
540 -1.450 0.698 4 4
541 -1.494 0.709 3 3
542 -1.503 0.718 4 4
543 -1.463 0.708 4 4
544 -1.484 0.723 4 4
545 -1.497 0.731 4 4
546 -1.513 0.737 1 1
547 -1.491 0.734 1 1
548 -1.485 0.735 1 1
549 -1.515 0.749 2 2
550 -1.526 0.738 2 2
551 -1.503 0.733 1 1
552 -1.508 0.733 1 1
553 -1.539 0.746 1 1
554 -1.538 0.742 1 1
555 -1.561 0.754 2 2
556 -1.544 0.754 2 2
557 -1.507 0.739 4 4
558 -1.516 0.749 2 2
559 -1.503 0.730 3 3
560 -1.509 0.731 1 1
561 -1.510 0.728 1 1
562 -1.540 0.735 0 0
563 -1.552 0.732 0 0
564 -1.555 0.733 1 1
565 -1.542 0.737 2 2
566 -1.508 0.731 1 1
567 -1.501 0.743 2 2
568 -1.509 0.744 1 1
569 -1.521 0.731 0 0
570 -1.508 0.733 0 0
571 -1.482 0.722 0 0
572 -1.492 0.730 5 5
573 -1.498 0.732 1 1
574 -1.480 0.728 2 2
575 -1.511 0.737 2 2
576 -1.546 0.747 2 2
577 -1.541 0.744 2 2
578 -1.537 0.736 4 4
579 -1.531 0.726 0 0
580 -1.493 0.710 1 1
581 -1.517 0.734 0 0
582 -1.502 0.731 1 1
583 -1.506 0.742 0 0
584 -1.537 0.734 1 1
585 -1.540 0.738 1 1
586 -1.519 0.718 0 0
587 -1.500 0.724 1 1
588 -1.487 0.729 1 1
589 -1.482 0.725 1 1
590 -1.494 0.729 0 0
591 -1.528 0.732 1 1
592 -1.498 0.713 1 1
593 -1.534 0.727 0 0
594 -1.540 0.734 1 1
595 -1.526 0.715 1 1
596 -1.473 0.695 1 1
597 -1.511 0.707 2 2
598 -1.464 0.678 3 3
599 -1.460 0.681 3 3
600 -1.498 0.691 2 2
601 -1.495 0.699 0 0
602 -1.476 0.707 1 1
603 -1.512 0.722 2 2
604 -1.500 0.714 1 1
605 -1.526 0.727 3 3
606 -1.514 0.714 2 2
607 -1.532 0.727 2 2
608 -1.509 0.728 4 4
609 -1.498 0.730 3 3
610 -1.493 0.722 2 2
611 -1.510 0.721 2 2
612 -1.503 0.712 1 1
613 -1.500 0.709 2 2
614 -1.510 0.698 1 1
615 -1.470 0.689 2 2
616 -1.524 0.703 1 1
617 -1.542 0.709 1 1
618 -1.537 0.711 1 1
619 -1.539 0.710 2 2
620 -1.544 0.713 1 1
621 -1.565 0.729 1 1
622 -1.509 0.720 1 1
623 -1.530 0.722 2 2
624 -1.513 0.710 3 3
625 -1.520 0.717 2 2
626 -1.493 0.707 2 2
627 -1.524 0.708 4 4
628 -1.511 0.711 2 2
629 -1.518 0.718 3 3
630 -1.525 0.719 2 2
631 -1.505 0.704 3 3
632 -1.484 0.707 3 3
633 -1.486 0.717 3 3
634 -1.483 0.714 4 4
635 -1.486 0.707 1 1
636 -1.496 0.721 1 1
637 -1.492 0.725 1 1
638 -1.498 0.721 1 1
639 -1.472 0.710 2 2
640 -1.527 0.713 1 1
641 -1.513 0.707 1 1
642 -1.479 0.709 4 4
643 -1.522 0.710 0 0
644 -1.502 0.708 0 0
645 -1.521 0.721 3 3
646 -1.526 0.720 1 1
647 -1.520 0.720 1 1
648 -1.509 0.715 2 2
649 -1.486 0.704 0 0
650 -1.481 0.703 1 1
651 -1.500 0.709 3 3
652 -1.463 0.700 6 6
653 -1.468 0.697 6 6
654 -1.493 0.707 6 6
655 -1.482 0.701 3 3
656 -1.495 0.709 2 2
657 -1.487 0.713 2 2
658 -1.500 0.718 2 2
659 -1.503 0.717 3 3
660 -1.486 0.706 3 3
661 -1.513 0.720 1 1
662 -1.502 0.736 1 1
663 -1.526 0.737 0 0
664 -1.513 0.732 1 1
665 -1.529 0.733 1 1
666 -1.507 0.722 1 1
667 -1.512 0.735 1 1
668 -1.516 0.739 0 0
669 -1.521 0.727 4 4
670 -1.510 0.729 3 3
671 -1.535 0.738 4 4
672 -1.511 0.718 5 5
673 -1.502 0.716 2 2
674 -1.487 0.724 3 3
675 -1.486 0.732 3 3
676 -1.498 0.728 0 0
677 -1.500 0.723 0 0
678 -1.522 0.729 0 0
679 -1.497 0.722 2 2
680 -1.501 0.729 1 1
681 -1.503 0.731 2 2
682 -1.491 0.732 4 4
683 -1.505 0.730 2 2
684 -1.522 0.724 0 0
685 -1.526 0.719 1 1
686 -1.476 0.709 2 2
687 -1.483 0.727 4 4
688 -1.490 0.725 3 3
689 -1.512 0.722 2 2
690 -1.458 0.716 2 2
691 -1.471 0.712 4 4
692 -1.479 0.705 2 2
693 -1.464 0.688 3 3
694 -1.488 0.704 3 3
695 -1.484 0.704 1 1
696 -1.513 0.706 2 2
697 -1.529 0.707 3 3
698 -1.516 0.703 4 4
699 -1.506 0.699 1 1
700 -1.530 0.717 2 2
701 -1.527 0.708 3 3
702 -1.520 0.713 2 2
703 -1.535 0.711 1 1
704 -1.519 0.702 2 2
705 -1.515 0.705 1 1
706 -1.517 0.698 7 7
707 -1.519 0.696 0 0
708 -1.505 0.703 2 2
709 -1.488 0.687 4 4
710 -1.496 0.686 2 2
711 -1.501 0.692 2 2
712 -1.518 0.697 1 1
713 -1.501 0.688 1 1
714 -1.505 0.688 3 3
715 -1.508 0.691 3 3
716 -1.497 0.689 2 2
717 -1.490 0.691 2 2
718 -1.496 0.692 2 2
719 -1.504 0.677 3 3
720 -1.496 0.682 3 3
721 -1.506 0.675 0 0
722 -1.474 0.660 2 2
723 -1.474 0.672 1 1
724 -1.471 0.663 1 1
725 -1.465 0.659 1 1
726 -1.510 0.682 2 2
727 -1.528 0.687 2 2
728 -1.539 0.692 2 2
729 -1.524 0.708 2 2
730 -1.532 0.706 2 2
731 -1.513 0.702 0 0
732 -1.484 0.703 0 0
733 -1.511 0.703 2 2
734 -1.498 0.698 2 2
735 -1.539 0.715 6 6
736 -1.479 0.714 5 5
737 -1.506 0.725 1 1
738 -1.488 0.725 4 4
739 -1.477 0.720 4 4
740 -1.479 0.716 2 2
741 -1.450 0.711 4 4
742 -1.450 0.707 3 3
743 -1.460 0.716 3 3
744 -1.490 0.719 3 3
745 -1.489 0.711 4 4
746 -1.499 0.706 3 3
747 -1.498 0.714 5 5
748 -1.484 0.703 2 2
749 -1.505 0.715 3 3
750 -1.504 0.725 3 3
751 -1.539 0.728 2 2
752 -1.534 0.722 0 0
753 -1.513 0.721 1 1
754 -1.515 0.723 0 0
755 -1.491 0.713 0 0
756 -1.480 0.707 0 0
757 -1.478 0.700 2 2
758 -1.505 0.702 3 3
759 -1.515 0.706 3 3
760 -1.490 0.697 5 5
761 -1.497 0.698 2 2
762 -1.484 0.705 2 2
763 -1.474 0.709 5 5
764 -1.499 0.726 3 3
765 -1.470 0.715 4 4
766 -1.506 0.719 1 1
767 -1.491 0.708 1 1
768 -1.488 0.704 0 0
769 -1.488 0.696 0 0
770 -1.522 0.701 1 1
771 -1.481 0.693 1 1
772 -1.486 0.698 5 5
773 -1.517 0.712 2 2
774 -1.506 0.710 2 2
775 -1.514 0.712 2 2
776 -1.521 0.699 3 3
777 -1.508 0.692 3 3
778 -1.501 0.699 2 2
779 -1.532 0.707 2 2
780 -1.506 0.705 1 1
781 -1.520 0.710 1 1
782 -1.498 0.706 0 0
783 -1.531 0.705 0 0
784 -1.537 0.708 1 1
785 -1.546 0.700 0 0
786 -1.527 0.688 0 0
787 -1.525 0.688 0 0
788 -1.530 0.690 0 0
789 -1.520 0.678 0 0
790 -1.503 0.678 0 0
791 -1.530 0.675 2 2
792 -1.520 0.681 1 1
793 -1.492 0.665 3 3
794 -1.494 0.668 4 4
795 -1.494 0.669 1 1
796 -1.498 0.673 2 2
797 -1.516 0.662 3 3
798 -1.538 0.670 1 1
799 -1.542 0.677 1 1
800 -1.523 0.664 1 1
801 -1.526 0.666 1 1
802 -1.480 0.644 1 1
803 -1.514 0.643 2 2
804 -1.507 0.675 0 0
805 -1.543 0.680 0 0
806 -1.541 0.673 0 0
807 -1.525 0.661 0 0
808 -1.510 0.639 0 0
809 -1.505 0.637 1 1
810 -1.475 0.629 2 2
811 -1.524 0.648 2 2
812 -1.514 0.664 2 2
813 -1.512 0.662 0 0
814 -1.494 0.662 2 2
815 -1.486 0.651 1 1
816 -1.491 0.653 0 0
817 -1.514 0.684 1 1
818 -1.517 0.694 0 0
819 -1.521 0.702 3 3
820 -1.518 0.696 1 1
821 -1.507 0.680 1 1
822 -1.530 0.680 0 0
823 -1.510 0.691 0 0
824 -1.497 0.707 3 3
825 -1.493 0.713 3 3
826 -1.507 0.711 3 3
827 -1.483 0.709 3 3
828 -1.484 0.719 3 3
829 -1.520 0.732 3 3
830 -1.514 0.723 4 4
831 -1.500 0.721 4 4
832 -1.488 0.714 4 4
833 -1.489 0.701 2 2
834 -1.486 0.695 6 6
835 -1.466 0.704 3 3
836 -1.501 0.711 3 3
837 -1.485 0.704 4 4
838 -1.488 0.704 5 5
839 -1.502 0.696 5 5
840 -1.527 0.709 3 3
841 -1.501 0.695 3 3
842 -1.518 0.691 1 1
843 -1.505 0.685 2 2
844 -1.494 0.680 1 1
845 -1.503 0.693 3 3
846 -1.489 0.689 3 3
847 -1.506 0.704 3 3
848 -1.498 0.709 3 3
849 -1.536 0.709 1 1
850 -1.525 0.706 2 2
851 -1.512 0.712 1 1
852 -1.499 0.717 0 0
853 -1.504 0.719 1 1
854 -1.509 0.728 0 0
855 -1.494 0.730 3 3
856 -1.530 0.741 1 1
857 -1.529 0.733 0 0
858 -1.525 0.732 0 0
859 -1.510 0.728 1 1
860 -1.516 0.724 2 2
861 -1.528 0.718 1 1
862 -1.499 0.711 1 1
863 -1.509 0.712 2 2
864 -1.514 0.717 1 1
865 -1.500 0.724 2 2
866 -1.501 0.720 2 2
867 -1.508 0.710 2 2
868 -1.494 0.702 3 3
869 -1.493 0.697 2 2
870 -1.491 0.701 4 4
871 -1.520 0.724 3 3
872 -1.514 0.719 2 2
873 -1.532 0.725 2 2
874 -1.528 0.711 0 0
875 -1.521 0.710 0 0
876 -1.509 0.695 0 0
877 -1.486 0.692 1 1
878 -1.505 0.703 1 1
879 -1.498 0.703 3 3
880 -1.473 0.699 3 3
881 -1.512 0.705 1 1
882 -1.517 0.707 3 3
883 -1.536 0.709 3 3
884 -1.556 0.718 1 1
885 -1.521 0.717 1 1
886 -1.504 0.721 4 4
887 -1.516 0.720 4 4
888 -1.506 0.715 0 0
889 -1.526 0.727 2 2
890 -1.516 0.725 3 3
891 -1.512 0.727 2 2
892 -1.508 0.727 2 2
893 -1.553 0.734 0 0
894 -1.540 0.726 0 0
895 -1.541 0.728 0 0
896 -1.541 0.730 0 0
897 -1.535 0.736 1 1
898 -1.525 0.731 0 0
899 -1.541 0.729 0 0
900 -1.530 0.724 0 0
901 -1.544 0.734 0 0
902 -1.537 0.724 2 2
903 -1.518 0.729 3 3
904 -1.546 0.731 4 4
905 -1.527 0.728 3 3
906 -1.508 0.721 3 3
907 -1.482 0.707 5 5
908 -1.490 0.706 3 3
909 -1.504 0.702 2 2
910 -1.470 0.686 3 3
911 -1.487 0.703 2 2
912 -1.468 0.708 3 3
913 -1.491 0.712 1 1
914 -1.462 0.704 2 2
915 -1.476 0.712 2 2
916 -1.494 0.723 1 1
917 -1.503 0.713 2 2
918 -1.456 0.698 1 1
919 -1.486 0.692 1 1
920 -1.525 0.718 0 0
921 -1.538 0.732 0 0
922 -1.534 0.728 0 0
923 -1.516 0.723 0 0
924 -1.517 0.737 0 0
925 -1.553 0.753 0 0
926 -1.525 0.738 1 1
927 -1.515 0.738 0 0
928 -1.497 0.746 0 0
929 -1.496 0.745 1 1
930 -1.506 0.746 1 1
931 -1.511 0.747 1 1
932 -1.503 0.737 2 2
933 -1.509 0.741 3 3
934 -1.525 0.743 4 4
935 -1.481 0.733 2 2
936 -1.471 0.723 0 0
937 -1.481 0.725 1 1
938 -1.470 0.724 2 2
939 -1.479 0.719 1 1
940 -1.499 0.723 0 0
941 -1.511 0.725 1 1
942 -1.472 0.720 2 2
943 -1.485 0.724 5 5
944 -1.487 0.730 3 3
945 -1.497 0.741 2 2
946 -1.503 0.756 1 1
947 -1.499 0.745 2 2
948 -1.511 0.752 3 3
949 -1.515 0.763 0 0
950 -1.529 0.761 4 4
951 -1.519 0.749 1 1
952 -1.522 0.757 1 1
953 -1.517 0.756 1 1
954 -1.526 0.760 1 1
955 -1.527 0.759 1 1
956 -1.514 0.759 2 2
957 -1.495 0.760 1 1
958 -1.481 0.751 2 2
959 -1.522 0.761 4 4
960 -1.531 0.763 4 4
961 -1.522 0.762 4 4
962 -1.498 0.755 4 4
963 -1.466 0.742 8 8
964 -1.466 0.734 2 2
965 -1.478 0.741 4 4
966 -1.460 0.738 2 2
967 -1.469 0.743 6 6
968 -1.454 0.731 6 6
969 -1.455 0.725 3 3
970 -1.479 0.739 2 2
971 -1.480 0.731 4 4
972 -1.482 0.736 1 1
973 -1.507 0.758 2 2
974 -1.500 0.754 2 2
975 -1.491 0.754 2 2
976 -1.524 0.769 1 1
977 -1.537 0.770 1 1
978 -1.527 0.758 1 1
979 -1.514 0.749 1 1
980 -1.484 0.737 4 4
981 -1.460 0.735 4 4
982 -1.487 0.742 2 2
983 -1.497 0.741 1 1
984 -1.504 0.735 2 2
985 -1.496 0.719 1 1
986 -1.496 0.718 1 1
987 -1.481 0.719 0 0
988 -1.524 0.747 1 1
989 -1.531 0.745 0 0
990 -1.540 0.753 1 1
991 -1.519 0.763 2 2
992 -1.504 0.753 2 2
993 -1.497 0.743 2 2
994 -1.509 0.744 2 2
995 -1.524 0.752 4 4
996 -1.486 0.735 4 4
997 -1.462 0.726 5 5
998 -1.474 0.718 5 5
999 -1.482 0.718 2 2
1000 -1.467 0.713 3 3
metropolis_sampling>

<final_statistics_metadata
energy=-1.502014
magnetization=0.707441
vortex_positive=2.254
vortex_negative=2.254
final_statistics_metadata>

<final_field_values
0.248 0.368 0.359 0.310 0.281 0.437 0.484 0.471 0.480 0.477 0.368 0.283 0.105 0.203 0.433 0.253 0.187 0.283 0.206 0.493 0.521 0.286 0.346 0.373 0.298 0.208 0.227 0.361 0.269 0.264 0.288 0.384 
0.513 0.356 0.297 0.287 0.349 0.376 0.397 0.510 0.360 0.420 0.459 0.322 0.222 0.254 0.407 0.440 0.480 0.460 0.424 0.421 0.425 0.393 0.598 0.303 0.292 0.185 0.328 0.338 0.202 0.484 0.442 0.442 
0.399 0.443 0.317 0.329 0.398 0.440 0.679 0.571 0.539 0.506 0.385 0.454 0.372 0.310 0.324 0.319 0.280 0.342 0.612 0.394 0.620 0.482 0.339 0.210 0.292 0.200 0.327 0.368 0.302 0.409 0.421 0.291 
0.508 0.571 0.549 0.486 0.509 0.461 0.396 0.269 0.397 0.229 0.347 0.500 0.581 0.274 0.230 0.215 0.205 0.391 0.688 0.602 0.645 0.476 0.494 0.355 0.266 0.283 0.276 0.271 0.216 0.283 0.389 0.482 
0.475 0.457 0.390 0.480 0.553 0.411 0.307 0.418 0.344 0.416 0.213 0.392 0.330 0.370 0.273 0.406 0.437 0.403 0.642 0.673 0.475 0.531 0.301 0.332 0.321 0.094 0.232 0.405 0.319 0.175 0.441 0.381 
0.196 0.157 0.456 0.440 0.475 0.440 0.370 0.396 0.528 0.646 0.397 0.229 0.191 0.377 0.525 0.545 0.476 0.320 0.698 0.537 0.576 0.462 0.411 0.411 0.258 0.075 0.331 0.538 0.333 0.358 0.343 0.342 
0.267 0.337 0.423 0.486 0.376 0.497 0.414 0.452 0.464 0.541 0.333 0.337 0.429 0.351 0.438 0.438 0.377 0.447 0.221 0.527 0.398 0.335 0.166 0.250 0.283 0.377 0.300 0.189 0.274 0.255 0.261 0.341 
0.369 0.340 0.493 0.388 0.567 0.533 0.613 0.548 0.377 0.425 0.445 0.375 0.315 0.297 0.360 0.454 0.344 0.304 0.286 0.163 0.045 0.010 0.062 0.361 0.363 0.507 0.328 0.123 0.286 0.198 0.460 0.407 
0.379 0.425 0.581 0.527 0.560 0.609 0.562 0.509 0.552 0.356 0.344 0.307 0.193 0.339 0.322 0.380 0.392 0.275 0.407 0.385 0.197 0.261 0.218 0.383 0.459 0.448 0.532 0.392 0.295 0.332 0.379 0.307 
0.465 0.465 0.529 0.380 0.536 0.705 0.499 0.588 0.415 0.286 0.099 0.299 0.262 0.149 0.260 0.418 0.400 0.412 0.319 0.492 0.240 0.247 0.251 0.267 0.282 0.339 0.428 0.347 0.137 0.393 0.342 0.401 
0.304 0.431 0.500 0.389 0.563 0.575 0.511 0.470 0.369 0.345 0.259 0.248 0.155 0.176 0.193 0.378 0.442 0.376 0.325 0.350 0.113 0.227 0.413 0.430 0.463 0.436 0.572 0.447 0.365 0.453 0.538 0.488 
0.453 0.679 0.856 0.379 0.375 0.491 0.335 0.205 0.316 0.345 0.343 0.332 0.059 0.105 0.210 0.121 0.277 0.317 0.332 0.413 0.436 0.280 0.359 0.439 0.450 0.499 0.343 0.506 0.516 0.528 0.454 0.509 
0.602 0.550 0.514 0.403 0.459 0.350 0.317 0.428 0.299 0.436 0.344 0.366 0.139 0.114 0.248 0.299 0.200 0.330 0.532 0.390 0.437 0.465 0.457 0.377 0.350 0.469 0.404 0.537 0.271 0.492 0.442 0.458 
0.574 0.532 0.479 0.467 0.491 0.389 0.400 0.444 0.377 0.227 0.365 0.385 0.338 0.173 0.291 0.275 0.137 0.230 0.264 0.385 0.288 0.251 0.504 0.418 0.359 0.506 0.266 0.417 0.282 0.344 0.409 0.317 
0.288 0.151 0.204 0.143 0.563 0.488 0.613 0.489 0.327 0.353 0.462 0.479 0.313 0.307 0.351 0.473 0.417 0.440 0.128 0.449 0.306 0.188 0.275 0.354 0.495 0.437 0.305 0.291 0.248 0.338 0.296 0.366 
0.297 0.406 0.307 0.208 0.394 0.356 0.303 0.381 0.342 0.279 0.314 0.286 0.334 0.179 0.264 0.353 0.295 0.332 0.199 0.023 0.198 0.379 0.342 0.513 0.411 0.402 0.381 0.276 0.356 0.228 0.437 0.112 
0.197 0.239 0.284 0.231 0.412 0.292 0.214 0.380 0.493 0.325 0.404 0.378 0.326 0.319 0.405 0.556 0.490 0.187 0.285 0.159 0.135 0.400 0.365 0.350 0.375 0.303 0.344 0.261 0.210 0.391 0.490 0.399 
0.497 0.525 0.419 0.472 0.317 0.404 0.391 0.535 0.567 0.340 0.498 0.458 0.371 0.428 0.485 0.424 0.220 0.222 0.274 0.293 0.214 0.395 0.448 0.493 0.424 0.323 0.521 0.380 0.184 0.403 0.460 0.561 
0.668 0.589 0.407 0.297 0.494 0.183 0.487 0.579 0.645 0.205 0.233 0.353 0.177 0.168 0.497 0.406 0.270 0.265 0.151 0.443 0.361 0.242 0.464 0.429 0.359 0.432 0.517 0.393 0.266 0.426 0.562 0.752 
0.312 0.525 0.480 0.405 0.312 0.392 0.445 0.474 0.534 0.498 0.421 0.276 0.374 0.236 0.301 0.322 0.303 0.318 0.214 0.211 0.177 0.266 0.311 0.508 0.428 0.524 0.431 0.378 0.364 0.461 0.442 0.249 
0.376 0.468 0.396 0.278 0.250 0.266 0.243 0.552 0.484 0.368 0.319 0.425 0.369 0.248 0.273 0.163 0.286 0.256 0.228 0.189 0.963 0.367 0.546 0.475 0.251 0.368 0.477 0.414 0.340 0.736 0.326 0.182 
0.285 0.316 0.163 0.184 0.209 0.193 0.245 0.406 0.276 0.266 0.154 0.412 0.493 0.385 0.342 0.185 0.263 0.187 0.200 0.162 0.754 0.158 0.350 0.227 0.119 0.313 0.353 0.291 0.228 0.166 0.367 0.216 
0.240 0.218 0.153 0.096 0.165 0.181 0.089 0.338 0.357 0.199 0.221 0.165 0.526 0.326 0.218 0.082 0.317 0.270 0.212 0.183 0.130 0.104 0.284 0.253 0.252 0.326 0.263 0.207 0.149 0.341 0.294 0.134 
0.201 0.112 0.069 0.163 0.130 0.176 0.188 0.461 0.251 0.262 0.310 0.409 0.335 0.441 0.507 0.559 0.212 0.290 0.216 0.204 0.084 0.166 0.421 0.280 0.252 0.184 0.172 0.274 0.255 0.368 0.307 0.117 
0.146 0.233 0.172 0.137 0.169 0.125 0.356 0.432 0.366 0.467 0.419 0.493 0.181 0.253 0.331 0.232 0.306 0.317 0.191 0.236 0.304 0.250 0.311 0.346 0.352 0.208 0.631 0.558 0.384 0.257 0.196 0.108 
0.335 0.258 0.173 0.241 0.125 0.351 0.449 0.481 0.501 0.492 0.484 0.675 0.392 0.339 0.231 0.289 0.309 0.219 0.297 0.260 0.309 0.435 0.325 0.372 0.374 0.350 0.541 0.483 0.172 0.293 0.275 0.209 
0.381 0.295 0.199 0.196 0.210 0.364 0.260 0.231 0.412 0.363 0.656 0.931 0.203 0.295 0.180 0.286 0.179 0.160 0.209 0.179 0.255 0.254 0.175 0.021 0.356 0.477 0.511 0.388 0.133 0.246 0.351 0.279 
0.342 0.404 0.220 0.222 0.114 0.340 0.234 0.341 0.355 0.235 0.544 0.317 0.074 0.158 0.073 0.262 0.114 0.311 0.282 0.293 0.207 0.303 0.266 0.223 0.308 0.343 0.649 0.334 0.199 0.349 0.341 0.386 
0.448 0.410 0.426 0.434 0.178 0.850 0.302 0.280 0.146 0.566 0.418 0.143 0.106 0.979 0.085 0.035 0.285 0.409 0.264 0.210 0.220 0.260 0.412 0.278 0.321 0.241 0.241 0.200 0.100 0.250 0.359 0.335 
0.441 0.553 0.529 0.409 0.435 0.438 0.388 0.285 0.266 0.369 0.253 0.228 0.150 0.182 0.013 0.996 0.356 0.311 0.281 0.379 0.157 0.103 0.356 0.300 0.317 0.329 0.147 0.197 0.180 0.182 0.393 0.312 
0.522 0.593 0.395 0.428 0.453 0.310 0.345 0.031 0.241 0.312 0.228 0.236 0.095 0.203 0.002 0.090 0.251 0.129 0.340 0.216 0.281 0.270 0.268 0.241 0.333 0.167 0.097 0.114 0.222 0.238 0.346 0.315 
0.510 0.406 0.304 0.270 0.246 0.367 0.445 0.477 0.292 0.291 0.434 0.226 0.221 0.186 0.114 0.336 0.298 0.327 0.343 0.406 0.295 0.325 0.329 0.266 0.302 0.212 0.125 0.110 0.150 0.268 0.318 0.345 
final_field_values>
