nsamples=1000, beta=1.30, nx=32, ny=32
<metropolis_sampling_metadata
equilibration_steps=10240000
nsamples=1000
metropolis_sampling_metadata>
<metropolis_sampling
1 -1.537 0.760 0 0
2 -1.529 0.749 0 0
3 -1.549 0.766 0 0
4 -1.569 0.779 2 2
5 -1.568 0.777 1 1
6 -1.582 0.784 1 1
7 -1.576 0.779 0 0
8 -1.598 0.783 0 0
9 -1.568 0.779 0 0
10 -1.534 0.768 0 0
11 -1.530 0.757 1 1
12 -1.510 0.757 3 3
13 -1.537 0.756 2 2
14 -1.531 0.752 2 2
15 -1.544 0.754 0 0
16 -1.567 0.769 1 1
17 -1.553 0.766 1 1
18 -1.548 0.766 2 2
19 -1.531 0.754 2 2
20 -1.538 0.761 1 1
21 -1.547 0.760 0 0
22 -1.560 0.775 0 0
23 -1.546 0.781 0 0
24 -1.580 0.782 0 0
25 -1.577 0.789 0 0
26 -1.594 0.791 0 0
27 -1.563 0.784 0 0
28 -1.587 0.792 0 0
29 -1.576 0.776 0 0
30 -1.596 0.782 0 0
31 -1.608 0.786 0 0
32 -1.591 0.777 1 1
33 -1.577 0.770 0 0
34 -1.579 0.774 0 0
35 -1.594 0.780 0 0
36 -1.568 0.777 0 0
37 -1.574 0.779 0 0
38 -1.576 0.785 0 0
39 -1.584 0.789 0 0
40 -1.557 0.771 0 0
41 -1.547 0.766 1 1
42 -1.541 0.767 1 1
43 -1.546 0.770 1 1
44 -1.564 0.782 0 0
45 -1.573 0.788 0 0
46 -1.575 0.796 0 0
47 -1.569 0.793 1 1
48 -1.590 0.792 0 0
49 -1.604 0.794 0 0
50 -1.581 0.792 1 1
51 -1.574 0.785 0 0
52 -1.563 0.773 0 0
53 -1.542 0.760 1 1
54 -1.582 0.764 0 0
55 -1.558 0.755 0 0
56 -1.517 0.751 2 2
57 -1.516 0.750 1 1
58 -1.528 0.748 2 2
59 -1.548 0.763 1 1
60 -1.545 0.764 1 1
61 -1.570 0.785 2 2
62 -1.577 0.793 0 0
63 -1.544 0.789 1 1
64 -1.577 0.799 0 0
65 -1.597 0.811 0 0
66 -1.560 0.796 1 1
67 -1.537 0.785 0 0
68 -1.525 0.775 0 0
69 -1.539 0.772 0 0
70 -1.550 0.779 0 0
71 -1.584 0.795 0 0
72 -1.574 0.796 0 0
73 -1.595 0.802 0 0
74 -1.583 0.797 1 1
75 -1.561 0.791 0 0
76 -1.554 0.786 2 2
77 -1.540 0.792 2 2
78 -1.560 0.790 1 1
79 -1.551 0.790 2 2
80 -1.527 0.776 3 3
81 -1.530 0.788 1 1
82 -1.551 0.790 1 1
83 -1.575 0.796 1 1
84 -1.561 0.797 1 1
85 -1.554 0.797 2 2
86 -1.552 0.801 3 3
87 -1.582 0.809 2 2
88 -1.583 0.806 3 3
89 -1.581 0.806 2 2
90 -1.581 0.807 3 3
91 -1.521 0.786 3 3
92 -1.539 0.785 1 1
93 -1.565 0.797 0 0
94 -1.544 0.787 0 0
95 -1.558 0.789 0 0
96 -1.586 0.790 0 0
97 -1.580 0.788 0 0
98 -1.558 0.793 1 1
99 -1.567 0.805 0 0
100 -1.574 0.806 0 0
101 -1.551 0.793 1 1
102 -1.576 0.792 1 1
103 -1.571 0.790 1 1
104 -1.563 0.785 2 2
105 -1.557 0.790 2 2
106 -1.572 0.799 1 1
107 -1.572 0.794 2 2
108 -1.583 0.805 3 3
109 -1.557 0.790 1 1
110 -1.564 0.802 0 0
111 -1.562 0.798 0 0
112 -1.539 0.791 0 0
113 -1.549 0.797 0 0
114 -1.578 0.795 0 0
115 -1.566 0.793 0 0
116 -1.552 0.781 0 0
117 -1.595 0.782 0 0
118 -1.598 0.775 0 0
119 -1.582 0.772 0 0
120 -1.587 0.783 0 0
121 -1.602 0.795 0 0
122 -1.588 0.791 0 0
123 -1.555 0.782 0 0
124 -1.540 0.779 0 0
125 -1.556 0.780 2 2
126 -1.566 0.783 1 1
127 -1.542 0.773 1 1
128 -1.520 0.766 1 1
129 -1.546 0.779 1 1
130 -1.547 0.777 2 2
131 -1.534 0.761 4 4
132 -1.528 0.738 3 3
133 -1.512 0.725 2 2
134 -1.491 0.717 0 0
135 -1.521 0.726 0 0
136 -1.532 0.725 0 0
137 -1.518 0.717 2 2
138 -1.520 0.714 2 2
139 -1.533 0.725 2 2
140 -1.530 0.724 1 1
141 -1.515 0.714 1 1
142 -1.532 0.725 0 0
143 -1.549 0.745 2 2
144 -1.554 0.748 2 2
145 -1.560 0.760 3 3
146 -1.569 0.756 0 0
147 -1.553 0.750 0 0
148 -1.547 0.747 0 0
149 -1.550 0.749 0 0
150 -1.562 0.755 0 0
151 -1.566 0.758 0 0
152 -1.564 0.761 1 1
153 -1.561 0.756 2 2
154 -1.588 0.752 2 2
155 -1.542 0.751 2 2
156 -1.555 0.757 1 1
157 -1.551 0.759 1 1
158 -1.559 0.761 3 3
159 -1.563 0.779 3 3
160 -1.538 0.771 1 1
161 -1.555 0.776 0 0
162 -1.546 0.775 1 1
163 -1.570 0.771 1 1
164 -1.555 0.766 1 1
165 -1.532 0.761 1 1
166 -1.560 0.760 0 0
167 -1.567 0.769 1 1
168 -1.587 0.777 0 0
169 -1.555 0.770 0 0
170 -1.547 0.766 1 1
171 -1.530 0.744 0 0
172 -1.494 0.721 0 0
173 -1.494 0.723 1 1
174 -1.524 0.738 1 1
175 -1.538 0.727 0 0
176 -1.498 0.734 0 0
177 -1.532 0.732 0 0
178 -1.567 0.723 0 0
179 -1.545 0.716 0 0
180 -1.536 0.719 1 1
181 -1.549 0.727 1 1
182 -1.565 0.737 0 0
183 -1.544 0.748 1 1
184 -1.538 0.739 1 1
185 -1.540 0.748 1 1
186 -1.562 0.744 2 2
187 -1.531 0.741 2 2
188 -1.507 0.737 3 3
189 -1.519 0.739 3 3
190 -1.515 0.729 8 8
191 -1.505 0.724 2 2
192 -1.530 0.741 5 5
193 -1.526 0.737 2 2
194 -1.499 0.735 1 1
195 -1.536 0.740 0 0
196 -1.541 0.727 0 0
197 -1.513 0.729 0 0
198 -1.537 0.725 0 0
199 -1.524 0.723 2 2
200 -1.552 0.718 1 1
201 -1.528 0.719 1 1
202 -1.508 0.724 2 2
203 -1.519 0.721 1 1
204 -1.504 0.726 3 3
205 -1.526 0.742 1 1
206 -1.547 0.749 1 1
207 -1.555 0.748 1 1
208 -1.556 0.736 1 1
209 -1.567 0.746 1 1
210 -1.567 0.752 1 1
211 -1.574 0.758 1 1
212 -1.573 0.764 1 1
213 -1.549 0.758 1 1
214 -1.540 0.754 1 1
215 -1.544 0.758 1 1
216 -1.523 0.741 2 2
217 -1.515 0.739 2 2
218 -1.544 0.753 2 2
219 -1.585 0.757 1 1
220 -1.577 0.755 1 1
221 -1.578 0.753 2 2
222 -1.563 0.755 4 4
223 -1.569 0.757 1 1
224 -1.553 0.754 1 1
225 -1.570 0.756 1 1
226 -1.549 0.748 1 1
227 -1.537 0.756 1 1
228 -1.549 0.759 0 0
229 -1.530 0.753 0 0
230 -1.544 0.752 0 0
231 -1.561 0.754 0 0
232 -1.546 0.751 1 1
233 -1.530 0.748 2 2
234 -1.531 0.751 4 4
235 -1.511 0.752 5 5
236 -1.498 0.745 5 5
237 -1.498 0.746 2 2
238 -1.552 0.761 2 2
239 -1.537 0.755 2 2
240 -1.531 0.749 3 3
241 -1.524 0.765 2 2
242 -1.560 0.768 1 1
243 -1.581 0.774 1 1
244 -1.546 0.766 1 1
245 -1.550 0.764 3 3
246 -1.530 0.760 4 4
247 -1.528 0.754 2 2
248 -1.547 0.755 0 0
249 -1.517 0.739 0 0
250 -1.553 0.740 0 0
251 -1.572 0.729 1 1
252 -1.592 0.736 1 1
253 -1.580 0.736 1 1
254 -1.566 0.735 0 0
255 -1.567 0.744 1 1
256 -1.551 0.741 0 0
257 -1.554 0.743 1 1
258 -1.536 0.741 0 0
259 -1.559 0.740 0 0
260 -1.558 0.738 2 2
261 -1.545 0.732 1 1
262 -1.548 0.730 0 0
263 -1.542 0.731 0 0
264 -1.542 0.731 3 3
265 -1.546 0.750 0 0
266 -1.572 0.749 0 0
267 -1.567 0.747 0 0
268 -1.571 0.744 0 0
269 -1.567 0.733 1 1
270 -1.578 0.724 2 2
271 -1.572 0.726 1 1
272 -1.554 0.717 3 3
273 -1.525 0.713 3 3
274 -1.507 0.716 4 4
275 -1.529 0.719 5 5
276 -1.571 0.727 1 1
277 -1.558 0.708 2 2
278 -1.563 0.718 4 4
279 -1.554 0.730 2 2
280 -1.538 0.726 2 2
281 -1.550 0.730 1 1
282 -1.558 0.729 2 2
283 -1.551 0.723 3 3
284 -1.569 0.725 2 2
285 -1.554 0.723 2 2
286 -1.552 0.719 2 2
287 -1.568 0.727 1 1
288 -1.572 0.727 1 1
289 -1.563 0.723 1 1
290 -1.587 0.734 0 0
291 -1.569 0.746 0 0
292 -1.576 0.748 0 0
293 -1.566 0.747 0 0
294 -1.559 0.752 1 1
295 -1.566 0.749 1 1
296 -1.569 0.739 1 1
297 -1.549 0.740 1 1
298 -1.548 0.744 1 1
299 -1.557 0.746 1 1
300 -1.537 0.742 1 1
301 -1.537 0.751 1 1
302 -1.556 0.747 2 2
303 -1.531 0.746 1 1
304 -1.561 0.760 2 2
305 -1.558 0.767 2 2
306 -1.575 0.763 1 1
307 -1.559 0.752 1 1
308 -1.526 0.740 0 0
309 -1.530 0.742 1 1
310 -1.570 0.756 1 1
311 -1.544 0.744 1 1
312 -1.564 0.751 1 1
313 -1.548 0.740 2 2
314 -1.550 0.739 0 0
315 -1.573 0.740 1 1
316 -1.560 0.742 0 0
317 -1.533 0.731 1 1
318 -1.548 0.738 2 2
319 -1.552 0.748 1 1
320 -1.551 0.740 1 1
321 -1.520 0.732 1 1
322 -1.527 0.728 3 3
323 -1.534 0.723 0 0
324 -1.534 0.730 0 0
325 -1.540 0.735 3 3
326 -1.516 0.725 1 1
327 -1.538 0.729 0 0
328 -1.530 0.730 1 1
329 -1.568 0.760 0 0
330 -1.572 0.764 2 2
331 -1.531 0.750 2 2
332 -1.533 0.745 1 1
333 -1.557 0.741 1 1
334 -1.537 0.740 2 2
335 -1.524 0.741 0 0
336 -1.535 0.749 0 0
337 -1.533 0.742 0 0
338 -1.535 0.741 0 0
339 -1.536 0.749 1 1
340 -1.537 0.745 1 1
341 -1.573 0.763 1 1
342 -1.566 0.769 0 0
343 -1.566 0.766 0 0
344 -1.563 0.774 0 0
345 -1.555 0.770 0 0
346 -1.564 0.768 0 0
347 -1.529 0.754 1 1
348 -1.521 0.754 2 2
349 -1.543 0.758 0 0
350 -1.542 0.759 1 1
351 -1.547 0.761 1 1
352 -1.531 0.751 0 0
353 -1.500 0.728 2 2
354 -1.511 0.725 3 3
355 -1.522 0.733 2 2
356 -1.533 0.744 1 1
357 -1.551 0.759 2 2
358 -1.544 0.753 1 1
359 -1.556 0.759 1 1
360 -1.535 0.753 1 1
361 -1.560 0.762 2 2
362 -1.559 0.762 1 1
363 -1.502 0.749 2 2
364 -1.526 0.758 1 1
365 -1.540 0.766 1 1
366 -1.531 0.753 2 2
367 -1.528 0.756 0 0
368 -1.549 0.747 1 1
369 -1.548 0.758 0 0
370 -1.560 0.766 1 1
371 -1.545 0.767 1 1
372 -1.574 0.761 1 1
373 -1.560 0.757 0 0
374 -1.559 0.751 0 0
375 -1.572 0.755 0 0
376 -1.554 0.749 0 0
377 -1.567 0.766 0 0
378 -1.563 0.766 0 0
379 -1.595 0.772 0 0
380 -1.572 0.765 0 0
381 -1.582 0.764 0 0
382 -1.562 0.749 1 1
383 -1.541 0.745 2 2
384 -1.524 0.751 2 2
385 -1.578 0.763 1 1
386 -1.586 0.748 0 0
387 -1.572 0.743 0 0
388 -1.587 0.740 0 0
389 -1.563 0.743 0 0
390 -1.548 0.738 1 1
391 -1.539 0.730 0 0
392 -1.568 0.741 0 0
393 -1.547 0.735 0 0
394 -1.511 0.743 1 1
395 -1.575 0.760 0 0
396 -1.566 0.751 1 1
397 -1.564 0.752 1 1
398 -1.563 0.753 2 2
399 -1.544 0.748 0 0
400 -1.531 0.739 2 2
401 -1.556 0.748 2 2
402 -1.552 0.750 2 2
403 -1.540 0.745 2 2
404 -1.551 0.741 0 0
405 -1.553 0.752 0 0
406 -1.539 0.734 1 1
407 -1.570 0.742 2 2
408 -1.572 0.747 1 1
409 -1.587 0.742 2 2
410 -1.557 0.740 0 0
411 -1.541 0.731 0 0
412 -1.590 0.750 0 0
413 -1.577 0.749 0 0
414 -1.588 0.750 0 0
415 -1.571 0.753 0 0
416 -1.578 0.762 0 0
417 -1.583 0.771 0 0
418 -1.571 0.772 0 0
419 -1.529 0.754 1 1
420 -1.521 0.756 1 1
421 -1.577 0.766 0 0
422 -1.570 0.765 0 0
423 -1.552 0.763 0 0
424 -1.570 0.772 0 0
425 -1.572 0.769 0 0
426 -1.593 0.777 0 0
427 -1.595 0.778 0 0
428 -1.562 0.769 0 0
429 -1.554 0.766 0 0
430 -1.570 0.762 0 0
431 -1.533 0.753 3 3
432 -1.526 0.754 1 1
433 -1.534 0.748 1 1
434 -1.534 0.750 0 0
435 -1.538 0.754 2 2
436 -1.573 0.759 1 1
437 -1.562 0.749 0 0
438 -1.581 0.755 0 0
439 -1.592 0.748 0 0
440 -1.579 0.736 0 0
441 -1.588 0.746 0 0
442 -1.577 0.736 1 1
443 -1.567 0.720 1 1
444 -1.569 0.726 0 0
445 -1.555 0.711 0 0
446 -1.539 0.711 1 1
447 -1.542 0.702 2 2
448 -1.568 0.696 0 0
449 -1.549 0.695 1 1
450 -1.575 0.708 0 0
451 -1.591 0.721 0 0
452 -1.567 0.724 2 2
453 -1.558 0.719 1 1
454 -1.561 0.722 1 1
455 -1.585 0.734 0 0
456 -1.569 0.732 0 0
457 -1.580 0.746 0 0
458 -1.567 0.737 0 0
459 -1.560 0.731 0 0
460 -1.531 0.722 1 1
461 -1.550 0.719 1 1
462 -1.546 0.706 1 1
463 -1.555 0.722 1 1
464 -1.555 0.730 2 2
465 -1.573 0.746 1 1
466 -1.544 0.735 2 2
467 -1.537 0.735 2 2
468 -1.544 0.744 2 2
469 -1.564 0.754 2 2
470 -1.563 0.755 1 1
471 -1.514 0.739 1 1
472 -1.531 0.738 1 1
473 -1.503 0.727 1 1
474 -1.533 0.737 1 1
475 -1.562 0.746 2 2
476 -1.576 0.752 1 1
477 -1.561 0.756 0 0
478 -1.530 0.742 1 1
479 -1.526 0.736 2 2
480 -1.513 0.740 4 4
481 -1.522 0.735 3 3
482 -1.515 0.738 1 1
483 -1.513 0.731 2 2
484 -1.524 0.732 1 1
485 -1.563 0.753 1 1
486 -1.560 0.751 2 2
487 -1.560 0.751 1 1
488 -1.558 0.749 1 1
489 -1.564 0.748 0 0
490 -1.564 0.758 0 0
491 -1.569 0.769 0 0
492 -1.556 0.771 0 0
493 -1.591 0.781 0 0
494 -1.578 0.765 1 1
495 -1.581 0.767 0 0
496 -1.572 0.754 0 0
497 -1.573 0.757 0 0
498 -1.590 0.758 0 0
499 -1.571 0.753 0 0
500 -1.584 0.758 0 0
501 -1.548 0.754 0 0
502 -1.507 0.754 1 1
503 -1.538 0.756 2 2
504 -1.541 0.755 3 3
505 -1.531 0.749 2 2
506 -1.550 0.760 2 2
507 -1.563 0.776 1 1
508 -1.546 0.768 1 1
509 -1.549 0.769 0 0
510 -1.564 0.766 0 0
511 -1.583 0.778 0 0
512 -1.548 0.779 0 0
513 -1.557 0.781 3 3
514 -1.557 0.778 1 1
515 -1.557 0.783 1 1
516 -1.582 0.793 0 0
517 -1.625 0.809 0 0
518 -1.579 0.798 0 0
519 -1.579 0.801 0 0
520 -1.586 0.801 1 1
521 -1.558 0.795 0 0
522 -1.598 0.814 0 0
523 -1.576 0.798 1 1
524 -1.550 0.795 0 0
525 -1.559 0.798 0 0
526 -1.577 0.797 0 0
527 -1.570 0.785 0 0
528 -1.543 0.771 0 0
529 -1.568 0.769 1 1
530 -1.539 0.755 1 1
531 -1.545 0.754 0 0
532 -1.549 0.752 0 0
533 -1.580 0.761 1 1
534 -1.574 0.749 0 0
535 -1.574 0.759 0 0
536 -1.581 0.753 0 0
537 -1.566 0.760 0 0
538 -1.549 0.754 0 0
539 -1.550 0.750 0 0
540 -1.563 0.747 0 0
541 -1.595 0.762 0 0
542 -1.570 0.760 0 0
543 -1.566 0.747 1 1
544 -1.558 0.737 0 0
545 -1.568 0.744 0 0
546 -1.587 0.753 0 0
547 -1.577 0.738 1 1
548 -1.560 0.740 1 1
549 -1.578 0.742 1 1
550 -1.568 0.737 1 1
551 -1.540 0.735 2 2
552 -1.566 0.739 4 4
553 -1.565 0.736 1 1
554 -1.553 0.736 0 0
555 -1.571 0.742 1 1
556 -1.562 0.751 1 1
557 -1.578 0.742 0 0
558 -1.550 0.730 1 1
559 -1.553 0.738 0 0
560 -1.563 0.747 0 0
561 -1.590 0.742 1 1
562 -1.565 0.729 3 3
563 -1.560 0.727 1 1
564 -1.560 0.727 1 1
565 -1.557 0.729 3 3
566 -1.544 0.736 1 1
567 -1.565 0.743 2 2
568 -1.526 0.735 0 0
569 -1.538 0.740 0 0
570 -1.548 0.751 0 0
571 -1.550 0.755 1 1
572 -1.552 0.756 0 0
573 -1.527 0.751 0 0
574 -1.533 0.743 2 2
575 -1.540 0.746 1 1
576 -1.524 0.755 2 2
577 -1.535 0.760 0 0
578 -1.550 0.770 0 0
579 -1.587 0.781 1 1
580 -1.566 0.769 1 1
581 -1.542 0.755 1 1
582 -1.548 0.759 2 2
583 -1.559 0.759 0 0
584 -1.545 0.751 1 1
585 -1.538 0.745 3 3
586 -1.541 0.754 1 1
587 -1.559 0.763 2 2
588 -1.573 0.772 1 1
589 -1.571 0.775 1 1
590 -1.576 0.776 0 0
591 -1.565 0.764 0 0
592 -1.579 0.772 0 0
593 -1.564 0.764 0 0
594 -1.591 0.767 0 0
595 -1.555 0.747 0 0
596 -1.586 0.751 0 0
597 -1.603 0.744 0 0
598 -1.571 0.743 2 2
599 -1.578 0.736 1 1
600 -1.578 0.751 2 2
601 -1.576 0.749 1 1
602 -1.583 0.759 0 0
603 -1.548 0.763 0 0
604 -1.570 0.769 0 0
605 -1.570 0.778 0 0
606 -1.592 0.777 0 0
607 -1.575 0.774 0 0
608 -1.561 0.768 0 0
609 -1.567 0.779 0 0
610 -1.583 0.776 0 0
611 -1.564 0.772 1 1
612 -1.579 0.776 1 1
613 -1.531 0.758 1 1
614 -1.554 0.761 2 2
615 -1.566 0.768 1 1
616 -1.569 0.769 0 0
617 -1.567 0.776 0 0
618 -1.567 0.776 0 0
619 -1.588 0.783 0 0
620 -1.559 0.785 0 0
621 -1.549 0.779 0 0
622 -1.550 0.776 2 2
623 -1.535 0.781 0 0
624 -1.573 0.789 0 0
625 -1.582 0.783 0 0
626 -1.573 0.768 0 0
627 -1.572 0.771 0 0
628 -1.570 0.761 0 0
629 -1.576 0.763 0 0
630 -1.556 0.759 1 1
631 -1.544 0.759 2 2
632 -1.542 0.773 1 1
633 -1.544 0.767 2 2
634 -1.529 0.761 1 1
635 -1.554 0.766 1 1
636 -1.522 0.767 1 1
637 -1.542 0.772 0 0
638 -1.578 0.770 1 1
639 -1.576 0.760 1 1
640 -1.565 0.759 1 1
641 -1.563 0.759 2 2
642 -1.599 0.776 1 1
643 -1.572 0.772 3 3
644 -1.546 0.765 2 2
645 -1.578 0.763 1 1
646 -1.578 0.757 1 1
647 -1.578 0.747 2 2
648 -1.568 0.753 1 1
649 -1.550 0.750 1 1
650 -1.544 0.749 1 1
651 -1.554 0.752 1 1
652 -1.540 0.751 2 2
653 -1.548 0.749 1 1
654 -1.558 0.757 2 2
655 -1.554 0.757 0 0
656 -1.539 0.739 0 0
657 -1.543 0.754 0 0
658 -1.563 0.745 0 0
659 -1.592 0.745 0 0
660 -1.551 0.741 0 0
661 -1.555 0.736 0 0
662 -1.560 0.722 1 1
663 -1.548 0.724 0 0
664 -1.549 0.729 1 1
665 -1.560 0.723 1 1
666 -1.586 0.729 0 0
667 -1.586 0.741 0 0
668 -1.608 0.751 0 0
669 -1.596 0.727 1 1
670 -1.564 0.710 0 0
671 -1.576 0.716 0 0
672 -1.567 0.727 0 0
673 -1.556 0.728 0 0
674 -1.544 0.728 1 1
675 -1.525 0.721 1 1
676 -1.558 0.723 1 1
677 -1.564 0.711 1 1
678 -1.549 0.710 0 0
679 -1.556 0.715 0 0
680 -1.555 0.701 0 0
681 -1.579 0.704 0 0
682 -1.557 0.716 2 2
683 -1.549 0.716 2 2
684 -1.533 0.713 0 0
685 -1.524 0.705 0 0
686 -1.551 0.717 0 0
687 -1.538 0.720 0 0
688 -1.555 0.722 0 0
689 -1.535 0.722 1 1
690 -1.535 0.715 0 0
691 -1.555 0.711 0 0
692 -1.552 0.699 0 0
693 -1.566 0.706 0 0
694 -1.567 0.709 0 0
695 -1.541 0.692 2 2
696 -1.540 0.677 1 1
697 -1.571 0.677 0 0
698 -1.562 0.683 0 0
699 -1.552 0.687 0 0
700 -1.580 0.692 1 1
701 -1.548 0.685 1 1
702 -1.583 0.695 0 0
703 -1.580 0.698 0 0
704 -1.546 0.694 1 1
705 -1.565 0.698 1 1
706 -1.565 0.697 0 0
707 -1.569 0.691 1 1
708 -1.558 0.677 1 1
709 -1.560 0.676 0 0
710 -1.570 0.697 0 0
711 -1.570 0.696 0 0
712 -1.565 0.695 0 0
713 -1.561 0.686 0 0
714 -1.539 0.686 0 0
715 -1.540 0.683 2 2
716 -1.569 0.685 0 0
717 -1.579 0.677 0 0
718 -1.562 0.688 2 2
719 -1.545 0.679 0 0
720 -1.541 0.662 1 1
721 -1.551 0.650 0 0
722 -1.537 0.650 1 1
723 -1.515 0.627 2 2
724 -1.551 0.628 2 2
725 -1.544 0.629 4 4
726 -1.569 0.624 3 3
727 -1.521 0.606 1 1
728 -1.513 0.610 5 5
729 -1.518 0.614 4 4
730 -1.532 0.612 4 4
731 -1.544 0.621 3 3
732 -1.526 0.625 3 3
733 -1.556 0.630 1 1
734 -1.556 0.625 1 1
735 -1.550 0.627 2 2
736 -1.532 0.633 3 3
737 -1.530 0.627 3 3
738 -1.526 0.633 5 5
739 -1.536 0.626 4 4
740 -1.540 0.637 3 3
741 -1.529 0.631 3 3
742 -1.513 0.623 4 4
743 -1.555 0.642 3 3
744 -1.526 0.638 2 2
745 -1.519 0.634 2 2
746 -1.528 0.619 2 2
747 -1.533 0.614 1 1
748 -1.523 0.606 3 3
749 -1.529 0.593 4 4
750 -1.534 0.591 3 3
751 -1.513 0.603 3 3
752 -1.527 0.623 4 4
753 -1.519 0.639 2 2
754 -1.510 0.634 1 1
755 -1.509 0.620 2 2
756 -1.513 0.615 2 2
757 -1.540 0.624 2 2
758 -1.546 0.638 3 3
759 -1.534 0.641 3 3
760 -1.523 0.647 2 2
761 -1.565 0.673 3 3
762 -1.545 0.679 2 2
763 -1.553 0.684 4 4
764 -1.575 0.683 4 4
765 -1.542 0.665 4 4
766 -1.535 0.669 1 1
767 -1.527 0.673 2 2
768 -1.543 0.671 1 1
769 -1.546 0.678 1 1
770 -1.524 0.681 0 0
771 -1.529 0.683 0 0
772 -1.527 0.688 1 1
773 -1.549 0.698 0 0
774 -1.537 0.695 2 2
775 -1.531 0.693 1 1
776 -1.561 0.701 1 1
777 -1.539 0.695 1 1
778 -1.561 0.707 2 2
779 -1.566 0.705 1 1
780 -1.572 0.711 1 1
781 -1.560 0.707 2 2
782 -1.549 0.707 0 0
783 -1.559 0.704 1 1
784 -1.527 0.704 1 1
785 -1.537 0.710 0 0
786 -1.526 0.708 0 0
787 -1.562 0.720 0 0
788 -1.556 0.717 2 2
789 -1.572 0.718 0 0
790 -1.581 0.720 1 1
791 -1.578 0.720 0 0
792 -1.549 0.714 2 2
793 -1.548 0.712 1 1
794 -1.561 0.709 1 1
795 -1.545 0.700 1 1
796 -1.568 0.711 1 1
797 -1.546 0.708 0 0
798 -1.545 0.711 1 1
799 -1.542 0.718 3 3
800 -1.528 0.717 2 2
801 -1.570 0.732 2 2
802 -1.533 0.720 1 1
803 -1.561 0.742 0 0
804 -1.533 0.737 1 1
805 -1.561 0.755 1 1
806 -1.554 0.753 1 1
807 -1.584 0.761 1 1
808 -1.558 0.752 1 1
809 -1.534 0.747 1 1
810 -1.550 0.749 1 1
811 -1.554 0.719 3 3
812 -1.521 0.703 1 1
813 -1.537 0.723 0 0
814 -1.547 0.722 1 1
815 -1.559 0.729 1 1
816 -1.555 0.742 0 0
817 -1.586 0.755 0 0
818 -1.580 0.752 1 1
819 -1.578 0.747 0 0
820 -1.580 0.756 1 1
821 -1.581 0.764 1 1
822 -1.556 0.778 2 2
823 -1.559 0.778 2 2
824 -1.545 0.775 1 1
825 -1.528 0.766 3 3
826 -1.559 0.782 1 1
827 -1.550 0.778 1 1
828 -1.553 0.781 0 0
829 -1.521 0.764 1 1
830 -1.525 0.770 0 0
831 -1.518 0.760 0 0
832 -1.499 0.756 1 1
833 -1.529 0.760 0 0
834 -1.547 0.773 1 1
835 -1.548 0.767 1 1
836 -1.562 0.770 1 1
837 -1.557 0.765 1 1
838 -1.529 0.757 2 2
839 -1.555 0.765 1 1
840 -1.565 0.762 0 0
841 -1.556 0.766 2 2
842 -1.579 0.774 2 2
843 -1.552 0.770 1 1
844 -1.532 0.752 1 1
845 -1.559 0.767 1 1
846 -1.555 0.765 2 2
847 -1.555 0.763 1 1
848 -1.549 0.760 1 1
849 -1.536 0.754 2 2
850 -1.551 0.755 1 1
851 -1.580 0.768 0 0
852 -1.583 0.784 0 0
853 -1.593 0.792 0 0
854 -1.607 0.792 0 0
855 -1.580 0.782 0 0
856 -1.587 0.781 1 1
857 -1.608 0.787 2 2
858 -1.574 0.789 0 0
859 -1.580 0.790 0 0
860 -1.564 0.783 2 2
861 -1.527 0.770 2 2
862 -1.555 0.780 2 2
863 -1.560 0.781 2 2
864 -1.572 0.780 0 0
865 -1.547 0.763 2 2
866 -1.532 0.767 1 1
867 -1.553 0.775 1 1
868 -1.558 0.780 0 0
869 -1.563 0.783 1 1
870 -1.574 0.790 0 0
871 -1.547 0.782 1 1
872 -1.544 0.788 1 1
873 -1.555 0.780 0 0
874 -1.564 0.783 0 0
875 -1.552 0.778 1 1
876 -1.565 0.783 0 0
877 -1.577 0.780 1 1
878 -1.576 0.781 0 0
879 -1.557 0.771 0 0
880 -1.524 0.763 1 1
881 -1.549 0.769 0 0
882 -1.523 0.763 0 0
883 -1.531 0.762 0 0
884 -1.533 0.748 0 0
885 -1.526 0.756 1 1
886 -1.559 0.754 0 0
887 -1.537 0.748 1 1
888 -1.547 0.759 2 2
889 -1.534 0.749 3 3
890 -1.568 0.744 2 2
891 -1.539 0.737 2 2
892 -1.556 0.746 2 2
893 -1.549 0.751 1 1
894 -1.556 0.754 2 2
895 -1.562 0.754 2 2
896 -1.550 0.746 1 1
897 -1.553 0.744 2 2
898 -1.563 0.751 1 1
899 -1.563 0.756 1 1
900 -1.561 0.763 1 1
901 -1.538 0.750 4 4
902 -1.559 0.753 5 5
903 -1.548 0.748 2 2
904 -1.567 0.753 1 1
905 -1.546 0.747 1 1
906 -1.557 0.765 1 1
907 -1.553 0.767 2 2
908 -1.563 0.772 2 2
909 -1.581 0.782 1 1
910 -1.550 0.778 2 2
911 -1.544 0.763 2 2
912 -1.507 0.746 4 4
913 -1.526 0.758 3 3
914 -1.528 0.743 4 4
915 -1.527 0.734 2 2
916 -1.511 0.732 2 2
917 -1.541 0.746 2 2
918 -1.558 0.748 1 1
919 -1.555 0.749 1 1
920 -1.528 0.735 1 1
921 -1.570 0.740 0 0
922 -1.554 0.746 0 0
923 -1.535 0.735 2 2
924 -1.536 0.744 0 0
925 -1.522 0.737 0 0
926 -1.525 0.743 1 1
927 -1.555 0.753 0 0
928 -1.552 0.756 0 0
929 -1.548 0.761 1 1
930 -1.533 0.750 1 1
931 -1.573 0.768 2 2
932 -1.563 0.759 1 1
933 -1.553 0.747 3 3
934 -1.542 0.752 1 1
935 -1.552 0.746 1 1
936 -1.520 0.755 2 2
937 -1.528 0.748 4 4
938 -1.539 0.760 4 4
939 -1.508 0.763 7 7
940 -1.500 0.754 4 4
941 -1.490 0.759 4 4
942 -1.505 0.760 3 3
943 -1.539 0.757 2 2
944 -1.533 0.752 2 2
945 -1.533 0.757 5 5
946 -1.532 0.749 3 3
947 -1.551 0.757 1 1
948 -1.560 0.749 1 1
949 -1.565 0.754 0 0
950 -1.582 0.754 1 1
951 -1.536 0.738 1 1
952 -1.547 0.745 1 1
953 -1.550 0.745 0 0
954 -1.531 0.744 0 0
955 -1.527 0.750 1 1
956 -1.540 0.751 1 1
957 -1.534 0.757 3 3
958 -1.526 0.748 3 3
959 -1.545 0.753 0 0
960 -1.553 0.756 1 1
961 -1.562 0.759 0 0
962 -1.566 0.755 1 1
963 -1.565 0.756 0 0
964 -1.593 0.770 1 1
965 -1.600 0.781 0 0
966 -1.572 0.772 0 0
967 -1.576 0.774 0 0
968 -1.535 0.762 0 0
969 -1.576 0.766 0 0
970 -1.573 0.758 2 2
971 -1.575 0.758 1 1
972 -1.571 0.750 1 1
973 -1.551 0.743 1 1
974 -1.552 0.745 0 0
975 -1.570 0.751 1 1
976 -1.564 0.757 2 2
977 -1.538 0.741 2 2
978 -1.491 0.723 2 2
979 -1.526 0.743 2 2
980 -1.545 0.760 1 1
981 -1.558 0.754 0 0
982 -1.552 0.755 0 0
983 -1.561 0.755 1 1
984 -1.568 0.766 1 1
985 -1.560 0.765 1 1
986 -1.545 0.748 2 2
987 -1.561 0.759 0 0
988 -1.560 0.760 1 1
989 -1.564 0.769 0 0
990 -1.549 0.768 1 1
991 -1.563 0.768 0 0
992 -1.582 0.775 0 0
993 -1.594 0.778 0 0
994 -1.612 0.784 0 0
995 -1.601 0.782 0 0
996 -1.563 0.788 0 0
997 -1.579 0.778 0 0
998 -1.581 0.780 0 0
999 -1.554 0.771 0 0
1000 -1.592 0.775 0 0
metropolis_sampling>

<final_statistics_metadata
energy=-1.553757
magnetization=0.746212
vortex_positive=1.010
vortex_negative=1.010
final_statistics_metadata>

<final_field_values
0.237 0.261 0.307 0.367 0.336 0.368 0.475 0.396 0.210 0.194 0.281 0.343 0.228 0.177 0.180 0.203 0.441 0.352 0.336 0.397 0.484 0.398 0.339 0.528 0.519 0.236 0.505 0.353 0.329 0.192 0.250 0.215 
0.270 0.292 0.210 0.461 0.209 0.403 0.333 0.278 0.361 0.216 0.196 0.123 0.275 0.167 0.243 0.268 0.455 0.641 0.527 0.405 0.397 0.353 0.398 0.450 0.442 0.315 0.575 0.487 0.286 0.257 0.320 0.293 
0.174 0.346 0.215 0.221 0.327 0.403 0.247 0.210 0.419 0.274 0.182 0.105 0.024 0.225 0.242 0.403 0.424 0.332 0.494 0.350 0.345 0.248 0.213 0.479 0.450 0.436 0.432 0.523 0.349 0.250 0.246 0.377 
0.281 0.327 0.310 0.294 0.307 0.476 0.366 0.391 0.232 0.295 0.186 0.211 0.187 0.133 0.334 0.370 0.329 0.426 0.426 0.489 0.373 0.489 0.258 0.443 0.424 0.473 0.399 0.365 0.392 0.331 0.244 0.364 
0.266 0.173 0.307 0.211 0.347 0.365 0.356 0.232 0.411 0.317 0.098 0.094 0.115 0.189 0.410 0.394 0.385 0.389 0.415 0.416 0.363 0.431 0.500 0.440 0.475 0.538 0.467 0.451 0.410 0.276 0.314 0.409 
0.229 0.136 0.292 0.246 0.200 0.301 0.298 0.111 0.287 0.314 0.238 0.316 0.206 0.251 0.377 0.513 0.446 0.349 0.310 0.265 0.330 0.330 0.302 0.422 0.345 0.584 0.369 0.445 0.386 0.352 0.343 0.426 
0.312 0.166 0.186 0.118 0.086 0.207 0.063 0.221 0.282 0.342 0.302 0.515 0.370 0.194 0.391 0.411 0.446 0.304 0.353 0.291 0.329 0.269 0.322 0.442 0.659 0.562 0.475 0.447 0.349 0.463 0.468 0.319 
0.225 0.254 0.413 0.448 0.412 0.357 0.240 0.268 0.370 0.405 0.351 0.479 0.500 0.241 0.410 0.206 0.391 0.342 0.306 0.262 0.213 0.258 0.371 0.561 0.591 0.567 0.444 0.403 0.314 0.360 0.374 0.376 
0.550 0.359 0.256 0.250 0.342 0.410 0.310 0.332 0.244 0.501 0.249 0.281 0.390 0.372 0.285 0.358 0.287 0.479 0.405 0.370 0.266 0.160 0.232 0.496 0.412 0.481 0.426 0.344 0.272 0.255 0.548 0.586 
0.313 0.196 0.423 0.347 0.368 0.365 0.330 0.257 0.297 0.353 0.243 0.137 0.165 0.213 0.155 0.286 0.332 0.355 0.350 0.345 0.264 0.147 0.344 0.350 0.357 0.473 0.665 0.483 0.435 0.286 0.283 0.271 
0.232 0.291 0.284 0.378 0.260 0.269 0.320 0.399 0.304 0.320 0.180 0.169 0.127 0.135 0.209 0.265 0.259 0.238 0.234 0.205 0.274 0.406 0.270 0.391 0.364 0.484 0.429 0.477 0.417 0.324 0.380 0.281 
0.183 0.224 0.422 0.202 0.266 0.158 0.218 0.318 0.425 0.207 0.072 0.146 0.057 0.262 0.066 0.171 0.198 0.285 0.298 0.303 0.339 0.422 0.419 0.393 0.513 0.378 0.420 0.534 0.540 0.366 0.374 0.312 
0.119 0.148 0.278 0.280 0.307 0.319 0.290 0.215 0.382 0.350 0.101 0.188 0.244 0.164 0.261 0.248 0.297 0.206 0.305 0.164 0.241 0.098 0.258 0.431 0.293 0.361 0.408 0.443 0.476 0.341 0.259 0.153 
0.121 0.033 0.230 0.307 0.314 0.289 0.390 0.276 0.250 0.201 0.050 0.020 0.099 0.109 0.244 0.351 0.289 0.182 0.152 0.349 0.286 0.214 0.218 0.515 0.437 0.434 0.431 0.644 0.470 0.404 0.336 0.308 
0.185 0.161 0.121 0.391 0.381 0.341 0.444 0.234 0.260 0.028 0.102 0.360 0.366 0.167 0.255 0.317 0.191 0.194 0.260 0.355 0.256 0.291 0.124 0.293 0.299 0.466 0.605 0.608 0.471 0.269 0.277 0.169 
0.145 0.115 0.207 0.194 0.445 0.293 0.321 0.366 0.255 0.307 0.277 0.335 0.247 0.141 0.154 0.225 0.128 0.314 0.196 0.211 0.280 0.330 0.264 0.146 0.322 0.519 0.510 0.505 0.382 0.306 0.320 0.235 
0.250 0.259 0.123 0.176 0.161 0.325 0.326 0.229 0.301 0.225 0.280 0.342 0.391 0.185 0.161 0.094 0.375 0.284 0.205 0.192 0.113 0.289 0.188 0.099 0.312 0.328 0.502 0.322 0.335 0.429 0.360 0.337 
0.325 0.349 0.125 0.184 0.352 0.237 0.403 0.381 0.224 0.242 0.071 0.274 0.304 0.192 0.277 0.034 0.100 0.241 0.340 0.386 0.216 0.172 0.337 0.260 0.344 0.295 0.510 0.520 0.451 0.332 0.326 0.336 
0.303 0.236 0.183 0.171 0.282 0.267 0.389 0.397 0.310 0.221 0.113 0.199 0.050 0.051 0.200 0.068 0.293 0.044 0.235 0.163 0.215 0.197 0.250 0.324 0.355 0.469 0.459 0.337 0.420 0.421 0.203 0.358 
0.279 0.308 0.207 0.198 0.294 0.323 0.305 0.458 0.330 0.219 0.246 0.221 0.226 0.004 0.111 0.181 0.288 0.141 0.137 0.120 0.255 0.253 0.075 0.469 0.339 0.466 0.440 0.408 0.286 0.252 0.220 0.334 
0.502 0.404 0.230 0.181 0.265 0.271 0.308 0.457 0.363 0.362 0.297 0.161 0.178 0.010 0.210 0.174 0.246 0.162 0.141 0.138 0.328 0.143 0.289 0.333 0.303 0.462 0.401 0.365 0.237 0.144 0.306 0.195 
0.403 0.353 0.215 0.058 0.081 0.254 0.358 0.330 0.333 0.219 0.293 0.148 0.196 0.256 0.211 0.120 0.329 0.198 0.047 0.997 0.217 0.202 0.118 0.402 0.411 0.435 0.402 0.375 0.237 0.181 0.284 0.232 
0.269 0.353 0.124 0.171 0.170 0.194 0.214 0.340 0.312 0.961 0.035 0.252 0.091 0.141 0.267 0.338 0.247 0.164 0.074 0.054 0.134 0.226 0.198 0.318 0.395 0.382 0.275 0.255 0.296 0.272 0.333 0.257 
0.151 0.268 0.094 0.170 0.237 0.181 0.204 0.319 0.146 0.005 0.103 0.198 0.198 0.108 0.356 0.453 0.421 0.276 0.924 0.153 0.224 0.269 0.307 0.482 0.413 0.527 0.170 0.340 0.350 0.361 0.238 0.030 
0.281 0.443 0.310 0.311 0.249 0.145 0.193 0.176 0.181 0.219 0.315 0.205 0.183 0.144 0.479 0.377 0.300 0.197 0.088 0.315 0.228 0.464 0.460 0.484 0.248 0.322 0.249 0.462 0.403 0.272 0.330 0.297 
0.235 0.448 0.272 0.308 0.255 0.378 0.434 0.306 0.429 0.305 0.315 0.385 0.421 0.100 0.226 0.297 0.288 0.314 0.308 0.224 0.171 0.518 0.391 0.409 0.422 0.535 0.516 0.441 0.311 0.291 0.252 0.285 
0.281 0.348 0.130 0.364 0.362 0.400 0.485 0.344 0.254 0.400 0.295 0.416 0.351 0.249 0.166 0.347 0.237 0.369 0.178 0.060 0.309 0.275 0.476 0.456 0.483 0.508 0.464 0.422 0.247 0.383 0.545 0.394 
0.297 0.292 0.247 0.293 0.216 0.202 0.317 0.282 0.262 0.460 0.380 0.396 0.325 0.188 0.138 0.308 0.374 0.312 0.246 0.217 0.236 0.255 0.292 0.421 0.281 0.491 0.477 0.393 0.269 0.351 0.354 0.286 
0.311 0.460 0.377 0.322 0.396 0.316 0.394 0.399 0.271 0.345 0.090 0.229 0.273 0.208 0.186 0.269 0.335 0.352 0.333 0.326 0.413 0.492 0.420 0.370 0.334 0.501 0.242 0.183 0.437 0.312 0.355 0.361 
0.296 0.451 0.326 0.283 0.421 0.329 0.290 0.240 0.207 0.147 0.236 0.306 0.301 0.321 0.253 0.311 0.430 0.272 0.347 0.301 0.391 0.487 0.476 0.393 0.563 0.577 0.317 0.361 0.383 0.364 0.278 0.243 
0.177 0.382 0.333 0.435 0.516 0.209 0.346 0.404 0.302 0.149 0.139 0.129 0.088 0.104 0.164 0.228 0.325 0.248 0.367 0.360 0.376 0.374 0.447 0.395 0.425 0.522 0.403 0.218 0.271 0.323 0.267 0.103 
0.401 0.281 0.289 0.330 0.281 0.379 0.295 0.416 0.368 0.198 0.188 0.188 0.128 0.042 0.171 0.379 0.311 0.263 0.244 0.361 0.381 0.330 0.401 0.404 0.439 0.281 0.426 0.302 0.372 0.349 0.389 0.266 
final_field_values>
