nsamples=1000, beta=1.40, nx=32, ny=32
<metropolis_sampling_metadata
equilibration_steps=10240000
nsamples=1000
metropolis_sampling_metadata>
<metropolis_sampling
1 -1.595 0.724 1 1
2 -1.603 0.725 1 1
3 -1.602 0.726 1 1
4 -1.597 0.726 1 1
5 -1.596 0.727 1 1
6 -1.595 0.725 1 1
7 -1.599 0.723 1 1
8 -1.608 0.726 1 1
9 -1.603 0.726 1 1
10 -1.597 0.727 1 1
11 -1.600 0.729 1 1
12 -1.588 0.723 1 1
13 -1.594 0.724 1 1
14 -1.593 0.723 1 1
15 -1.597 0.726 0 0
16 -1.591 0.728 1 1
17 -1.594 0.728 0 0
18 -1.608 0.734 0 0
19 -1.614 0.740 0 0
20 -1.618 0.738 0 0
21 -1.613 0.737 0 0
22 -1.608 0.731 0 0
23 -1.609 0.736 0 0
24 -1.618 0.739 0 0
25 -1.616 0.739 1 1
26 -1.613 0.739 0 0
27 -1.603 0.739 0 0
28 -1.603 0.739 0 0
29 -1.595 0.739 1 1
30 -1.592 0.740 0 0
31 -1.609 0.740 1 1
32 -1.602 0.742 1 1
33 -1.607 0.744 1 1
34 -1.609 0.744 1 1
35 -1.615 0.744 1 1
36 -1.600 0.745 1 1
37 -1.623 0.750 1 1
38 -1.628 0.758 1 1
39 -1.628 0.755 1 1
40 -1.629 0.756 1 1
41 -1.626 0.755 1 1
42 -1.636 0.758 1 1
43 -1.638 0.758 1 1
44 -1.641 0.758 1 1
45 -1.623 0.756 1 1
46 -1.620 0.753 1 1
47 -1.627 0.758 1 1
48 -1.621 0.758 1 1
49 -1.620 0.756 1 1
50 -1.627 0.758 1 1
51 -1.635 0.761 1 1
52 -1.627 0.756 1 1
53 -1.624 0.754 1 1
54 -1.625 0.755 1 1
55 -1.627 0.753 1 1
56 -1.627 0.756 1 1
57 -1.635 0.757 1 1
58 -1.622 0.754 1 1
59 -1.627 0.759 1 1
60 -1.622 0.758 1 1
61 -1.629 0.760 0 0
62 -1.629 0.761 0 0
63 -1.628 0.760 0 0
64 -1.627 0.759 0 0
65 -1.623 0.761 0 0
66 -1.622 0.758 0 0
67 -1.627 0.757 0 0
68 -1.622 0.755 0 0
69 -1.625 0.759 0 0
70 -1.621 0.757 0 0
71 -1.608 0.753 0 0
72 -1.617 0.753 0 0
73 -1.617 0.750 0 0
74 -1.624 0.750 0 0
75 -1.617 0.751 0 0
76 -1.616 0.750 0 0
77 -1.617 0.749 0 0
78 -1.613 0.743 0 0
79 -1.612 0.749 0 0
80 -1.612 0.751 0 0
81 -1.601 0.751 0 0
82 -1.590 0.750 0 0
83 -1.592 0.749 0 0
84 -1.595 0.750 0 0
85 -1.608 0.755 0 0
86 -1.618 0.754 0 0
87 -1.616 0.756 0 0
88 -1.602 0.754 0 0
89 -1.612 0.754 0 0
90 -1.608 0.757 0 0
91 -1.611 0.757 0 0
92 -1.596 0.752 0 0
93 -1.597 0.758 0 0
94 -1.594 0.757 0 0
95 -1.602 0.758 0 0
96 -1.592 0.758 0 0
97 -1.588 0.753 0 0
98 -1.588 0.750 0 0
99 -1.592 0.755 0 0
100 -1.603 0.754 0 0
101 -1.604 0.752 0 0
102 -1.611 0.759 0 0
103 -1.606 0.761 0 0
104 -1.588 0.755 0 0
105 -1.584 0.754 0 0
106 -1.596 0.756 0 0
107 -1.583 0.754 0 0
108 -1.580 0.755 0 0
109 -1.581 0.751 0 0
110 -1.587 0.751 0 0
111 -1.596 0.754 0 0
112 -1.598 0.754 0 0
113 -1.601 0.754 0 0
114 -1.604 0.755 0 0
115 -1.604 0.758 0 0
116 -1.599 0.756 0 0
117 -1.606 0.752 0 0
118 -1.604 0.753 0 0
119 -1.593 0.751 0 0
120 -1.590 0.750 0 0
121 -1.595 0.754 0 0
122 -1.594 0.754 0 0
123 -1.592 0.753 0 0
124 -1.582 0.751 0 0
125 -1.583 0.752 0 0
126 -1.583 0.754 0 0
127 -1.585 0.753 1 1
128 -1.577 0.748 1 1
129 -1.586 0.749 0 0
130 -1.585 0.752 0 0
131 -1.587 0.751 0 0
132 -1.587 0.752 0 0
133 -1.594 0.749 0 0
134 -1.602 0.753 0 0
135 -1.613 0.754 0 0
136 -1.625 0.757 0 0
137 -1.619 0.759 0 0
138 -1.623 0.760 0 0
139 -1.622 0.763 0 0
140 -1.622 0.765 0 0
141 -1.616 0.764 0 0
142 -1.608 0.762 0 0
143 -1.606 0.764 0 0
144 -1.607 0.765 0 0
145 -1.610 0.763 0 0
146 -1.590 0.761 0 0
147 -1.580 0.755 0 0
148 -1.571 0.754 0 0
149 -1.574 0.755 0 0
150 -1.579 0.754 0 0
151 -1.576 0.749 1 1
152 -1.577 0.750 0 0
153 -1.570 0.750 1 1
154 -1.570 0.751 1 1
155 -1.583 0.751 0 0
156 -1.586 0.751 0 0
157 -1.575 0.748 0 0
158 -1.572 0.746 0 0
159 -1.571 0.748 0 0
160 -1.579 0.752 0 0
161 -1.578 0.750 0 0
162 -1.581 0.752 1 1
163 -1.580 0.752 1 1
164 -1.587 0.750 2 2
165 -1.588 0.750 2 2
166 -1.584 0.746 1 1
167 -1.590 0.750 1 1
168 -1.597 0.749 1 1
169 -1.607 0.748 1 1
170 -1.600 0.747 1 1
171 -1.605 0.750 1 1
172 -1.598 0.745 1 1
173 -1.597 0.739 1 1
174 -1.600 0.743 1 1
175 -1.597 0.743 1 1
176 -1.590 0.742 1 1
177 -1.592 0.739 1 1
178 -1.600 0.744 1 1
179 -1.596 0.742 1 1
180 -1.612 0.741 1 1
181 -1.603 0.739 1 1
182 -1.607 0.738 1 1
183 -1.613 0.737 1 1
184 -1.612 0.739 1 1
185 -1.613 0.738 1 1
186 -1.609 0.737 1 1
187 -1.601 0.737 1 1
188 -1.606 0.739 1 1
189 -1.589 0.734 1 1
190 -1.580 0.730 1 1
191 -1.577 0.729 1 1
192 -1.584 0.730 1 1
193 -1.573 0.726 1 1
194 -1.569 0.724 1 1
195 -1.563 0.721 1 1
196 -1.560 0.720 2 2
197 -1.560 0.720 2 2
198 -1.562 0.722 1 1
199 -1.569 0.728 1 1
200 -1.573 0.729 1 1
201 -1.581 0.728 1 1
202 -1.588 0.732 2 2
203 -1.593 0.735 2 2
204 -1.585 0.736 2 2
205 -1.572 0.738 2 2
206 -1.579 0.740 2 2
207 -1.581 0.740 2 2
208 -1.590 0.742 2 2
209 -1.576 0.739 2 2
210 -1.581 0.742 2 2
211 -1.576 0.739 2 2
212 -1.578 0.739 2 2
213 -1.575 0.739 2 2
214 -1.573 0.737 2 2
215 -1.572 0.738 2 2
216 -1.577 0.736 2 2
217 -1.580 0.735 2 2
218 -1.583 0.740 2 2
219 -1.599 0.742 2 2
220 -1.601 0.739 2 2
221 -1.607 0.739 2 2
222 -1.607 0.740 2 2
223 -1.602 0.741 2 2
224 -1.599 0.738 2 2
225 -1.594 0.734 2 2
226 -1.595 0.729 2 2
227 -1.596 0.729 2 2
228 -1.585 0.730 2 2
229 -1.586 0.728 2 2
230 -1.608 0.732 3 3
231 -1.595 0.728 2 2
232 -1.599 0.730 2 2
233 -1.592 0.731 2 2
234 -1.588 0.731 2 2
235 -1.594 0.733 2 2
236 -1.605 0.734 2 2
237 -1.606 0.732 2 2
238 -1.604 0.731 2 2
239 -1.602 0.731 2 2
240 -1.597 0.729 1 1
241 -1.591 0.730 0 0
242 -1.588 0.729 0 0
243 -1.600 0.735 0 0
244 -1.600 0.734 1 1
245 -1.599 0.736 0 0
246 -1.594 0.736 1 1
247 -1.603 0.737 1 1
248 -1.603 0.731 0 0
249 -1.601 0.727 0 0
250 -1.602 0.728 0 0
251 -1.614 0.734 0 0
252 -1.611 0.732 0 0
253 -1.602 0.731 0 0
254 -1.600 0.727 0 0
255 -1.596 0.729 0 0
256 -1.583 0.729 0 0
257 -1.589 0.730 0 0
258 -1.584 0.726 0 0
259 -1.579 0.725 0 0
260 -1.569 0.721 0 0
261 -1.576 0.718 0 0
262 -1.583 0.716 0 0
263 -1.570 0.713 0 0
264 -1.567 0.712 0 0
265 -1.579 0.718 0 0
266 -1.583 0.718 0 0
267 -1.594 0.720 0 0
268 -1.597 0.723 1 1
269 -1.600 0.720 1 1
270 -1.603 0.721 1 1
271 -1.602 0.719 0 0
272 -1.593 0.714 0 0
273 -1.587 0.713 0 0
274 -1.593 0.709 0 0
275 -1.591 0.713 0 0
276 -1.592 0.712 0 0
277 -1.590 0.709 0 0
278 -1.591 0.710 0 0
279 -1.602 0.713 0 0
280 -1.590 0.709 0 0
281 -1.586 0.703 0 0
282 -1.582 0.701 0 0
283 -1.584 0.707 0 0
284 -1.573 0.706 0 0
285 -1.580 0.705 0 0
286 -1.590 0.707 0 0
287 -1.589 0.705 0 0
288 -1.603 0.711 0 0
289 -1.601 0.710 0 0
290 -1.600 0.712 0 0
291 -1.598 0.709 0 0
292 -1.598 0.712 0 0
293 -1.600 0.716 0 0
294 -1.587 0.711 0 0
295 -1.586 0.713 0 0
296 -1.584 0.710 0 0
297 -1.577 0.706 0 0
298 -1.585 0.707 0 0
299 -1.588 0.709 0 0
300 -1.582 0.704 0 0
301 -1.582 0.703 0 0
302 -1.578 0.703 0 0
303 -1.580 0.708 0 0
304 -1.588 0.706 0 0
305 -1.594 0.707 0 0
306 -1.589 0.708 0 0
307 -1.595 0.708 0 0
308 -1.588 0.708 0 0
309 -1.593 0.712 0 0
310 -1.600 0.713 0 0
311 -1.614 0.720 0 0
312 -1.607 0.717 0 0
313 -1.603 0.720 0 0
314 -1.598 0.718 0 0
315 -1.600 0.717 0 0
316 -1.602 0.716 0 0
317 -1.601 0.715 0 0
318 -1.595 0.716 0 0
319 -1.590 0.715 0 0
320 -1.583 0.712 0 0
321 -1.582 0.716 0 0
322 -1.581 0.717 0 0
323 -1.587 0.721 0 0
324 -1.595 0.723 0 0
325 -1.598 0.721 0 0
326 -1.601 0.723 0 0
327 -1.613 0.725 0 0
328 -1.610 0.727 0 0
329 -1.616 0.728 0 0
330 -1.605 0.725 0 0
331 -1.592 0.727 0 0
332 -1.591 0.729 0 0
333 -1.595 0.728 0 0
334 -1.588 0.726 0 0
335 -1.589 0.725 0 0
336 -1.594 0.726 0 0
337 -1.601 0.726 0 0
338 -1.606 0.727 0 0
339 -1.606 0.727 0 0
340 -1.595 0.725 0 0
341 -1.592 0.722 0 0
342 -1.587 0.724 0 0
343 -1.587 0.725 0 0
344 -1.597 0.728 0 0
345 -1.605 0.729 0 0
346 -1.615 0.732 0 0
347 -1.621 0.736 0 0
348 -1.626 0.734 0 0
349 -1.611 0.728 0 0
350 -1.606 0.730 0 0
351 -1.602 0.732 0 0
352 -1.601 0.733 0 0
353 -1.595 0.732 0 0
354 -1.592 0.732 0 0
355 -1.589 0.733 0 0
356 -1.600 0.734 0 0
357 -1.605 0.733 0 0
358 -1.610 0.729 0 0
359 -1.614 0.732 0 0
360 -1.604 0.729 0 0
361 -1.592 0.727 0 0
362 -1.611 0.731 0 0
363 -1.611 0.727 0 0
364 -1.604 0.729 0 0
365 -1.603 0.724 0 0
366 -1.602 0.724 0 0
367 -1.606 0.721 0 0
368 -1.606 0.723 0 0
369 -1.598 0.717 0 0
370 -1.588 0.714 0 0
371 -1.580 0.712 0 0
372 -1.578 0.715 0 0
373 -1.577 0.715 0 0
374 -1.581 0.718 0 0
375 -1.573 0.712 0 0
376 -1.585 0.715 0 0
377 -1.588 0.716 0 0
378 -1.578 0.713 0 0
379 -1.579 0.716 0 0
380 -1.587 0.722 0 0
381 -1.578 0.713 1 1
382 -1.567 0.714 1 1
383 -1.575 0.714 1 1
384 -1.586 0.716 0 0
385 -1.591 0.719 1 1
386 -1.593 0.720 0 0
387 -1.596 0.722 0 0
388 -1.602 0.725 0 0
389 -1.596 0.723 0 0
390 -1.597 0.724 0 0
391 -1.596 0.726 0 0
392 -1.589 0.725 0 0
393 -1.588 0.727 0 0
394 -1.589 0.731 0 0
395 -1.582 0.732 0 0
396 -1.583 0.735 0 0
397 -1.568 0.728 0 0
398 -1.567 0.731 0 0
399 -1.571 0.735 0 0
400 -1.573 0.734 0 0
401 -1.580 0.735 0 0
402 -1.578 0.733 0 0
403 -1.579 0.732 0 0
404 -1.578 0.730 0 0
405 -1.588 0.734 0 0
406 -1.577 0.731 0 0
407 -1.588 0.728 0 0
408 -1.590 0.724 0 0
409 -1.596 0.722 0 0
410 -1.586 0.716 0 0
411 -1.584 0.714 0 0
412 -1.578 0.715 0 0
413 -1.581 0.717 0 0
414 -1.573 0.714 1 1
415 -1.585 0.716 1 1
416 -1.592 0.714 0 0
417 -1.588 0.712 0 0
418 -1.592 0.714 0 0
419 -1.591 0.715 0 0
420 -1.594 0.715 0 0
421 -1.600 0.715 0 0
422 -1.608 0.718 0 0
423 -1.612 0.720 0 0
424 -1.598 0.716 0 0
425 -1.602 0.721 0 0
426 -1.602 0.719 0 0
427 -1.595 0.713 0 0
428 -1.591 0.711 0 0
429 -1.592 0.714 0 0
430 -1.587 0.711 0 0
431 -1.586 0.712 0 0
432 -1.586 0.709 0 0
433 -1.580 0.707 0 0
434 -1.583 0.709 0 0
435 -1.582 0.706 0 0
436 -1.591 0.715 0 0
437 -1.588 0.714 0 0
438 -1.578 0.712 0 0
439 -1.571 0.709 0 0
440 -1.592 0.710 0 0
441 -1.582 0.707 0 0
442 -1.586 0.705 0 0
443 -1.590 0.708 0 0
444 -1.605 0.715 0 0
445 -1.591 0.712 1 1
446 -1.591 0.716 0 0
447 -1.587 0.712 1 1
448 -1.586 0.712 0 0
449 -1.599 0.715 1 1
450 -1.594 0.710 1 1
451 -1.596 0.717 1 1
452 -1.606 0.718 1 1
453 -1.609 0.721 0 0
454 -1.624 0.725 1 1
455 -1.615 0.723 1 1
456 -1.616 0.724 0 0
457 -1.603 0.719 0 0
458 -1.594 0.718 0 0
459 -1.592 0.717 0 0
460 -1.602 0.721 0 0
461 -1.614 0.724 0 0
462 -1.609 0.722 0 0
463 -1.604 0.722 0 0
464 -1.608 0.724 0 0
465 -1.606 0.723 0 0
466 -1.610 0.722 0 0
467 -1.612 0.725 0 0
468 -1.603 0.721 0 0
469 -1.598 0.720 0 0
470 -1.602 0.717 0 0
471 -1.611 0.719 0 0
472 -1.604 0.721 0 0
473 -1.595 0.721 0 0
474 -1.594 0.720 0 0
475 -1.589 0.718 0 0
476 -1.581 0.721 0 0
477 -1.578 0.717 0 0
478 -1.575 0.717 0 0
479 -1.576 0.723 0 0
480 -1.576 0.725 0 0
481 -1.588 0.730 0 0
482 -1.590 0.730 0 0
483 -1.579 0.731 0 0
484 -1.580 0.732 1 1
485 -1.580 0.730 0 0
486 -1.569 0.730 0 0
487 -1.566 0.732 1 1
488 -1.560 0.730 0 0
489 -1.565 0.730 1 1
490 -1.560 0.729 1 1
491 -1.557 0.731 1 1
492 -1.565 0.731 1 1
493 -1.565 0.733 1 1
494 -1.566 0.735 1 1
495 -1.565 0.738 0 0
496 -1.572 0.742 0 0
497 -1.575 0.745 0 0
498 -1.573 0.740 0 0
499 -1.586 0.740 0 0
500 -1.585 0.737 0 0
501 -1.595 0.741 0 0
502 -1.586 0.737 0 0
503 -1.582 0.737 0 0
504 -1.569 0.738 0 0
505 -1.578 0.735 0 0
506 -1.580 0.731 0 0
507 -1.579 0.734 0 0
508 -1.588 0.734 0 0
509 -1.590 0.735 0 0
510 -1.589 0.738 0 0
511 -1.597 0.742 0 0
512 -1.599 0.744 0 0
513 -1.592 0.742 0 0
514 -1.595 0.743 0 0
515 -1.589 0.744 0 0
516 -1.596 0.750 0 0
517 -1.591 0.750 0 0
518 -1.594 0.750 1 1
519 -1.584 0.748 0 0
520 -1.580 0.747 0 0
521 -1.575 0.747 0 0
522 -1.579 0.745 1 1
523 -1.585 0.744 1 1
524 -1.596 0.743 1 1
525 -1.588 0.744 0 0
526 -1.595 0.746 1 1
527 -1.604 0.746 1 1
528 -1.599 0.742 1 1
529 -1.588 0.745 1 1
530 -1.586 0.749 1 1
531 -1.589 0.749 0 0
532 -1.604 0.754 0 0
533 -1.612 0.758 0 0
534 -1.610 0.763 0 0
535 -1.617 0.761 0 0
536 -1.622 0.764 1 1
537 -1.621 0.765 1 1
538 -1.616 0.763 1 1
539 -1.609 0.762 1 1
540 -1.607 0.761 1 1
541 -1.616 0.760 1 1
542 -1.612 0.758 1 1
543 -1.611 0.758 1 1
544 -1.608 0.760 0 0
545 -1.597 0.759 0 0
546 -1.597 0.759 0 0
547 -1.599 0.760 0 0
548 -1.604 0.762 0 0
549 -1.605 0.765 0 0
550 -1.596 0.765 0 0
551 -1.590 0.765 0 0
552 -1.590 0.767 0 0
553 -1.583 0.766 0 0
554 -1.595 0.772 0 0
555 -1.585 0.767 0 0
556 -1.586 0.768 0 0
557 -1.582 0.766 0 0
558 -1.584 0.766 0 0
559 -1.584 0.764 0 0
560 -1.579 0.763 0 0
561 -1.581 0.763 0 0
562 -1.580 0.758 0 0
563 -1.582 0.754 0 0
564 -1.591 0.759 0 0
565 -1.603 0.766 0 0
566 -1.603 0.766 0 0
567 -1.603 0.764 0 0
568 -1.602 0.764 0 0
569 -1.609 0.769 0 0
570 -1.600 0.766 1 1
571 -1.603 0.768 1 1
572 -1.601 0.767 1 1
573 -1.587 0.762 1 1
574 -1.592 0.760 1 1
575 -1.594 0.761 1 1
576 -1.598 0.760 1 1
577 -1.602 0.758 1 1
578 -1.603 0.760 0 0
579 -1.594 0.763 0 0
580 -1.593 0.768 0 0
581 -1.580 0.765 0 0
582 -1.577 0.766 0 0
583 -1.580 0.762 0 0
584 -1.587 0.763 0 0
585 -1.593 0.761 0 0
586 -1.574 0.755 0 0
587 -1.582 0.758 0 0
588 -1.581 0.760 0 0
589 -1.585 0.765 0 0
590 -1.586 0.764 0 0
591 -1.581 0.764 0 0
592 -1.587 0.767 0 0
593 -1.586 0.768 0 0
594 -1.596 0.769 0 0
595 -1.601 0.773 0 0
596 -1.612 0.772 0 0
597 -1.600 0.771 0 0
598 -1.585 0.766 0 0
599 -1.594 0.769 0 0
600 -1.600 0.773 0 0
601 -1.605 0.776 0 0
602 -1.602 0.775 0 0
603 -1.606 0.779 0 0
604 -1.602 0.782 0 0
605 -1.597 0.780 0 0
606 -1.611 0.783 0 0
607 -1.612 0.778 0 0
608 -1.628 0.784 0 0
609 -1.627 0.782 0 0
610 -1.625 0.782 0 0
611 -1.603 0.777 0 0
612 -1.607 0.776 0 0
613 -1.595 0.776 0 0
614 -1.587 0.770 0 0
615 -1.581 0.767 0 0
616 -1.575 0.765 0 0
617 -1.571 0.760 0 0
618 -1.590 0.762 0 0
619 -1.582 0.757 0 0
620 -1.579 0.752 0 0
621 -1.588 0.751 0 0
622 -1.591 0.747 0 0
623 -1.589 0.746 1 1
624 -1.600 0.747 1 1
625 -1.606 0.745 1 1
626 -1.582 0.739 1 1
627 -1.600 0.744 1 1
628 -1.603 0.747 1 1
629 -1.604 0.749 1 1
630 -1.609 0.749 1 1
631 -1.606 0.749 1 1
632 -1.603 0.747 0 0
633 -1.608 0.749 0 0
634 -1.614 0.752 0 0
635 -1.610 0.752 0 0
636 -1.604 0.746 0 0
637 -1.615 0.751 0 0
638 -1.608 0.749 0 0
639 -1.605 0.750 1 1
640 -1.600 0.752 0 0
641 -1.599 0.753 0 0
642 -1.598 0.758 0 0
643 -1.610 0.762 0 0
644 -1.607 0.760 0 0
645 -1.608 0.759 0 0
646 -1.614 0.760 0 0
647 -1.611 0.760 0 0
648 -1.623 0.768 0 0
649 -1.618 0.768 1 1
650 -1.622 0.770 2 2
651 -1.622 0.769 1 1
652 -1.623 0.769 0 0
653 -1.614 0.767 0 0
654 -1.618 0.768 0 0
655 -1.613 0.763 0 0
656 -1.613 0.760 1 1
657 -1.613 0.756 1 1
658 -1.613 0.755 0 0
659 -1.614 0.753 0 0
660 -1.599 0.750 0 0
661 -1.588 0.753 0 0
662 -1.575 0.751 0 0
663 -1.585 0.753 0 0
664 -1.583 0.751 0 0
665 -1.575 0.747 0 0
666 -1.575 0.746 0 0
667 -1.580 0.748 0 0
668 -1.586 0.748 0 0
669 -1.582 0.743 0 0
670 -1.593 0.747 0 0
671 -1.604 0.750 0 0
672 -1.607 0.752 0 0
673 -1.607 0.750 0 0
674 -1.610 0.752 0 0
675 -1.606 0.751 0 0
676 -1.603 0.749 0 0
677 -1.584 0.739 0 0
678 -1.586 0.741 0 0
679 -1.588 0.745 0 0
680 -1.583 0.741 0 0
681 -1.576 0.739 0 0
682 -1.579 0.743 0 0
683 -1.573 0.740 0 0
684 -1.578 0.741 0 0
685 -1.578 0.737 0 0
686 -1.569 0.738 0 0
687 -1.569 0.739 0 0
688 -1.562 0.738 0 0
689 -1.565 0.739 0 0
690 -1.572 0.742 1 1
691 -1.574 0.740 0 0
692 -1.569 0.738 0 0
693 -1.581 0.743 0 0
694 -1.582 0.744 0 0
695 -1.577 0.742 0 0
696 -1.587 0.740 0 0
697 -1.582 0.739 1 1
698 -1.578 0.735 1 1
699 -1.575 0.737 1 1
700 -1.574 0.736 0 0
701 -1.584 0.741 0 0
702 -1.590 0.742 0 0
703 -1.593 0.743 0 0
704 -1.589 0.742 0 0
705 -1.580 0.741 0 0
706 -1.594 0.740 0 0
707 -1.594 0.742 1 1
708 -1.598 0.745 1 1
709 -1.591 0.747 1 1
710 -1.600 0.751 0 0
711 -1.607 0.754 0 0
712 -1.601 0.751 0 0
713 -1.605 0.753 0 0
714 -1.600 0.752 1 1
715 -1.598 0.757 1 1
716 -1.592 0.754 1 1
717 -1.586 0.753 0 0
718 -1.596 0.751 0 0
719 -1.598 0.751 0 0
720 -1.597 0.751 1 1
721 -1.591 0.747 1 1
722 -1.591 0.749 0 0
723 -1.592 0.747 1 1
724 -1.597 0.754 1 1
725 -1.598 0.753 1 1
726 -1.601 0.755 1 1
727 -1.604 0.759 1 1
728 -1.591 0.753 1 1
729 -1.585 0.749 1 1
730 -1.584 0.750 1 1
731 -1.577 0.751 1 1
732 -1.581 0.754 1 1
733 -1.582 0.755 1 1
734 -1.575 0.754 1 1
735 -1.573 0.753 1 1
736 -1.564 0.751 1 1
737 -1.575 0.752 1 1
738 -1.570 0.753 0 0
739 -1.566 0.754 0 0
740 -1.568 0.753 0 0
741 -1.560 0.754 0 0
742 -1.564 0.753 0 0
743 -1.579 0.756 0 0
744 -1.579 0.756 0 0
745 -1.575 0.752 0 0
746 -1.571 0.748 0 0
747 -1.571 0.749 0 0
748 -1.566 0.747 0 0
749 -1.570 0.745 0 0
750 -1.580 0.750 0 0
751 -1.573 0.753 0 0
752 -1.574 0.756 1 1
753 -1.573 0.756 1 1
754 -1.578 0.754 1 1
755 -1.575 0.752 1 1
756 -1.576 0.748 1 1
757 -1.582 0.751 1 1
758 -1.577 0.747 1 1
759 -1.578 0.744 1 1
760 -1.581 0.747 0 0
761 -1.576 0.744 0 0
762 -1.574 0.742 0 0
763 -1.563 0.738 0 0
764 -1.560 0.735 0 0
765 -1.559 0.734 0 0
766 -1.554 0.732 0 0
767 -1.570 0.732 0 0
768 -1.572 0.733 0 0
769 -1.571 0.734 0 0
770 -1.576 0.742 0 0
771 -1.578 0.739 0 0
772 -1.580 0.742 0 0
773 -1.594 0.746 0 0
774 -1.608 0.751 0 0
775 -1.607 0.751 0 0
776 -1.601 0.751 0 0
777 -1.597 0.749 0 0
778 -1.594 0.750 0 0
779 -1.604 0.753 0 0
780 -1.595 0.755 0 0
781 -1.596 0.757 0 0
782 -1.589 0.754 0 0
783 -1.597 0.755 1 1
784 -1.597 0.758 1 1
785 -1.591 0.754 0 0
786 -1.600 0.756 0 0
787 -1.590 0.754 0 0
788 -1.584 0.754 0 0
789 -1.584 0.754 0 0
790 -1.580 0.751 0 0
791 -1.584 0.755 0 0
792 -1.584 0.751 1 1
793 -1.595 0.755 1 1
794 -1.598 0.757 1 1
795 -1.595 0.754 1 1
796 -1.595 0.755 1 1
797 -1.598 0.753 1 1
798 -1.601 0.750 1 1
799 -1.604 0.751 1 1
800 -1.600 0.750 0 0
801 -1.595 0.747 1 1
802 -1.598 0.750 1 1
803 -1.597 0.751 0 0
804 -1.594 0.750 0 0
805 -1.587 0.748 0 0
806 -1.588 0.751 0 0
807 -1.574 0.750 0 0
808 -1.578 0.749 0 0
809 -1.590 0.754 0 0
810 -1.598 0.754 0 0
811 -1.587 0.751 0 0
812 -1.580 0.750 1 1
813 -1.576 0.747 1 1
814 -1.587 0.749 0 0
815 -1.588 0.749 0 0
816 -1.592 0.750 0 0
817 -1.589 0.748 0 0
818 -1.586 0.750 0 0
819 -1.590 0.752 0 0
820 -1.586 0.750 0 0
821 -1.573 0.743 0 0
822 -1.574 0.747 0 0
823 -1.586 0.751 1 1
824 -1.571 0.747 2 2
825 -1.579 0.750 1 1
826 -1.567 0.743 1 1
827 -1.571 0.746 0 0
828 -1.577 0.747 0 0
829 -1.580 0.748 0 0
830 -1.583 0.751 0 0
831 -1.581 0.747 0 0
832 -1.589 0.749 0 0
833 -1.581 0.746 0 0
834 -1.589 0.748 0 0
835 -1.592 0.750 0 0
836 -1.594 0.749 0 0
837 -1.586 0.747 0 0
838 -1.578 0.746 1 1
839 -1.578 0.747 1 1
840 -1.565 0.741 1 1
841 -1.550 0.736 1 1
842 -1.544 0.736 1 1
843 -1.544 0.736 1 1
844 -1.550 0.739 1 1
845 -1.551 0.738 1 1
846 -1.555 0.735 1 1
847 -1.557 0.734 0 0
848 -1.556 0.734 0 0
849 -1.575 0.740 0 0
850 -1.581 0.739 0 0
851 -1.582 0.736 0 0
852 -1.593 0.738 0 0
853 -1.591 0.737 0 0
854 -1.592 0.734 0 0
855 -1.594 0.734 0 0
856 -1.584 0.732 0 0
857 -1.591 0.734 0 0
858 -1.588 0.737 0 0
859 -1.592 0.742 0 0
860 -1.590 0.742 0 0
861 -1.601 0.746 1 1
862 -1.609 0.750 1 1
863 -1.613 0.752 1 1
864 -1.609 0.752 0 0
865 -1.603 0.751 0 0
866 -1.605 0.747 0 0
867 -1.609 0.748 0 0
868 -1.610 0.743 0 0
869 -1.606 0.739 0 0
870 -1.606 0.737 0 0
871 -1.602 0.736 1 1
872 -1.603 0.734 1 1
873 -1.595 0.729 1 1
874 -1.588 0.731 1 1
875 -1.590 0.733 1 1
876 -1.585 0.733 2 2
877 -1.582 0.733 2 2
878 -1.584 0.734 2 2
879 -1.580 0.734 2 2
880 -1.584 0.731 1 1
881 -1.587 0.734 1 1
882 -1.588 0.732 1 1
883 -1.589 0.729 1 1
884 -1.574 0.727 1 1
885 -1.578 0.725 0 0
886 -1.578 0.719 0 0
887 -1.574 0.715 0 0
888 -1.584 0.714 0 0
889 -1.586 0.715 0 0
890 -1.587 0.714 0 0
891 -1.587 0.715 0 0
892 -1.592 0.713 0 0
893 -1.590 0.710 0 0
894 -1.590 0.710 0 0
895 -1.583 0.706 1 1
896 -1.593 0.707 1 1
897 -1.606 0.710 1 1
898 -1.617 0.708 0 0
899 -1.615 0.706 0 0
900 -1.609 0.703 0 0
901 -1.607 0.704 0 0
902 -1.607 0.704 0 0
903 -1.612 0.710 0 0
904 -1.603 0.712 1 1
905 -1.605 0.717 1 1
906 -1.616 0.717 0 0
907 -1.619 0.719 0 0
908 -1.612 0.715 0 0
909 -1.607 0.711 0 0
910 -1.608 0.714 0 0
911 -1.613 0.720 0 0
912 -1.616 0.720 1 1
913 -1.617 0.720 1 1
914 -1.615 0.718 1 1
915 -1.615 0.717 0 0
916 -1.614 0.722 0 0
917 -1.617 0.722 0 0
918 -1.624 0.730 0 0
919 -1.615 0.729 0 0
920 -1.616 0.724 0 0
921 -1.621 0.721 0 0
922 -1.619 0.720 0 0
923 -1.619 0.722 0 0
924 -1.623 0.725 0 0
925 -1.616 0.725 0 0
926 -1.613 0.724 0 0
927 -1.618 0.726 0 0
928 -1.616 0.728 0 0
929 -1.611 0.727 0 0
930 -1.611 0.726 0 0
931 -1.616 0.727 0 0
932 -1.608 0.726 0 0
933 -1.606 0.727 0 0
934 -1.598 0.728 0 0
935 -1.592 0.727 0 0
936 -1.591 0.723 0 0
937 -1.599 0.722 1 1
938 -1.608 0.721 0 0
939 -1.603 0.721 0 0
940 -1.604 0.724 0 0
941 -1.592 0.724 0 0
942 -1.593 0.724 1 1
943 -1.598 0.727 1 1
944 -1.598 0.728 2 2
945 -1.601 0.732 2 2
946 -1.595 0.732 3 3
947 -1.603 0.736 2 2
948 -1.596 0.734 1 1
949 -1.589 0.732 2 2
950 -1.592 0.735 1 1
951 -1.597 0.734 1 1
952 -1.604 0.738 1 1
953 -1.592 0.739 1 1
954 -1.589 0.738 1 1
955 -1.587 0.733 1 1
956 -1.593 0.734 1 1
957 -1.579 0.729 0 0
958 -1.579 0.729 0 0
959 -1.581 0.733 0 0
960 -1.574 0.734 0 0
961 -1.581 0.738 0 0
962 -1.576 0.735 1 1
963 -1.576 0.738 1 1
964 -1.585 0.738 0 0
965 -1.588 0.734 0 0
966 -1.594 0.737 0 0
967 -1.589 0.735 0 0
968 -1.588 0.733 0 0
969 -1.595 0.737 0 0
970 -1.603 0.739 0 0
971 -1.611 0.741 0 0
972 -1.612 0.740 0 0
973 -1.621 0.738 0 0
974 -1.610 0.733 0 0
975 -1.602 0.726 0 0
976 -1.610 0.725 0 0
977 -1.614 0.725 0 0
978 -1.601 0.715 0 0
979 -1.604 0.713 0 0
980 -1.601 0.712 0 0
981 -1.590 0.704 0 0
982 -1.609 0.709 0 0
983 -1.599 0.705 0 0
984 -1.596 0.703 0 0
985 -1.597 0.706 0 0
986 -1.585 0.703 0 0
987 -1.592 0.705 0 0
988 -1.588 0.700 0 0
989 -1.597 0.706 0 0
990 -1.594 0.707 0 0
991 -1.587 0.706 0 0
992 -1.585 0.709 0 0
993 -1.586 0.708 0 0
994 -1.591 0.707 0 0
995 -1.591 0.711 0 0
996 -1.590 0.714 0 0
997 -1.589 0.712 0 0
998 -1.594 0.713 0 0
999 -1.600 0.716 0 0
1000 -1.602 0.716 0 0
metropolis_sampling>
Collected 1000 samples

<final_statistics_metadata
energy=-1.593838
magnetization=0.738440
vortex_positive=0.359
vortex_negative=0.359
final_statistics_metadata>

<final_field_values
0.176 0.093 0.172 0.102 0.066 0.128 0.232 0.183 0.128 0.101 0.182 0.329 0.306 0.285 0.292 0.451 0.406 0.393 0.421 0.481 0.494 0.565 0.493 0.452 0.390 0.288 0.236 0.213 0.137 0.190 0.238 0.254 
0.031 0.051 0.257 0.106 0.251 0.224 0.233 0.292 0.212 0.251 0.099 0.259 0.293 0.158 0.187 0.436 0.426 0.489 0.496 0.576 0.678 0.463 0.439 0.547 0.404 0.403 0.297 0.307 0.133 0.260 0.184 0.316 
0.393 0.232 0.322 0.226 0.221 0.258 0.305 0.359 0.202 0.278 0.279 0.281 0.247 0.265 0.303 0.304 0.415 0.517 0.489 0.469 0.515 0.340 0.555 0.628 0.423 0.236 0.217 0.207 0.046 0.126 0.252 0.451 
0.264 0.320 0.220 0.247 0.270 0.111 0.306 0.311 0.208 0.252 0.197 0.367 0.409 0.175 0.167 0.297 0.353 0.251 0.371 0.406 0.464 0.437 0.623 0.481 0.427 0.238 0.023 0.174 0.079 0.082 0.105 0.337 
0.215 0.299 0.188 0.166 0.234 0.152 0.281 0.300 0.296 0.376 0.147 0.272 0.252 0.314 0.110 0.214 0.278 0.202 0.338 0.237 0.349 0.532 0.498 0.337 0.350 0.433 0.192 0.171 0.116 0.124 0.170 0.233 
0.057 0.086 0.266 0.085 0.059 0.122 0.191 0.154 0.301 0.124 0.171 0.304 0.339 0.302 0.229 0.199 0.249 0.268 0.430 0.401 0.272 0.444 0.388 0.334 0.332 0.450 0.196 0.119 0.148 0.347 0.237 0.267 
0.139 0.016 0.096 0.066 0.167 0.096 0.170 0.139 0.366 0.115 0.264 0.310 0.285 0.215 0.176 0.200 0.153 0.468 0.388 0.365 0.500 0.497 0.348 0.410 0.386 0.356 0.287 0.295 0.346 0.359 0.369 0.278 
0.163 0.131 0.131 0.019 0.067 0.185 0.073 0.016 0.191 0.190 0.292 0.330 0.249 0.297 0.256 0.378 0.298 0.356 0.472 0.291 0.187 0.307 0.364 0.366 0.275 0.340 0.286 0.258 0.177 0.250 0.341 0.173 
0.132 0.244 0.122 0.157 0.194 0.159 0.115 0.052 0.178 0.154 0.092 0.143 0.143 0.260 0.197 0.301 0.338 0.309 0.324 0.302 0.123 0.318 0.367 0.381 0.361 0.289 0.392 0.435 0.196 0.161 0.052 0.086 
0.178 0.010 0.104 0.110 0.240 0.171 0.025 0.112 0.156 0.338 0.293 0.173 0.198 0.347 0.234 0.248 0.221 0.351 0.277 0.392 0.361 0.285 0.454 0.414 0.389 0.350 0.427 0.568 0.162 0.156 0.101 0.157 
0.351 0.130 0.244 0.157 0.212 0.315 0.106 0.147 0.076 0.153 0.146 0.243 0.129 0.275 0.397 0.324 0.390 0.397 0.402 0.298 0.465 0.509 0.371 0.357 0.399 0.406 0.372 0.227 0.179 0.154 0.147 0.242 
0.224 0.086 0.121 0.063 0.206 0.395 0.333 0.204 0.122 0.113 0.134 0.104 0.183 0.152 0.340 0.334 0.230 0.252 0.383 0.371 0.363 0.593 0.430 0.413 0.428 0.315 0.253 0.324 0.245 0.183 0.191 0.230 
0.189 0.184 0.236 0.197 0.277 0.318 0.212 0.105 0.119 0.103 0.088 0.094 0.334 0.340 0.306 0.357 0.344 0.198 0.377 0.380 0.259 0.239 0.353 0.230 0.221 0.366 0.434 0.368 0.212 0.295 0.158 0.338 
0.253 0.174 0.247 0.227 0.244 0.309 0.192 0.225 0.078 0.003 0.176 0.157 0.230 0.253 0.208 0.298 0.286 0.224 0.234 0.283 0.226 0.463 0.426 0.093 0.205 0.272 0.318 0.424 0.271 0.355 0.314 0.341 
0.309 0.240 0.228 0.404 0.218 0.169 0.068 0.120 0.155 0.011 0.207 0.092 0.267 0.187 0.189 0.346 0.245 0.129 0.172 0.362 0.264 0.430 0.234 0.934 0.185 0.210 0.377 0.596 0.485 0.410 0.317 0.229 
0.110 0.188 0.166 0.148 0.139 0.182 0.161 0.175 0.216 0.032 0.175 0.164 0.368 0.224 0.219 0.442 0.293 0.322 0.243 0.421 0.307 0.454 0.165 0.331 0.257 0.250 0.249 0.228 0.405 0.221 0.179 0.131 
0.014 0.034 0.108 0.222 0.280 0.245 0.197 0.273 0.203 0.118 0.178 0.267 0.345 0.437 0.389 0.432 0.292 0.201 0.444 0.313 0.309 0.395 0.429 0.404 0.392 0.145 0.369 0.416 0.350 0.277 0.252 0.096 
0.296 0.271 0.385 0.334 0.410 0.224 0.214 0.149 0.087 0.170 0.121 0.294 0.355 0.385 0.521 0.389 0.374 0.394 0.370 0.216 0.410 0.398 0.383 0.376 0.423 0.239 0.147 0.271 0.348 0.144 0.217 0.217 
0.422 0.328 0.335 0.460 0.463 0.284 0.258 0.110 0.167 0.097 0.204 0.362 0.379 0.361 0.309 0.308 0.377 0.533 0.529 0.283 0.372 0.400 0.451 0.185 0.276 0.332 0.191 0.249 0.332 0.339 0.286 0.303 
0.356 0.350 0.331 0.329 0.385 0.182 0.221 0.278 0.092 0.230 0.250 0.365 0.325 0.436 0.352 0.318 0.394 0.335 0.361 0.327 0.416 0.361 0.294 0.238 0.239 0.466 0.271 0.345 0.382 0.247 0.363 0.417 
0.248 0.248 0.214 0.247 0.295 0.353 0.062 0.215 0.188 0.411 0.158 0.267 0.377 0.279 0.319 0.343 0.328 0.269 0.433 0.250 0.264 0.480 0.336 0.464 0.386 0.425 0.312 0.386 0.436 0.276 0.380 0.543 
0.430 0.296 0.277 0.334 0.354 0.303 0.296 0.305 0.156 0.223 0.211 0.163 0.341 0.176 0.363 0.360 0.366 0.330 0.363 0.357 0.386 0.517 0.392 0.496 0.438 0.361 0.301 0.441 0.399 0.345 0.409 0.515 
0.223 0.202 0.136 0.174 0.363 0.379 0.202 0.285 0.119 0.283 0.259 0.111 0.307 0.324 0.373 0.411 0.278 0.444 0.418 0.569 0.546 0.374 0.302 0.405 0.279 0.169 0.344 0.440 0.307 0.264 0.371 0.262 
0.203 0.156 0.316 0.232 0.234 0.115 0.195 0.194 0.138 0.163 0.229 0.245 0.218 0.433 0.282 0.387 0.493 0.566 0.582 0.668 0.527 0.454 0.299 0.298 0.381 0.266 0.291 0.399 0.352 0.324 0.242 0.239 
0.245 0.050 0.996 0.022 0.243 0.086 0.068 0.047 0.194 0.249 0.399 0.235 0.304 0.267 0.253 0.442 0.518 0.518 0.608 0.563 0.500 0.485 0.299 0.437 0.358 0.333 0.326 0.374 0.419 0.423 0.407 0.376 
0.119 0.110 0.219 0.063 0.173 0.132 0.118 0.165 0.202 0.297 0.334 0.376 0.297 0.351 0.308 0.438 0.478 0.514 0.405 0.489 0.414 0.520 0.428 0.349 0.440 0.531 0.279 0.366 0.399 0.384 0.313 0.024 
0.047 0.065 0.194 0.171 0.384 0.233 0.112 0.090 0.221 0.175 0.248 0.477 0.476 0.438 0.479 0.473 0.518 0.478 0.415 0.546 0.447 0.404 0.459 0.276 0.500 0.533 0.494 0.348 0.276 0.342 0.113 0.072 
0.985 0.121 0.105 0.137 0.225 0.333 0.204 0.280 0.281 0.171 0.117 0.353 0.339 0.438 0.361 0.378 0.259 0.419 0.435 0.677 0.416 0.366 0.537 0.468 0.452 0.419 0.466 0.306 0.133 0.140 0.141 0.156 
0.074 0.139 0.132 0.168 0.258 0.225 0.256 0.227 0.126 0.082 0.128 0.254 0.434 0.518 0.567 0.539 0.405 0.311 0.398 0.513 0.468 0.432 0.492 0.311 0.456 0.554 0.316 0.296 0.359 0.209 0.057 0.003 
0.223 0.265 0.305 0.253 0.240 0.233 0.273 0.338 0.134 0.049 0.156 0.361 0.371 0.463 0.399 0.384 0.378 0.425 0.395 0.560 0.473 0.545 0.513 0.437 0.327 0.201 0.424 0.424 0.316 0.324 0.256 0.240 
0.126 0.117 0.079 0.152 0.239 0.175 0.146 0.106 0.996 0.083 0.114 0.373 0.366 0.400 0.339 0.407 0.294 0.356 0.499 0.437 0.641 0.458 0.418 0.486 0.259 0.243 0.278 0.250 0.175 0.245 0.237 0.211 
0.279 0.285 0.175 0.409 0.194 0.220 0.250 0.146 0.136 0.092 0.098 0.285 0.301 0.390 0.364 0.479 0.416 0.368 0.463 0.553 0.562 0.481 0.375 0.248 0.150 0.162 0.164 0.121 0.157 0.178 0.369 0.294 
final_field_values>
