beta_min=0.1, beta_max=2.0, beta_step=0.1, nsamples=5000, nx=32, ny=32

<beta_sweep_results
0.10 -0.102051 0.028510 159.251 159.251
0.15 -0.151493 0.030569 153.032 153.032
0.20 -0.203642 0.038222 145.793 145.793
0.25 -0.251661 0.036438 141.618 141.618
0.30 -0.311853 0.038500 133.214 133.214
0.35 -0.366787 0.039954 125.079 125.079
0.40 -0.423626 0.049255 118.064 118.064
0.45 -0.476627 0.047257 110.237 110.237
0.50 -0.544653 0.038479 102.396 102.396
0.55 -0.616431 0.064272 92.379 92.379
0.60 -0.682164 0.063471 83.525 83.525
0.65 -0.752422 0.058707 74.142 74.142
0.70 -0.823166 0.069459 64.714 64.714
0.75 -0.905616 0.097767 54.936 54.936
0.80 -0.974463 0.101391 46.592 46.592
0.85 -1.067869 0.116588 35.979 35.979
0.90 -1.196318 0.477153 22.451 22.451
0.95 -1.232629 0.320971 19.768 19.768
1.00 -1.308513 0.368595 13.347 13.347
1.05 -1.368834 0.542521 8.645 8.645
1.10 -1.431780 0.643886 4.915 4.915
1.15 -1.465139 0.686120 3.710 3.710
1.20 -1.500673 0.684424 2.318 2.318
1.25 -1.530529 0.731245 1.487 1.487
1.30 -1.547733 0.703564 1.207 1.207
1.35 -1.563848 0.679737 1.345 1.345
1.40 -1.593917 0.780249 0.362 0.362
1.45 -1.609419 0.741718 0.362 0.362
1.50 -1.623563 0.777565 0.301 0.301
1.55 -1.621191 0.686078 1.118 1.118
1.60 -1.631861 0.087531 0.167 0.167
1.65 -1.663981 0.771595 0.087 0.087
1.70 -1.674727 0.796946 0.087 0.087
1.75 -1.684998 0.796388 0.054 0.054
1.80 -1.695396 0.816109 0.030 0.030
1.85 -1.703746 0.817948 0.021 0.021
1.90 -1.715344 0.839998 0.010 0.010
1.95 -1.721646 0.841506 0.007 0.007
2.00 -1.729758 0.835804 0.011 0.011
beta_sweep_results>
