beta_min=0.1, beta_max=2.0, beta_step=0.1, nsamples=5000, nx=32, ny=32

<beta_sweep_results
0.10 -0.102207 0.028532 159.048 159.048
0.15 -0.151752 0.030591 153.012 153.012
0.20 -0.204183 0.038414 145.744 145.744
0.25 -0.251763 0.036327 141.368 141.368
0.30 -0.312053 0.038579 133.022 133.022
0.35 -0.366730 0.039845 125.388 125.388
0.40 -0.423244 0.049559 117.772 117.772
0.45 -0.476252 0.046899 110.090 110.090
0.50 -0.545015 0.038631 102.438 102.438
0.55 -0.617009 0.064389 92.462 92.462
0.60 -0.682219 0.063417 83.486 83.486
0.65 -0.752750 0.058539 74.162 74.162
0.70 -0.822968 0.069217 64.622 64.622
0.75 -0.905404 0.097688 55.062 55.062
0.80 -0.974355 0.101721 46.656 46.656
0.85 -1.067265 0.116191 36.130 36.130
0.90 -1.196368 0.477031 22.482 22.482
0.95 -1.232412 0.320829 19.750 19.750
1.00 -1.309052 0.368695 13.414 13.414
1.05 -1.369274 0.542585 8.644 8.644
1.10 -1.431469 0.643534 4.922 4.922
1.15 -1.465326 0.686315 3.726 3.726
1.20 -1.500861 0.684521 2.370 2.370
1.25 -1.530474 0.731202 1.550 1.550
1.30 -1.547891 0.703600 1.180 1.180
1.35 -1.564224 0.679614 1.326 1.326
1.40 -1.593968 0.780323 0.362 0.362
1.45 -1.609534 0.741890 0.364 0.364
1.50 -1.623950 0.777514 0.288 0.288
1.55 -1.621220 0.685889 1.092 1.092
1.60 -1.631371 0.087562 0.160 0.160
1.65 -1.663696 0.771697 0.086 0.086
1.70 -1.674786 0.797042 0.096 0.096
1.75 -1.685100 0.796369 0.042 0.042
1.80 -1.695468 0.816105 0.032 0.032
1.85 -1.704558 0.818198 0.012 0.012
1.90 -1.715326 0.839994 0.012 0.012
1.95 -1.721624 0.841518 0.008 0.008
2.00 -1.729286 0.835625 0.012 0.012
beta_sweep_results>
