nsamples=5000, nx=32, ny=32
<beta_sweep_results
0.10 -0.102458 0.029786 159.284 159.284
0.15 -0.153013 0.032357 153.611 153.611
0.20 -0.200842 0.033941 147.563 147.563
0.25 -0.255683 0.036926 140.340 140.340
0.30 -0.309763 0.040059 133.233 133.233
0.35 -0.366852 0.043685 125.317 125.317
0.40 -0.420801 0.046518 118.051 118.051
0.45 -0.485748 0.050683 109.173 109.173
0.50 -0.545813 0.053922 101.249 101.249
0.55 -0.612511 0.069728 91.988 91.988
0.60 -0.680917 0.076838 82.931 82.931
0.65 -0.753452 0.082793 73.421 73.421
0.70 -0.828016 0.095692 64.321 64.321
0.75 -0.911465 0.119666 53.809 53.809
0.80 -0.996959 0.171571 43.989 43.989
0.85 -1.069864 0.150033 35.975 35.975
0.90 -1.161626 0.258966 26.398 26.398
0.95 -1.251459 0.410279 17.808 17.808
1.00 -1.330823 0.559983 11.145 11.145
1.05 -1.388453 0.627670 7.286 7.286
1.10 -1.425240 0.606812 5.478 5.478
1.15 -1.468172 0.673797 3.430 3.430
1.20 -1.500271 0.708900 2.281 2.281
1.25 -1.525757 0.710032 1.650 1.650
1.30 -1.551138 0.732107 1.066 1.066
1.35 -1.564945 0.677500 1.276 1.276
1.40 -1.589844 0.746179 0.620 0.620
1.45 -1.610158 0.775912 0.367 0.367
1.50 -1.624748 0.777942 0.247 0.247
1.55 -1.639207 0.787124 0.174 0.174
1.60 -1.653260 0.796096 0.109 0.109
1.65 -1.664884 0.805950 0.083 0.083
1.70 -1.675423 0.804922 0.048 0.048
1.75 -1.685955 0.814834 0.067 0.067
1.80 -1.696104 0.817114 0.023 0.023
1.85 -1.705658 0.824741 0.019 0.019
1.90 -1.714239 0.833415 0.016 0.016
1.95 -1.722367 0.837396 0.011 0.011
2.00 -1.730031 0.840830 0.006 0.006
beta_sweep_results>
